TN:
SF:src/server.ts
FN:23,main
FN:66,(anonymous_2)
FN:76,(anonymous_3)
FN:284,(anonymous_4)
FN:288,(anonymous_5)
FN:300,(anonymous_6)
FN:331,(anonymous_7)
FN:332,(anonymous_8)
FN:335,(anonymous_9)
FN:341,(anonymous_10)
FNF:10
FNH:0
FNDA:0,main
FNDA:0,(anonymous_2)
FNDA:0,(anonymous_3)
FNDA:0,(anonymous_4)
FNDA:0,(anonymous_5)
FNDA:0,(anonymous_6)
FNDA:0,(anonymous_7)
FNDA:0,(anonymous_8)
FNDA:0,(anonymous_9)
FNDA:0,(anonymous_10)
DA:3,0
DA:4,0
DA:5,0
DA:11,0
DA:12,0
DA:13,0
DA:14,0
DA:15,0
DA:16,0
DA:17,0
DA:18,0
DA:19,0
DA:24,0
DA:25,0
DA:26,0
DA:36,0
DA:43,0
DA:46,0
DA:47,0
DA:48,0
DA:50,0
DA:55,0
DA:66,0
DA:67,0
DA:68,0
DA:71,0
DA:72,0
DA:76,0
DA:77,0
DA:78,0
DA:80,0
DA:82,0
DA:83,0
DA:93,0
DA:94,0
DA:104,0
DA:105,0
DA:115,0
DA:116,0
DA:126,0
DA:127,0
DA:137,0
DA:138,0
DA:148,0
DA:149,0
DA:159,0
DA:160,0
DA:170,0
DA:171,0
DA:181,0
DA:182,0
DA:192,0
DA:193,0
DA:203,0
DA:204,0
DA:214,0
DA:215,0
DA:225,0
DA:226,0
DA:236,0
DA:237,0
DA:247,0
DA:248,0
DA:258,0
DA:259,0
DA:269,0
DA:270,0
DA:280,0
DA:284,0
DA:288,0
DA:292,0
DA:293,0
DA:295,0
DA:298,0
DA:300,0
DA:301,0
DA:302,0
DA:303,0
DA:306,0
DA:307,0
DA:309,0
DA:311,0
DA:312,0
DA:315,0
DA:316,0
DA:319,0
DA:320,0
DA:322,0
DA:323,0
DA:325,0
DA:326,0
DA:331,0
DA:332,0
DA:335,0
DA:336,0
DA:337,0
DA:341,0
DA:342,0
DA:343,0
DA:346,0
DA:347,0
DA:351,0
LF:102
LH:0
BRDA:51,0,0,0
BRDA:51,0,1,0
BRDA:80,1,0,0
BRDA:80,1,1,0
BRDA:80,1,2,0
BRDA:80,1,3,0
BRDA:80,1,4,0
BRDA:80,1,5,0
BRDA:80,1,6,0
BRDA:80,1,7,0
BRDA:80,1,8,0
BRDA:80,1,9,0
BRDA:80,1,10,0
BRDA:80,1,11,0
BRDA:80,1,12,0
BRDA:80,1,13,0
BRDA:80,1,14,0
BRDA:80,1,15,0
BRDA:80,1,16,0
BRDA:80,1,17,0
BRDA:80,1,18,0
BRDA:301,2,0,0
BRF:22
BRH:0
end_of_record
TN:
SF:src/config/config.ts
FN:43,loadConfig
FN:76,(anonymous_2)
FN:87,getConfig
FNF:3
FNH:0
FNDA:0,loadConfig
FNDA:0,(anonymous_2)
FNDA:0,getConfig
DA:1,0
DA:2,0
DA:5,0
DA:8,0
DA:43,0
DA:44,0
DA:71,0
DA:72,0
DA:74,0
DA:75,0
DA:76,0
DA:78,0
DA:80,0
DA:87,0
DA:88,0
DA:89,0
LF:16
LH:0
BRDA:48,0,0,0
BRDA:48,0,1,0
BRDA:51,1,0,0
BRDA:51,1,1,0
BRDA:54,2,0,0
BRDA:54,2,1,0
BRDA:57,3,0,0
BRDA:57,3,1,0
BRDA:74,4,0,0
BRF:9
BRH:0
end_of_record
TN:
SF:src/config/index.ts
FN:76,loadConfig
FN:151,(anonymous_2)
FN:162,isProduction
FN:166,isDevelopment
FN:170,isFeatureEnabled
FNF:5
FNH:1
FNDA:3,loadConfig
FNDA:0,(anonymous_2)
FNDA:0,isProduction
FNDA:0,isDevelopment
FNDA:0,isFeatureEnabled
DA:1,3
DA:2,3
DA:3,3
DA:6,3
DA:9,3
DA:77,3
DA:144,3
DA:145,3
DA:147,0
DA:148,0
DA:149,0
DA:150,0
DA:151,0
DA:154,0
DA:159,3
DA:162,3
DA:163,0
DA:166,3
DA:167,0
DA:170,3
DA:171,0
DA:175,3
LF:22
LH:13
BRDA:82,0,0,0
BRDA:82,0,1,3
BRDA:85,1,0,0
BRDA:85,1,1,3
BRDA:88,2,0,0
BRDA:88,2,1,3
BRDA:91,3,0,0
BRDA:91,3,1,3
BRDA:92,4,0,0
BRDA:92,4,1,3
BRDA:95,5,0,0
BRDA:95,5,1,3
BRDA:117,6,0,0
BRDA:117,6,1,3
BRDA:118,7,0,0
BRDA:118,7,1,3
BRDA:123,8,0,0
BRDA:123,8,1,3
BRDA:126,9,0,0
BRDA:126,9,1,3
BRDA:129,10,0,0
BRDA:129,10,1,3
BRDA:135,11,0,0
BRDA:135,11,1,3
BRDA:138,12,0,0
BRDA:138,12,1,3
BRDA:147,13,0,0
BRF:27
BRH:13
end_of_record
TN:
SF:src/config/timeouts.ts
FN:16,createOperationTimeoutConfig
FN:29,(anonymous_1)
FNF:2
FNH:0
FNDA:0,createOperationTimeoutConfig
FNDA:0,(anonymous_1)
DA:16,0
DA:17,0
DA:27,0
DA:30,0
DA:32,0
DA:33,0
DA:35,0
DA:36,0
DA:38,0
DA:39,0
DA:41,0
DA:42,0
DA:44,0
DA:45,0
DA:47,0
DA:48,0
DA:51,0
LF:17
LH:0
BRDA:32,0,0,0
BRDA:32,1,0,0
BRDA:32,1,1,0
BRDA:35,2,0,0
BRDA:38,3,0,0
BRDA:41,4,0,0
BRDA:44,5,0,0
BRDA:44,6,0,0
BRDA:44,6,1,0
BRDA:47,7,0,0
BRF:10
BRH:0
end_of_record
TN:
SF:src/core/batch-processor.ts
FN:58,(anonymous_0)
FN:88,(anonymous_1)
FN:97,(anonymous_2)
FN:128,(anonymous_3)
FN:139,(anonymous_4)
FN:143,(anonymous_5)
FN:158,(anonymous_6)
FN:163,(anonymous_7)
FN:170,(anonymous_8)
FN:178,(anonymous_9)
FN:183,(anonymous_10)
FN:207,(anonymous_11)
FN:224,(anonymous_12)
FN:233,(anonymous_13)
FN:247,(anonymous_14)
FN:248,(anonymous_15)
FN:251,(anonymous_16)
FN:266,(anonymous_17)
FN:267,(anonymous_18)
FN:355,(anonymous_19)
FN:383,(anonymous_20)
FN:387,(anonymous_21)
FN:389,(anonymous_22)
FN:392,(anonymous_23)
FN:395,(anonymous_24)
FN:400,(anonymous_25)
FN:404,(anonymous_26)
FN:412,(anonymous_27)
FN:421,(anonymous_28)
FN:425,(anonymous_29)
FN:439,(anonymous_30)
FN:453,(anonymous_31)
FN:461,(anonymous_32)
FN:465,(anonymous_33)
FN:493,(anonymous_34)
FN:512,(anonymous_35)
FN:522,(anonymous_36)
FN:528,(anonymous_37)
FN:534,(anonymous_38)
FNF:39
FNH:0
FNDA:0,(anonymous_0)
FNDA:0,(anonymous_1)
FNDA:0,(anonymous_2)
FNDA:0,(anonymous_3)
FNDA:0,(anonymous_4)
FNDA:0,(anonymous_5)
FNDA:0,(anonymous_6)
FNDA:0,(anonymous_7)
FNDA:0,(anonymous_8)
FNDA:0,(anonymous_9)
FNDA:0,(anonymous_10)
FNDA:0,(anonymous_11)
FNDA:0,(anonymous_12)
FNDA:0,(anonymous_13)
FNDA:0,(anonymous_14)
FNDA:0,(anonymous_15)
FNDA:0,(anonymous_16)
FNDA:0,(anonymous_17)
FNDA:0,(anonymous_18)
FNDA:0,(anonymous_19)
FNDA:0,(anonymous_20)
FNDA:0,(anonymous_21)
FNDA:0,(anonymous_22)
FNDA:0,(anonymous_23)
FNDA:0,(anonymous_24)
FNDA:0,(anonymous_25)
FNDA:0,(anonymous_26)
FNDA:0,(anonymous_27)
FNDA:0,(anonymous_28)
FNDA:0,(anonymous_29)
FNDA:0,(anonymous_30)
FNDA:0,(anonymous_31)
FNDA:0,(anonymous_32)
FNDA:0,(anonymous_33)
FNDA:0,(anonymous_34)
FNDA:0,(anonymous_35)
FNDA:0,(anonymous_36)
FNDA:0,(anonymous_37)
FNDA:0,(anonymous_38)
DA:1,0
DA:2,0
DA:3,0
DA:5,0
DA:48,0
DA:49,0
DA:50,0
DA:53,0
DA:54,0
DA:55,0
DA:56,0
DA:59,0
DA:62,0
DA:64,0
DA:75,0
DA:85,0
DA:97,0
DA:98,0
DA:111,0
DA:112,0
DA:114,0
DA:118,0
DA:124,0
DA:139,0
DA:140,0
DA:144,0
DA:147,0
DA:148,0
DA:152,0
DA:153,0
DA:154,0
DA:158,0
DA:159,0
DA:164,0
DA:165,0
DA:169,0
DA:170,0
DA:171,0
DA:172,0
DA:177,0
DA:178,0
DA:180,0
DA:184,0
DA:185,0
DA:189,0
DA:190,0
DA:193,0
DA:195,0
DA:199,0
DA:201,0
DA:204,0
DA:208,0
DA:209,0
DA:213,0
DA:214,0
DA:217,0
DA:218,0
DA:221,0
DA:225,0
DA:227,0
DA:228,0
DA:230,0
DA:232,0
DA:233,0
DA:237,0
DA:238,0
DA:240,0
DA:246,0
DA:247,0
DA:248,0
DA:251,0
DA:252,0
DA:253,0
DA:258,0
DA:259,0
DA:260,0
DA:261,0
DA:265,0
DA:266,0
DA:267,0
DA:271,0
DA:273,0
DA:274,0
DA:275,0
DA:277,0
DA:279,0
DA:280,0
DA:287,0
DA:288,0
DA:293,0
DA:294,0
DA:295,0
DA:302,0
DA:303,0
DA:310,0
DA:311,0
DA:313,0
DA:314,0
DA:316,0
DA:322,0
DA:325,0
DA:327,0
DA:328,0
DA:329,0
DA:330,0
DA:332,0
DA:336,0
DA:337,0
DA:339,0
DA:345,0
DA:346,0
DA:349,0
DA:350,0
DA:356,0
DA:359,0
DA:360,0
DA:363,0
DA:364,0
DA:366,0
DA:367,0
DA:371,0
DA:372,0
DA:375,0
DA:376,0
DA:377,0
DA:378,0
DA:380,0
DA:384,0
DA:388,0
DA:389,0
DA:393,0
DA:394,0
DA:395,0
DA:401,0
DA:411,0
DA:412,0
DA:422,0
DA:425,0
DA:426,0
DA:429,0
DA:430,0
DA:432,0
DA:434,0
DA:435,0
DA:443,0
DA:445,0
DA:446,0
DA:447,0
DA:448,0
DA:452,0
DA:453,0
DA:454,0
DA:457,0
DA:462,0
DA:472,0
DA:474,0
DA:475,0
DA:476,0
DA:479,0
DA:480,0
DA:483,0
DA:484,0
DA:487,0
DA:488,0
DA:491,0
DA:492,0
DA:493,0
DA:496,0
DA:498,0
DA:499,0
DA:502,0
DA:513,0
DA:516,0
DA:517,0
DA:521,0
DA:522,0
DA:525,0
DA:529,0
DA:530,0
DA:534,0
DA:535,0
DA:538,0
DA:539,0
DA:541,0
LF:184
LH:0
BRDA:60,0,0,0
BRDA:90,1,0,0
BRDA:101,2,0,0
BRDA:101,2,1,0
BRDA:102,3,0,0
BRDA:102,3,1,0
BRDA:105,4,0,0
BRDA:105,4,1,0
BRDA:106,5,0,0
BRDA:106,5,1,0
BRDA:144,6,0,0
BRDA:147,7,0,0
BRDA:152,8,0,0
BRDA:164,9,0,0
BRDA:169,10,0,0
BRDA:171,11,0,0
BRDA:184,12,0,0
BRDA:193,13,0,0
BRDA:193,14,0,0
BRDA:193,14,1,0
BRDA:199,15,0,0
BRDA:208,16,0,0
BRDA:217,17,0,0
BRDA:225,18,0,0
BRDA:225,19,0,0
BRDA:225,19,1,0
BRDA:232,20,0,0
BRDA:258,21,0,0
BRDA:265,22,0,0
BRDA:265,22,1,0
BRDA:277,23,0,0
BRDA:277,23,1,0
BRDA:277,24,0,0
BRDA:277,24,1,0
BRDA:328,25,0,0
BRDA:328,25,1,0
BRDA:349,26,0,0
BRDA:363,27,0,0
BRDA:366,28,0,0
BRDA:377,29,0,0
BRDA:388,30,0,0
BRDA:393,31,0,0
BRDA:446,32,0,0
BRDA:452,33,0,0
BRDA:452,34,0,0
BRDA:452,34,1,0
BRDA:476,35,0,0
BRDA:476,35,1,0
BRDA:479,36,0,0
BRDA:483,37,0,0
BRDA:487,38,0,0
BRDA:493,39,0,0
BRDA:493,39,1,0
BRDA:496,40,0,0
BRDA:496,40,1,0
BRDA:498,41,0,0
BRDA:516,42,0,0
BRDA:516,42,1,0
BRDA:529,43,0,0
BRF:59
BRH:0
end_of_record
TN:
SF:src/core/cache.ts
FN:40,(anonymous_0)
FN:47,(anonymous_1)
FN:78,(anonymous_2)
FN:108,(anonymous_3)
FN:119,(anonymous_4)
FN:132,(anonymous_5)
FN:136,(anonymous_6)
FN:140,(anonymous_7)
FN:145,(anonymous_8)
FN:155,(anonymous_9)
FN:164,(anonymous_10)
FN:174,(anonymous_11)
FN:182,(anonymous_12)
FN:200,(anonymous_13)
FN:209,(anonymous_14)
FN:218,(anonymous_15)
FN:222,(anonymous_16)
FN:231,createCacheStrategy
FN:250,(anonymous_18)
FN:258,(anonymous_19)
FN:273,(anonymous_20)
FN:292,(anonymous_21)
FN:297,(anonymous_22)
FN:302,(anonymous_23)
FN:318,(anonymous_24)
FN:323,(anonymous_25)
FN:342,(anonymous_26)
FN:365,(anonymous_27)
FN:366,(anonymous_28)
FN:389,Cacheable
FN:390,(anonymous_30)
FN:393,(anonymous_31)
FN:396,(anonymous_32)
FNF:33
FNH:20
FNDA:3,(anonymous_0)
FNDA:18,(anonymous_1)
FNDA:12,(anonymous_2)
FNDA:2,(anonymous_3)
FNDA:24,(anonymous_4)
FNDA:2,(anonymous_5)
FNDA:10,(anonymous_6)
FNDA:12,(anonymous_7)
FNDA:18,(anonymous_8)
FNDA:0,(anonymous_9)
FNDA:21,(anonymous_10)
FNDA:12,(anonymous_11)
FNDA:0,(anonymous_12)
FNDA:0,(anonymous_13)
FNDA:0,(anonymous_14)
FNDA:0,(anonymous_15)
FNDA:0,(anonymous_16)
FNDA:3,createCacheStrategy
FNDA:1,(anonymous_18)
FNDA:28,(anonymous_19)
FNDA:18,(anonymous_20)
FNDA:10,(anonymous_21)
FNDA:1,(anonymous_22)
FNDA:25,(anonymous_23)
FNDA:0,(anonymous_24)
FNDA:0,(anonymous_25)
FNDA:2,(anonymous_26)
FNDA:1,(anonymous_27)
FNDA:0,(anonymous_28)
FNDA:0,Cacheable
FNDA:0,(anonymous_30)
FNDA:0,(anonymous_31)
FNDA:0,(anonymous_32)
DA:1,1
DA:2,1
DA:4,1
DA:28,3
DA:30,3
DA:31,3
DA:41,3
DA:48,18
DA:50,18
DA:51,8
DA:52,8
DA:53,8
DA:54,8
DA:58,10
DA:59,1
DA:60,1
DA:61,1
DA:62,1
DA:63,1
DA:67,9
DA:68,9
DA:69,9
DA:71,9
DA:72,9
DA:73,9
DA:75,9
DA:79,12
DA:80,12
DA:83,12
DA:84,0
DA:87,12
DA:97,12
DA:98,12
DA:99,0
DA:102,12
DA:103,12
DA:104,12
DA:105,12
DA:109,2
DA:110,2
DA:111,2
DA:112,2
DA:113,2
DA:114,2
DA:116,0
DA:120,24
DA:121,24
DA:122,24
DA:133,2
DA:137,10
DA:142,12
DA:146,18
DA:147,18
DA:153,3
DA:156,0
DA:158,0
DA:159,0
DA:160,0
DA:161,0
DA:166,21
DA:167,21
DA:168,17
DA:171,21
DA:175,12
DA:176,12
DA:183,0
DA:184,0
DA:186,0
DA:187,0
DA:188,0
DA:189,0
DA:193,0
DA:194,0
DA:195,0
DA:196,0
DA:207,0
DA:210,0
DA:212,0
DA:213,0
DA:214,0
DA:215,0
DA:223,0
DA:224,0
DA:225,0
DA:232,3
DA:234,3
DA:236,0
DA:238,0
DA:240,0
DA:241,0
DA:246,1
DA:247,1
DA:248,1
DA:252,1
DA:253,1
DA:259,28
DA:260,3
DA:261,3
DA:262,3
DA:263,3
DA:269,28
DA:274,18
DA:275,18
DA:277,18
DA:278,2
DA:279,2
DA:280,2
DA:281,2
DA:284,0
DA:285,0
DA:289,18
DA:293,10
DA:294,10
DA:298,1
DA:299,1
DA:303,25
DA:304,25
DA:305,25
DA:306,24
DA:307,24
DA:310,0
DA:311,0
DA:313,0
DA:319,0
DA:320,0
DA:324,0
DA:326,0
DA:327,0
DA:328,0
DA:329,0
DA:330,0
DA:331,0
DA:332,0
DA:333,0
DA:335,0
DA:343,2
DA:344,2
DA:345,2
DA:357,0
DA:358,0
DA:359,0
DA:361,0
DA:366,1
DA:367,0
DA:368,0
DA:370,0
DA:371,0
DA:373,0
DA:374,0
DA:375,0
DA:386,1
DA:389,1
DA:390,0
DA:391,0
DA:393,0
DA:394,0
DA:396,0
DA:397,0
DA:401,0
LF:159
LH:93
BRDA:50,0,0,8
BRDA:58,1,0,1
BRDA:80,2,0,12
BRDA:80,2,1,11
BRDA:83,3,0,12
BRDA:83,3,1,0
BRDA:98,4,0,0
BRDA:110,5,0,2
BRDA:147,6,0,18
BRDA:147,6,1,0
BRDA:156,7,0,0
BRDA:167,8,0,17
BRDA:187,9,0,0
BRDA:193,10,0,0
BRDA:210,11,0,0
BRDA:224,12,0,0
BRDA:232,13,0,3
BRDA:232,13,1,0
BRDA:232,13,2,0
BRDA:232,13,3,0
BRDA:252,14,0,1
BRDA:259,15,0,3
BRDA:260,16,0,3
BRDA:260,16,1,3
BRDA:277,17,0,2
BRDA:277,18,0,18
BRDA:277,18,1,9
BRDA:280,19,0,2
BRDA:299,20,0,1
BRDA:299,20,1,0
BRDA:303,21,0,25
BRDA:303,21,1,0
BRDA:305,22,0,24
BRDA:324,23,0,0
BRDA:324,23,1,0
BRDA:328,24,0,0
BRDA:343,25,0,2
BRDA:345,26,0,2
BRDA:345,26,1,0
BRDA:374,27,0,0
BRF:40
BRH:22
end_of_record
TN:
SF:src/core/circuit-breaker.ts
FN:8,(anonymous_0)
FN:59,(anonymous_1)
FN:71,(anonymous_2)
FN:72,(anonymous_3)
FN:79,(anonymous_4)
FN:121,(anonymous_5)
FN:122,(anonymous_6)
FN:147,(anonymous_7)
FN:176,(anonymous_8)
FN:218,(anonymous_9)
FN:231,(anonymous_10)
FN:235,(anonymous_11)
FN:250,(anonymous_12)
FN:262,(anonymous_13)
FN:277,(anonymous_14)
FN:279,(anonymous_15)
FN:282,(anonymous_16)
FN:285,(anonymous_17)
FN:289,(anonymous_18)
FN:295,(anonymous_19)
FN:299,(anonymous_20)
FN:301,(anonymous_21)
FN:312,(anonymous_22)
FN:316,(anonymous_23)
FN:320,(anonymous_24)
FN:323,(anonymous_25)
FN:339,(anonymous_26)
FN:354,(anonymous_27)
FN:358,(anonymous_28)
FN:367,(anonymous_29)
FN:373,(anonymous_30)
FN:374,(anonymous_31)
FN:375,(anonymous_32)
FN:381,(anonymous_33)
FN:390,(anonymous_34)
FN:400,(anonymous_35)
FN:413,(anonymous_36)
FN:420,(anonymous_37)
FN:427,(anonymous_38)
FN:439,CircuitBreakerProtected
FN:440,(anonymous_40)
FN:443,(anonymous_41)
FN:446,(anonymous_42)
FNF:43
FNH:27
FNDA:1,(anonymous_0)
FNDA:12,(anonymous_1)
FNDA:11,(anonymous_2)
FNDA:7,(anonymous_3)
FNDA:23,(anonymous_4)
FNDA:16,(anonymous_5)
FNDA:0,(anonymous_6)
FNDA:5,(anonymous_7)
FNDA:11,(anonymous_8)
FNDA:11,(anonymous_9)
FNDA:8,(anonymous_10)
FNDA:7,(anonymous_11)
FNDA:1,(anonymous_12)
FNDA:1,(anonymous_13)
FNDA:1,(anonymous_14)
FNDA:2,(anonymous_15)
FNDA:4,(anonymous_16)
FNDA:12,(anonymous_17)
FNDA:16,(anonymous_18)
FNDA:31,(anonymous_19)
FNDA:12,(anonymous_20)
FNDA:0,(anonymous_21)
FNDA:9,(anonymous_22)
FNDA:4,(anonymous_23)
FNDA:5,(anonymous_24)
FNDA:5,(anonymous_25)
FNDA:13,(anonymous_26)
FNDA:3,(anonymous_27)
FNDA:1,(anonymous_28)
FNDA:0,(anonymous_29)
FNDA:0,(anonymous_30)
FNDA:0,(anonymous_31)
FNDA:0,(anonymous_32)
FNDA:0,(anonymous_33)
FNDA:0,(anonymous_34)
FNDA:0,(anonymous_35)
FNDA:0,(anonymous_36)
FNDA:0,(anonymous_37)
FNDA:0,(anonymous_38)
FNDA:0,CircuitBreakerProtected
FNDA:0,(anonymous_40)
FNDA:0,(anonymous_41)
FNDA:0,(anonymous_42)
DA:1,1
DA:2,1
DA:3,1
DA:5,1
DA:8,1
DA:9,1
DA:10,1
DA:11,1
DA:46,1
DA:47,12
DA:48,12
DA:49,12
DA:50,12
DA:54,12
DA:56,12
DA:57,12
DA:60,12
DA:63,12
DA:65,12
DA:71,11
DA:72,7
DA:76,12
DA:81,23
DA:82,8
DA:83,1
DA:85,7
DA:92,7
DA:93,7
DA:96,0
DA:101,16
DA:102,1
DA:103,0
DA:108,0
DA:109,0
DA:112,0
DA:114,1
DA:117,16
DA:119,16
DA:121,16
DA:122,16
DA:125,16
DA:127,5
DA:128,5
DA:130,5
DA:131,1
DA:134,5
DA:136,11
DA:137,11
DA:139,11
DA:140,0
DA:143,11
DA:148,5
DA:149,5
DA:150,5
DA:152,5
DA:158,5
DA:160,5
DA:167,5
DA:168,1
DA:169,0
DA:173,5
DA:178,11
DA:179,0
DA:183,0
DA:186,11
DA:187,11
DA:188,11
DA:190,11
DA:197,11
DA:199,11
DA:207,11
DA:208,11
DA:209,4
DA:211,0
DA:212,0
DA:215,11
DA:220,11
DA:221,7
DA:225,4
DA:226,4
DA:228,4
DA:232,8
DA:236,7
DA:237,7
DA:239,7
DA:240,7
DA:247,7
DA:251,1
DA:252,1
DA:254,1
DA:259,1
DA:263,1
DA:264,1
DA:265,1
DA:266,1
DA:268,1
DA:269,1
DA:274,1
DA:278,1
DA:279,2
DA:283,4
DA:285,12
DA:286,4
DA:291,16
DA:292,16
DA:294,16
DA:295,31
DA:301,12
DA:302,0
DA:303,0
DA:305,0
DA:313,9
DA:317,4
DA:318,4
DA:320,5
DA:322,4
DA:323,5
DA:326,4
DA:340,13
DA:341,13
DA:342,13
DA:343,13
DA:344,13
DA:345,13
DA:346,13
DA:347,13
DA:349,13
DA:350,13
DA:355,3
DA:359,1
DA:364,1
DA:365,1
DA:368,0
DA:369,0
DA:370,0
DA:373,0
DA:374,0
DA:375,0
DA:378,0
DA:386,0
DA:387,0
DA:391,0
DA:393,0
DA:394,0
DA:397,0
DA:401,0
DA:402,0
DA:403,0
DA:404,0
DA:407,0
DA:408,0
DA:414,0
DA:421,0
DA:428,0
DA:436,1
DA:439,1
DA:440,0
DA:441,0
DA:443,0
DA:444,0
DA:446,0
DA:451,0
LF:162
LH:120
BRDA:8,0,0,1
BRDA:8,0,1,1
BRDA:61,1,0,0
BRDA:66,2,0,12
BRDA:66,2,1,0
BRDA:67,3,0,12
BRDA:67,3,1,0
BRDA:68,4,0,12
BRDA:68,4,1,0
BRDA:69,5,0,12
BRDA:69,5,1,0
BRDA:70,6,0,12
BRDA:70,6,1,0
BRDA:71,7,0,12
BRDA:71,7,1,12
BRDA:72,8,0,12
BRDA:72,8,1,12
BRDA:81,9,0,8
BRDA:82,10,0,1
BRDA:82,10,1,7
BRDA:92,11,0,7
BRDA:101,12,0,1
BRDA:102,13,0,0
BRDA:108,14,0,0
BRDA:130,15,0,1
BRDA:139,16,0,0
BRDA:167,17,0,1
BRDA:168,18,0,0
BRDA:178,19,0,0
BRDA:207,20,0,11
BRDA:207,20,1,0
BRDA:208,21,0,4
BRDA:211,22,0,0
BRDA:220,23,0,7
BRDA:228,24,0,4
BRDA:228,24,1,0
BRDA:232,25,0,8
BRDA:232,25,1,0
BRDA:283,26,0,0
BRDA:318,27,0,3
BRDA:318,27,1,1
BRDA:322,28,0,3
BRDA:322,28,1,1
BRDA:368,29,0,0
BRDA:401,30,0,0
BRDA:401,30,1,0
BRDA:403,31,0,0
BRF:47
BRH:27
end_of_record
TN:
SF:src/core/connection-pool.ts
FN:77,(anonymous_1)
FN:86,(anonymous_2)
FN:118,(anonymous_3)
FN:131,(anonymous_4)
FN:139,(anonymous_5)
FN:174,(anonymous_6)
FN:177,(anonymous_7)
FN:188,(anonymous_8)
FN:193,(anonymous_9)
FN:213,(anonymous_10)
FN:225,(anonymous_11)
FN:240,(anonymous_12)
FN:269,(anonymous_13)
FN:274,(anonymous_14)
FN:277,(anonymous_15)
FN:290,(anonymous_16)
FN:291,(anonymous_17)
FN:295,(anonymous_18)
FN:297,(anonymous_19)
FN:312,(anonymous_20)
FN:324,(anonymous_21)
FN:329,(anonymous_22)
FN:330,(anonymous_23)
FN:335,(anonymous_24)
FN:337,(anonymous_25)
FN:338,(anonymous_26)
FN:354,(anonymous_27)
FN:361,(anonymous_28)
FN:362,(anonymous_29)
FN:367,(anonymous_30)
FN:391,(anonymous_31)
FN:401,(anonymous_32)
FN:405,(anonymous_33)
FN:406,(anonymous_34)
FN:413,(anonymous_35)
FN:414,(anonymous_36)
FN:417,(anonymous_37)
FN:422,(anonymous_38)
FN:430,(anonymous_39)
FN:445,(anonymous_40)
FN:449,(anonymous_41)
FN:457,(anonymous_42)
FN:464,(anonymous_43)
FN:468,(anonymous_44)
FN:473,(anonymous_45)
FN:483,(anonymous_46)
FNF:46
FNH:0
FNDA:0,(anonymous_1)
FNDA:0,(anonymous_2)
FNDA:0,(anonymous_3)
FNDA:0,(anonymous_4)
FNDA:0,(anonymous_5)
FNDA:0,(anonymous_6)
FNDA:0,(anonymous_7)
FNDA:0,(anonymous_8)
FNDA:0,(anonymous_9)
FNDA:0,(anonymous_10)
FNDA:0,(anonymous_11)
FNDA:0,(anonymous_12)
FNDA:0,(anonymous_13)
FNDA:0,(anonymous_14)
FNDA:0,(anonymous_15)
FNDA:0,(anonymous_16)
FNDA:0,(anonymous_17)
FNDA:0,(anonymous_18)
FNDA:0,(anonymous_19)
FNDA:0,(anonymous_20)
FNDA:0,(anonymous_21)
FNDA:0,(anonymous_22)
FNDA:0,(anonymous_23)
FNDA:0,(anonymous_24)
FNDA:0,(anonymous_25)
FNDA:0,(anonymous_26)
FNDA:0,(anonymous_27)
FNDA:0,(anonymous_28)
FNDA:0,(anonymous_29)
FNDA:0,(anonymous_30)
FNDA:0,(anonymous_31)
FNDA:0,(anonymous_32)
FNDA:0,(anonymous_33)
FNDA:0,(anonymous_34)
FNDA:0,(anonymous_35)
FNDA:0,(anonymous_36)
FNDA:0,(anonymous_37)
FNDA:0,(anonymous_38)
FNDA:0,(anonymous_39)
FNDA:0,(anonymous_40)
FNDA:0,(anonymous_41)
FNDA:0,(anonymous_42)
FNDA:0,(anonymous_43)
FNDA:0,(anonymous_44)
FNDA:0,(anonymous_45)
FNDA:0,(anonymous_46)
DA:1,0
DA:7,0
DA:8,0
DA:10,0
DA:68,0
DA:69,0
DA:73,0
DA:74,0
DA:78,0
DA:79,0
DA:81,0
DA:87,0
DA:98,0
DA:109,0
DA:118,0
DA:121,0
DA:122,0
DA:123,0
DA:125,0
DA:132,0
DA:134,0
DA:135,0
DA:140,0
DA:142,0
DA:152,0
DA:154,0
DA:165,0
DA:166,0
DA:168,0
DA:169,0
DA:171,0
DA:176,0
DA:178,0
DA:179,0
DA:185,0
DA:186,0
DA:188,0
DA:192,0
DA:194,0
DA:195,0
DA:196,0
DA:197,0
DA:198,0
DA:199,0
DA:200,0
DA:203,0
DA:204,0
DA:207,0
DA:208,0
DA:211,0
DA:214,0
DA:215,0
DA:216,0
DA:217,0
DA:220,0
DA:226,0
DA:228,0
DA:229,0
DA:230,0
DA:232,0
DA:233,0
DA:235,0
DA:236,0
DA:245,0
DA:246,0
DA:248,0
DA:252,0
DA:255,0
DA:261,0
DA:263,0
DA:269,0
DA:270,0
DA:276,0
DA:277,0
DA:280,0
DA:281,0
DA:285,0
DA:286,0
DA:290,0
DA:291,0
DA:292,0
DA:295,0
DA:296,0
DA:297,0
DA:300,0
DA:301,0
DA:302,0
DA:304,0
DA:308,0
DA:313,0
DA:314,0
DA:315,0
DA:317,0
DA:319,0
DA:321,0
DA:326,0
DA:330,0
DA:331,0
DA:336,0
DA:337,0
DA:339,0
DA:341,0
DA:342,0
DA:344,0
DA:348,0
DA:352,0
DA:354,0
DA:355,0
DA:356,0
DA:362,0
DA:363,0
DA:368,0
DA:369,0
DA:370,0
DA:372,0
DA:374,0
DA:375,0
DA:377,0
DA:378,0
DA:379,0
DA:383,0
DA:384,0
DA:392,0
DA:393,0
DA:394,0
DA:395,0
DA:396,0
DA:397,0
DA:402,0
DA:404,0
DA:405,0
DA:406,0
DA:407,0
DA:414,0
DA:416,0
DA:417,0
DA:423,0
DA:424,0
DA:427,0
DA:428,0
DA:430,0
DA:431,0
DA:432,0
DA:434,0
DA:438,0
DA:439,0
DA:442,0
DA:446,0
DA:457,0
DA:464,0
DA:469,0
DA:472,0
DA:473,0
DA:477,0
DA:478,0
DA:480,0
DA:484,0
DA:485,0
DA:488,0
DA:489,0
DA:492,0
DA:493,0
DA:495,0
LF:163
LH:0
BRDA:88,0,0,0
BRDA:88,0,1,0
BRDA:88,0,2,0
BRDA:88,0,3,0
BRDA:88,0,4,0
BRDA:88,0,5,0
BRDA:195,1,0,0
BRDA:197,2,0,0
BRDA:197,2,1,0
BRDA:203,3,0,0
BRDA:215,4,0,0
BRDA:243,5,0,0
BRDA:248,6,0,0
BRDA:249,7,0,0
BRDA:249,7,1,0
BRDA:277,8,0,0
BRDA:277,8,1,0
BRDA:280,9,0,0
BRDA:285,10,0,0
BRDA:297,11,0,0
BRDA:297,11,1,0
BRDA:300,12,0,0
BRDA:300,12,1,0
BRDA:319,13,0,0
BRDA:319,13,1,0
BRDA:321,14,0,0
BRDA:321,14,1,0
BRDA:321,14,2,0
BRDA:355,15,0,0
BRDA:355,16,0,0
BRDA:355,16,1,0
BRDA:377,17,0,0
BRDA:377,18,0,0
BRDA:377,18,1,0
BRDA:377,18,2,0
BRDA:383,19,0,0
BRDA:393,20,0,0
BRDA:408,21,0,0
BRDA:408,21,1,0
BRDA:416,22,0,0
BRDA:464,23,0,0
BRDA:464,23,1,0
BRDA:484,24,0,0
BRDA:488,25,0,0
BRF:44
BRH:0
end_of_record
TN:
SF:src/core/health.ts
FN:10,(anonymous_1)
FN:67,(anonymous_2)
FN:80,(anonymous_3)
FN:86,(anonymous_4)
FN:87,(anonymous_5)
FN:93,(anonymous_6)
FN:135,(anonymous_7)
FN:136,(anonymous_8)
FN:138,(anonymous_9)
FN:139,(anonymous_10)
FN:192,(anonymous_11)
FN:192,(anonymous_12)
FN:200,(anonymous_13)
FN:219,(anonymous_14)
FN:229,(anonymous_15)
FN:230,(anonymous_16)
FN:241,(anonymous_17)
FN:246,(anonymous_18)
FN:248,(anonymous_19)
FN:249,(anonymous_20)
FN:253,(anonymous_21)
FN:261,(anonymous_22)
FN:267,(anonymous_23)
FN:276,(anonymous_24)
FN:278,(anonymous_25)
FN:310,(anonymous_26)
FN:346,(anonymous_27)
FN:348,(anonymous_28)
FN:361,(anonymous_29)
FN:364,(anonymous_30)
FN:376,(anonymous_31)
FN:389,(anonymous_32)
FN:391,(anonymous_33)
FN:404,(anonymous_34)
FN:417,(anonymous_35)
FN:437,registerHealthCheck
FNF:36
FNH:0
FNDA:0,(anonymous_1)
FNDA:0,(anonymous_2)
FNDA:0,(anonymous_3)
FNDA:0,(anonymous_4)
FNDA:0,(anonymous_5)
FNDA:0,(anonymous_6)
FNDA:0,(anonymous_7)
FNDA:0,(anonymous_8)
FNDA:0,(anonymous_9)
FNDA:0,(anonymous_10)
FNDA:0,(anonymous_11)
FNDA:0,(anonymous_12)
FNDA:0,(anonymous_13)
FNDA:0,(anonymous_14)
FNDA:0,(anonymous_15)
FNDA:0,(anonymous_16)
FNDA:0,(anonymous_17)
FNDA:0,(anonymous_18)
FNDA:0,(anonymous_19)
FNDA:0,(anonymous_20)
FNDA:0,(anonymous_21)
FNDA:0,(anonymous_22)
FNDA:0,(anonymous_23)
FNDA:0,(anonymous_24)
FNDA:0,(anonymous_25)
FNDA:0,(anonymous_26)
FNDA:0,(anonymous_27)
FNDA:0,(anonymous_28)
FNDA:0,(anonymous_29)
FNDA:0,(anonymous_30)
FNDA:0,(anonymous_31)
FNDA:0,(anonymous_32)
FNDA:0,(anonymous_33)
FNDA:0,(anonymous_34)
FNDA:0,(anonymous_35)
FNDA:0,registerHealthCheck
DA:1,0
DA:2,0
DA:3,0
DA:4,0
DA:5,0
DA:7,0
DA:10,0
DA:11,0
DA:12,0
DA:13,0
DA:59,0
DA:60,0
DA:61,0
DA:62,0
DA:65,0
DA:68,0
DA:71,0
DA:74,0
DA:75,0
DA:81,0
DA:82,0
DA:87,0
DA:88,0
DA:90,0
DA:91,0
DA:93,0
DA:96,0
DA:97,0
DA:99,0
DA:100,0
DA:109,0
DA:119,0
DA:120,0
DA:131,0
DA:136,0
DA:137,0
DA:138,0
DA:139,0
DA:142,0
DA:143,0
DA:146,0
DA:147,0
DA:151,0
DA:153,0
DA:161,0
DA:162,0
DA:166,0
DA:167,0
DA:169,0
DA:186,0
DA:189,0
DA:190,0
DA:192,0
DA:196,0
DA:201,0
DA:203,0
DA:204,0
DA:206,0
DA:211,0
DA:220,0
DA:222,0
DA:223,0
DA:228,0
DA:229,0
DA:230,0
DA:232,0
DA:242,0
DA:247,0
DA:248,0
DA:249,0
DA:252,0
DA:253,0
DA:256,0
DA:257,0
DA:261,0
DA:262,0
DA:263,0
DA:267,0
DA:268,0
DA:269,0
DA:272,0
DA:278,0
DA:279,0
DA:280,0
DA:281,0
DA:283,0
DA:284,0
DA:286,0
DA:287,0
DA:288,0
DA:289,0
DA:290,0
DA:291,0
DA:294,0
DA:310,0
DA:311,0
DA:313,0
DA:314,0
DA:316,0
DA:317,0
DA:318,0
DA:319,0
DA:320,0
DA:321,0
DA:324,0
DA:337,0
DA:338,0
DA:348,0
DA:349,0
DA:350,0
DA:352,0
DA:357,0
DA:362,0
DA:364,0
DA:365,0
DA:366,0
DA:369,0
DA:371,0
DA:377,0
DA:378,0
DA:379,0
DA:382,0
DA:383,0
DA:384,0
DA:390,0
DA:392,0
DA:393,0
DA:394,0
DA:395,0
DA:397,0
DA:405,0
DA:406,0
DA:407,0
DA:408,0
DA:410,0
DA:418,0
DA:419,0
DA:420,0
DA:421,0
DA:423,0
DA:434,0
DA:437,0
DA:442,0
LF:143
LH:0
BRDA:10,0,0,0
BRDA:10,0,1,0
BRDA:74,1,0,0
BRDA:80,2,0,0
BRDA:86,3,0,0
BRDA:92,4,0,0
BRDA:92,4,1,0
BRDA:97,5,0,0
BRDA:97,5,1,0
BRDA:99,6,0,0
BRDA:99,6,1,0
BRDA:123,7,0,0
BRDA:123,7,1,0
BRDA:126,8,0,0
BRDA:126,8,1,0
BRDA:139,9,0,0
BRDA:139,9,1,0
BRDA:147,10,0,0
BRDA:147,10,1,0
BRDA:156,11,0,0
BRDA:156,11,1,0
BRDA:189,12,0,0
BRDA:213,13,0,0
BRDA:213,13,1,0
BRDA:222,14,0,0
BRDA:222,14,1,0
BRDA:253,15,0,0
BRDA:253,15,1,0
BRDA:256,16,0,0
BRDA:262,17,0,0
BRDA:268,18,0,0
BRDA:286,19,0,0
BRDA:286,19,1,0
BRDA:289,20,0,0
BRDA:316,21,0,0
BRDA:316,21,1,0
BRDA:319,22,0,0
BRDA:337,23,0,0
BRDA:377,24,0,0
BRDA:382,25,0,0
BRDA:394,26,0,0
BRDA:394,26,1,0
BRDA:399,27,0,0
BRDA:399,27,1,0
BRDA:407,28,0,0
BRDA:407,28,1,0
BRDA:412,29,0,0
BRDA:412,29,1,0
BRDA:420,30,0,0
BRDA:420,30,1,0
BRDA:425,31,0,0
BRDA:425,31,1,0
BRF:52
BRH:0
end_of_record
TN:
SF:src/core/metrics.ts
FN:8,(anonymous_0)
FN:78,(anonymous_1)
FN:79,(anonymous_2)
FN:80,(anonymous_3)
FN:83,(anonymous_4)
FN:101,(anonymous_5)
FN:105,(anonymous_6)
FN:108,(anonymous_7)
FN:113,(anonymous_8)
FN:117,(anonymous_9)
FN:121,(anonymous_10)
FN:126,(anonymous_11)
FN:137,(anonymous_12)
FN:141,(anonymous_13)
FN:149,(anonymous_14)
FN:155,(anonymous_15)
FN:159,(anonymous_16)
FN:163,(anonymous_17)
FN:173,(anonymous_18)
FN:177,(anonymous_19)
FN:181,(anonymous_20)
FN:198,(anonymous_21)
FN:207,(anonymous_22)
FN:220,(anonymous_23)
FN:231,(anonymous_24)
FN:237,(anonymous_25)
FN:242,(anonymous_26)
FN:258,(anonymous_27)
FN:274,(anonymous_28)
FN:277,(anonymous_29)
FN:285,(anonymous_30)
FN:357,(anonymous_31)
FN:359,(anonymous_32)
FN:378,(anonymous_33)
FN:384,(anonymous_34)
FN:428,(anonymous_35)
FN:437,(anonymous_36)
FN:438,(anonymous_37)
FN:453,(anonymous_38)
FN:461,(anonymous_39)
FN:463,(anonymous_40)
FN:464,(anonymous_41)
FN:469,(anonymous_42)
FN:486,(anonymous_43)
FN:490,(anonymous_44)
FN:494,(anonymous_45)
FN:498,(anonymous_46)
FN:504,(anonymous_47)
FN:525,recordApiCall
FN:539,recordCacheMetrics
FN:543,recordRateLimitMetrics
FNF:51
FNH:0
FNDA:0,(anonymous_0)
FNDA:0,(anonymous_1)
FNDA:0,(anonymous_2)
FNDA:0,(anonymous_3)
FNDA:0,(anonymous_4)
FNDA:0,(anonymous_5)
FNDA:0,(anonymous_6)
FNDA:0,(anonymous_7)
FNDA:0,(anonymous_8)
FNDA:0,(anonymous_9)
FNDA:0,(anonymous_10)
FNDA:0,(anonymous_11)
FNDA:0,(anonymous_12)
FNDA:0,(anonymous_13)
FNDA:0,(anonymous_14)
FNDA:0,(anonymous_15)
FNDA:0,(anonymous_16)
FNDA:0,(anonymous_17)
FNDA:0,(anonymous_18)
FNDA:0,(anonymous_19)
FNDA:0,(anonymous_20)
FNDA:0,(anonymous_21)
FNDA:0,(anonymous_22)
FNDA:0,(anonymous_23)
FNDA:0,(anonymous_24)
FNDA:0,(anonymous_25)
FNDA:0,(anonymous_26)
FNDA:0,(anonymous_27)
FNDA:0,(anonymous_28)
FNDA:0,(anonymous_29)
FNDA:0,(anonymous_30)
FNDA:0,(anonymous_31)
FNDA:0,(anonymous_32)
FNDA:0,(anonymous_33)
FNDA:0,(anonymous_34)
FNDA:0,(anonymous_35)
FNDA:0,(anonymous_36)
FNDA:0,(anonymous_37)
FNDA:0,(anonymous_38)
FNDA:0,(anonymous_39)
FNDA:0,(anonymous_40)
FNDA:0,(anonymous_41)
FNDA:0,(anonymous_42)
FNDA:0,(anonymous_43)
FNDA:0,(anonymous_44)
FNDA:0,(anonymous_45)
FNDA:0,(anonymous_46)
FNDA:0,(anonymous_47)
FNDA:0,recordApiCall
FNDA:0,recordCacheMetrics
FNDA:0,recordRateLimitMetrics
DA:1,0
DA:2,0
DA:3,0
DA:5,0
DA:8,0
DA:9,0
DA:10,0
DA:11,0
DA:12,0
DA:72,0
DA:74,0
DA:75,0
DA:76,0
DA:79,0
DA:80,0
DA:84,0
DA:85,0
DA:86,0
DA:89,0
DA:90,0
DA:91,0
DA:96,0
DA:97,0
DA:102,0
DA:106,0
DA:108,0
DA:109,0
DA:110,0
DA:114,0
DA:118,0
DA:122,0
DA:123,0
DA:124,0
DA:125,0
DA:126,0
DA:132,0
DA:133,0
DA:134,0
DA:138,0
DA:142,0
DA:143,0
DA:144,0
DA:145,0
DA:148,0
DA:149,0
DA:150,0
DA:151,0
DA:156,0
DA:158,0
DA:159,0
DA:160,0
DA:163,0
DA:165,0
DA:166,0
DA:167,0
DA:170,0
DA:174,0
DA:178,0
DA:182,0
DA:183,0
DA:184,0
DA:189,0
DA:190,0
DA:191,0
DA:192,0
DA:193,0
DA:195,0
DA:199,0
DA:201,0
DA:202,0
DA:208,0
DA:209,0
DA:210,0
DA:212,0
DA:221,0
DA:222,0
DA:224,0
DA:232,0
DA:233,0
DA:234,0
DA:238,0
DA:243,0
DA:245,0
DA:246,0
DA:247,0
DA:254,0
DA:259,0
DA:261,0
DA:262,0
DA:263,0
DA:270,0
DA:275,0
DA:277,0
DA:278,0
DA:279,0
DA:280,0
DA:286,0
DA:287,0
DA:290,0
DA:291,0
DA:292,0
DA:294,0
DA:305,0
DA:306,0
DA:307,0
DA:309,0
DA:320,0
DA:321,0
DA:322,0
DA:324,0
DA:337,0
DA:338,0
DA:339,0
DA:341,0
DA:353,0
DA:358,0
DA:359,0
DA:362,0
DA:364,0
DA:379,0
DA:380,0
DA:382,0
DA:383,0
DA:384,0
DA:386,0
DA:388,0
DA:389,0
DA:391,0
DA:394,0
DA:395,0
DA:398,0
DA:399,0
DA:403,0
DA:406,0
DA:407,0
DA:408,0
DA:411,0
DA:412,0
DA:416,0
DA:417,0
DA:418,0
DA:421,0
DA:424,0
DA:429,0
DA:430,0
DA:431,0
DA:432,0
DA:433,0
DA:438,0
DA:439,0
DA:440,0
DA:443,0
DA:454,0
DA:455,0
DA:456,0
DA:462,0
DA:463,0
DA:464,0
DA:466,0
DA:470,0
DA:471,0
DA:472,0
DA:474,0
DA:475,0
DA:476,0
DA:477,0
DA:478,0
DA:482,0
DA:487,0
DA:491,0
DA:495,0
DA:499,0
DA:500,0
DA:505,0
DA:506,0
DA:507,0
DA:508,0
DA:509,0
DA:510,0
DA:511,0
DA:513,0
DA:514,0
DA:515,0
DA:516,0
DA:522,0
DA:525,0
DA:531,0
DA:532,0
DA:534,0
DA:535,0
DA:539,0
DA:540,0
DA:543,0
DA:544,0
LF:194
LH:0
BRDA:8,0,0,0
BRDA:8,0,1,0
BRDA:78,1,0,0
BRDA:90,2,0,0
BRDA:91,3,0,0
BRDA:91,3,1,0
BRDA:96,4,0,0
BRDA:106,5,0,0
BRDA:110,6,0,0
BRDA:110,6,1,0
BRDA:137,7,0,0
BRDA:158,8,0,0
BRDA:167,9,0,0
BRDA:167,9,1,0
BRDA:201,10,0,0
BRDA:207,11,0,0
BRDA:207,12,0,0
BRDA:209,13,0,0
BRDA:209,13,1,0
BRDA:220,14,0,0
BRDA:231,15,0,0
BRDA:231,16,0,0
BRDA:233,17,0,0
BRDA:233,17,1,0
BRDA:237,18,0,0
BRDA:237,19,0,0
BRDA:242,20,0,0
BRDA:245,21,0,0
BRDA:258,22,0,0
BRDA:261,23,0,0
BRDA:274,24,0,0
BRDA:362,25,0,0
BRDA:367,26,0,0
BRDA:367,26,1,0
BRDA:386,27,0,0
BRDA:386,27,1,0
BRDA:391,28,0,0
BRDA:391,28,1,0
BRDA:391,28,2,0
BRDA:391,28,3,0
BRDA:400,29,0,0
BRDA:400,29,1,0
BRDA:404,30,0,0
BRDA:404,30,1,0
BRDA:406,31,0,0
BRDA:406,31,1,0
BRDA:407,32,0,0
BRDA:407,32,1,0
BRDA:413,33,0,0
BRDA:413,33,1,0
BRDA:416,34,0,0
BRDA:416,34,1,0
BRDA:417,35,0,0
BRDA:417,35,1,0
BRDA:454,36,0,0
BRDA:466,37,0,0
BRDA:466,37,1,0
BRDA:471,38,0,0
BRDA:471,38,1,0
BRDA:477,39,0,0
BRDA:477,40,0,0
BRDA:477,40,1,0
BRDA:486,41,0,0
BRDA:486,42,0,0
BRDA:490,43,0,0
BRDA:494,44,0,0
BRDA:498,45,0,0
BRDA:500,46,0,0
BRDA:500,46,1,0
BRDA:504,47,0,0
BRDA:534,48,0,0
BRF:71
BRH:0
end_of_record
TN:
SF:src/core/rate-limiter.ts
FN:19,(anonymous_0)
FN:27,(anonymous_1)
FN:69,(anonymous_2)
FN:80,(anonymous_3)
FN:85,(anonymous_4)
FN:96,(anonymous_5)
FN:104,(anonymous_6)
FN:113,(anonymous_7)
FN:114,(anonymous_8)
FN:120,(anonymous_9)
FN:124,(anonymous_10)
FN:128,(anonymous_11)
FN:139,(anonymous_12)
FN:148,(anonymous_13)
FN:153,(anonymous_14)
FN:167,(anonymous_15)
FN:175,(anonymous_16)
FN:177,(anonymous_17)
FN:180,(anonymous_18)
FN:181,(anonymous_19)
FN:187,(anonymous_20)
FN:199,(anonymous_21)
FN:214,(anonymous_22)
FN:218,(anonymous_23)
FN:223,(anonymous_24)
FN:230,(anonymous_25)
FN:234,(anonymous_26)
FN:238,(anonymous_27)
FN:255,(anonymous_28)
FN:256,(anonymous_29)
FN:269,(anonymous_30)
FN:273,(anonymous_31)
FN:274,(anonymous_32)
FN:277,(anonymous_33)
FN:283,(anonymous_34)
FN:299,(anonymous_35)
FN:322,(anonymous_36)
FN:345,(anonymous_37)
FN:375,(anonymous_38)
FN:391,(anonymous_39)
FN:399,(anonymous_40)
FN:428,(anonymous_41)
FN:432,(anonymous_42)
FN:443,(anonymous_43)
FN:454,(anonymous_44)
FN:456,(anonymous_45)
FNF:46
FNH:0
FNDA:0,(anonymous_0)
FNDA:0,(anonymous_1)
FNDA:0,(anonymous_2)
FNDA:0,(anonymous_3)
FNDA:0,(anonymous_4)
FNDA:0,(anonymous_5)
FNDA:0,(anonymous_6)
FNDA:0,(anonymous_7)
FNDA:0,(anonymous_8)
FNDA:0,(anonymous_9)
FNDA:0,(anonymous_10)
FNDA:0,(anonymous_11)
FNDA:0,(anonymous_12)
FNDA:0,(anonymous_13)
FNDA:0,(anonymous_14)
FNDA:0,(anonymous_15)
FNDA:0,(anonymous_16)
FNDA:0,(anonymous_17)
FNDA:0,(anonymous_18)
FNDA:0,(anonymous_19)
FNDA:0,(anonymous_20)
FNDA:0,(anonymous_21)
FNDA:0,(anonymous_22)
FNDA:0,(anonymous_23)
FNDA:0,(anonymous_24)
FNDA:0,(anonymous_25)
FNDA:0,(anonymous_26)
FNDA:0,(anonymous_27)
FNDA:0,(anonymous_28)
FNDA:0,(anonymous_29)
FNDA:0,(anonymous_30)
FNDA:0,(anonymous_31)
FNDA:0,(anonymous_32)
FNDA:0,(anonymous_33)
FNDA:0,(anonymous_34)
FNDA:0,(anonymous_35)
FNDA:0,(anonymous_36)
FNDA:0,(anonymous_37)
FNDA:0,(anonymous_38)
FNDA:0,(anonymous_39)
FNDA:0,(anonymous_40)
FNDA:0,(anonymous_41)
FNDA:0,(anonymous_42)
FNDA:0,(anonymous_43)
FNDA:0,(anonymous_44)
FNDA:0,(anonymous_45)
DA:1,0
DA:2,0
DA:3,0
DA:5,0
DA:19,0
DA:20,0
DA:21,0
DA:22,0
DA:23,0
DA:27,0
DA:28,0
DA:29,0
DA:30,0
DA:47,0
DA:70,0
DA:71,0
DA:72,0
DA:73,0
DA:74,0
DA:77,0
DA:81,0
DA:82,0
DA:86,0
DA:87,0
DA:88,0
DA:90,0
DA:92,0
DA:93,0
DA:97,0
DA:98,0
DA:105,0
DA:106,0
DA:107,0
DA:109,0
DA:110,0
DA:114,0
DA:115,0
DA:116,0
DA:121,0
DA:125,0
DA:129,0
DA:137,0
DA:140,0
DA:141,0
DA:142,0
DA:145,0
DA:149,0
DA:150,0
DA:154,0
DA:156,0
DA:157,0
DA:158,0
DA:160,0
DA:163,0
DA:164,0
DA:168,0
DA:169,0
DA:176,0
DA:177,0
DA:181,0
DA:182,0
DA:183,0
DA:188,0
DA:195,0
DA:205,0
DA:206,0
DA:207,0
DA:208,0
DA:211,0
DA:215,0
DA:219,0
DA:220,0
DA:224,0
DA:225,0
DA:226,0
DA:231,0
DA:235,0
DA:238,0
DA:240,0
DA:242,0
DA:243,0
DA:244,0
DA:245,0
DA:246,0
DA:248,0
DA:249,0
DA:250,0
DA:251,0
DA:256,0
DA:257,0
DA:263,0
DA:265,0
DA:266,0
DA:267,0
DA:270,0
DA:273,0
DA:274,0
DA:283,0
DA:284,0
DA:295,0
DA:301,0
DA:302,0
DA:303,0
DA:304,0
DA:305,0
DA:306,0
DA:310,0
DA:311,0
DA:314,0
DA:319,0
DA:323,0
DA:325,0
DA:327,0
DA:328,0
DA:329,0
DA:330,0
DA:332,0
DA:333,0
DA:336,0
DA:339,0
DA:342,0
DA:346,0
DA:348,0
DA:349,0
DA:350,0
DA:353,0
DA:354,0
DA:355,0
DA:358,0
DA:360,0
DA:362,0
DA:363,0
DA:370,0
DA:371,0
DA:374,0
DA:376,0
DA:382,0
DA:386,0
DA:392,0
DA:393,0
DA:394,0
DA:396,0
DA:400,0
DA:402,0
DA:408,0
DA:414,0
DA:420,0
DA:421,0
DA:429,0
DA:431,0
DA:432,0
DA:435,0
DA:444,0
DA:445,0
DA:448,0
DA:450,0
DA:455,0
DA:456,0
DA:457,0
DA:459,0
DA:461,0
DA:466,0
LF:162
LH:0
BRDA:19,0,0,0
BRDA:19,0,1,0
BRDA:27,1,0,0
BRDA:27,1,1,0
BRDA:86,2,0,0
BRDA:86,2,1,0
BRDA:156,3,0,0
BRDA:156,3,1,0
BRDA:202,4,0,0
BRDA:203,5,0,0
BRDA:225,6,0,0
BRDA:235,7,0,0
BRDA:240,8,0,0
BRDA:240,8,1,0
BRDA:246,9,0,0
BRDA:269,10,0,0
BRDA:280,11,0,0
BRDA:281,12,0,0
BRDA:303,13,0,0
BRDA:310,14,0,0
BRDA:323,15,0,0
BRDA:323,16,0,0
BRDA:323,16,1,0
BRDA:327,17,0,0
BRDA:327,17,1,0
BRDA:332,18,0,0
BRDA:353,19,0,0
BRDA:362,20,0,0
BRDA:362,20,1,0
BRDA:362,21,0,0
BRDA:362,21,1,0
BRDA:366,22,0,0
BRDA:366,22,1,0
BRDA:392,23,0,0
BRDA:394,24,0,0
BRDA:394,24,1,0
BRDA:394,24,2,0
BRDA:396,25,0,0
BRDA:396,25,1,0
BRDA:400,26,0,0
BRDA:400,26,1,0
BRDA:400,26,2,0
BRDA:400,26,3,0
BRDA:431,27,0,0
BRDA:431,27,1,0
BRF:45
BRH:0
end_of_record
TN:
SF:src/core/server-rate-limiter.ts
FN:15,(anonymous_1)
FN:20,(anonymous_2)
FN:22,(anonymous_3)
FN:23,(anonymous_4)
FN:40,(anonymous_5)
FN:54,(anonymous_6)
FN:59,(anonymous_7)
FN:70,(anonymous_8)
FN:76,(anonymous_9)
FN:80,(anonymous_10)
FN:92,(anonymous_11)
FN:96,(anonymous_12)
FN:100,(anonymous_13)
FN:102,(anonymous_14)
FN:108,(anonymous_15)
FN:152,(anonymous_16)
FN:176,(anonymous_17)
FN:201,(anonymous_18)
FN:213,(anonymous_19)
FN:217,(anonymous_20)
FN:241,(anonymous_21)
FN:250,(anonymous_22)
FN:258,(anonymous_23)
FN:283,(anonymous_24)
FNF:24
FNH:0
FNDA:0,(anonymous_1)
FNDA:0,(anonymous_2)
FNDA:0,(anonymous_3)
FNDA:0,(anonymous_4)
FNDA:0,(anonymous_5)
FNDA:0,(anonymous_6)
FNDA:0,(anonymous_7)
FNDA:0,(anonymous_8)
FNDA:0,(anonymous_9)
FNDA:0,(anonymous_10)
FNDA:0,(anonymous_11)
FNDA:0,(anonymous_12)
FNDA:0,(anonymous_13)
FNDA:0,(anonymous_14)
FNDA:0,(anonymous_15)
FNDA:0,(anonymous_16)
FNDA:0,(anonymous_17)
FNDA:0,(anonymous_18)
FNDA:0,(anonymous_19)
FNDA:0,(anonymous_20)
FNDA:0,(anonymous_21)
FNDA:0,(anonymous_22)
FNDA:0,(anonymous_23)
FNDA:0,(anonymous_24)
DA:1,0
DA:2,0
DA:6,0
DA:9,0
DA:10,0
DA:11,0
DA:12,0
DA:13,0
DA:16,0
DA:17,0
DA:21,0
DA:22,0
DA:23,0
DA:24,0
DA:25,0
DA:26,0
DA:27,0
DA:28,0
DA:29,0
DA:30,0
DA:32,0
DA:33,0
DA:36,0
DA:45,0
DA:46,0
DA:47,0
DA:49,0
DA:50,0
DA:52,0
DA:53,0
DA:54,0
DA:60,0
DA:61,0
DA:67,0
DA:71,0
DA:72,0
DA:74,0
DA:75,0
DA:76,0
DA:78,0
DA:79,0
DA:80,0
DA:83,0
DA:84,0
DA:85,0
DA:86,0
DA:89,0
DA:93,0
DA:94,0
DA:95,0
DA:96,0
DA:97,0
DA:101,0
DA:102,0
DA:103,0
DA:108,0
DA:133,0
DA:134,0
DA:150,0
DA:154,0
DA:155,0
DA:156,0
DA:157,0
DA:166,0
DA:167,0
DA:177,0
DA:178,0
DA:180,0
DA:181,0
DA:183,0
DA:184,0
DA:186,0
DA:187,0
DA:189,0
DA:190,0
DA:193,0
DA:194,0
DA:197,0
DA:202,0
DA:203,0
DA:204,0
DA:205,0
DA:206,0
DA:208,0
DA:209,0
DA:212,0
DA:213,0
DA:220,0
DA:221,0
DA:223,0
DA:224,0
DA:227,0
DA:228,0
DA:229,0
DA:230,0
DA:234,0
DA:235,0
DA:237,0
DA:242,0
DA:244,0
DA:245,0
DA:250,0
DA:251,0
DA:254,0
DA:261,0
DA:262,0
DA:263,0
DA:264,0
DA:265,0
DA:275,0
DA:276,0
DA:277,0
DA:279,0
DA:284,0
DA:289,0
LF:115
LH:0
BRDA:20,0,0,0
BRDA:49,1,0,0
BRDA:49,2,0,0
BRDA:49,2,1,0
BRDA:60,3,0,0
BRDA:62,4,0,0
BRDA:62,4,1,0
BRDA:62,4,2,0
BRDA:62,4,3,0
BRDA:71,5,0,0
BRDA:71,6,0,0
BRDA:71,6,1,0
BRDA:78,7,0,0
BRDA:80,8,0,0
BRDA:84,9,0,0
BRDA:107,10,0,0
BRDA:107,10,1,0
BRDA:154,11,0,0
BRDA:156,12,0,0
BRDA:177,13,0,0
BRDA:177,14,0,0
BRDA:177,14,1,0
BRDA:180,15,0,0
BRDA:183,16,0,0
BRDA:186,17,0,0
BRDA:189,18,0,0
BRDA:189,19,0,0
BRDA:189,19,1,0
BRDA:189,19,2,0
BRDA:193,20,0,0
BRDA:193,21,0,0
BRDA:193,21,1,0
BRDA:193,21,2,0
BRDA:227,22,0,0
BRDA:261,23,0,0
BRDA:271,24,0,0
BRDA:271,24,1,0
BRF:37
BRH:0
end_of_record
TN:
SF:src/core/telemetry.ts
FN:17,(anonymous_0)
FN:19,(anonymous_1)
FN:26,(anonymous_2)
FN:47,(anonymous_3)
FN:74,(anonymous_4)
FN:86,(anonymous_5)
FN:108,(anonymous_6)
FN:137,(anonymous_7)
FN:166,(anonymous_8)
FN:174,(anonymous_9)
FN:182,(anonymous_10)
FN:183,(anonymous_11)
FN:187,(anonymous_12)
FN:189,(anonymous_13)
FNF:14
FNH:0
FNDA:0,(anonymous_0)
FNDA:0,(anonymous_1)
FNDA:0,(anonymous_2)
FNDA:0,(anonymous_3)
FNDA:0,(anonymous_4)
FNDA:0,(anonymous_5)
FNDA:0,(anonymous_6)
FNDA:0,(anonymous_7)
FNDA:0,(anonymous_8)
FNDA:0,(anonymous_9)
FNDA:0,(anonymous_10)
FNDA:0,(anonymous_11)
FNDA:0,(anonymous_12)
FNDA:0,(anonymous_13)
DA:1,0
DA:2,0
DA:3,0
DA:4,0
DA:5,0
DA:6,0
DA:7,0
DA:8,0
DA:10,0
DA:12,0
DA:14,0
DA:15,0
DA:20,0
DA:21,0
DA:23,0
DA:27,0
DA:28,0
DA:29,0
DA:32,0
DA:33,0
DA:42,0
DA:48,0
DA:53,0
DA:66,0
DA:67,0
DA:69,0
DA:70,0
DA:75,0
DA:76,0
DA:77,0
DA:78,0
DA:80,0
DA:94,0
DA:99,0
DA:100,0
DA:101,0
DA:104,0
DA:116,0
DA:118,0
DA:119,0
DA:120,0
DA:121,0
DA:123,0
DA:124,0
DA:126,0
DA:130,0
DA:132,0
DA:145,0
DA:147,0
DA:148,0
DA:149,0
DA:150,0
DA:152,0
DA:153,0
DA:155,0
DA:159,0
DA:161,0
DA:167,0
DA:168,0
DA:169,0
DA:175,0
DA:176,0
DA:177,0
DA:183,0
DA:184,0
DA:185,0
DA:187,0
DA:188,0
DA:189,0
DA:197,0
DA:203,0
DA:206,0
LF:72
LH:0
BRDA:20,0,0,0
BRDA:27,1,0,0
BRDA:75,2,0,0
BRDA:95,3,0,0
BRDA:95,3,1,0
BRDA:99,4,0,0
BRDA:123,5,0,0
BRDA:128,6,0,0
BRDA:128,6,1,0
BRDA:152,7,0,0
BRDA:157,8,0,0
BRDA:157,8,1,0
BRDA:168,9,0,0
BRDA:176,10,0,0
BRDA:185,11,0,0
BRDA:185,11,1,0
BRF:16
BRH:0
end_of_record
TN:
SF:src/core/websocket.ts
FN:28,(anonymous_0)
FN:32,(anonymous_1)
FN:42,(anonymous_2)
FN:50,(anonymous_3)
FN:63,(anonymous_4)
FN:74,(anonymous_5)
FN:80,(anonymous_6)
FN:97,(anonymous_7)
FN:100,(anonymous_8)
FN:104,(anonymous_9)
FN:113,(anonymous_10)
FN:116,(anonymous_11)
FN:133,(anonymous_12)
FN:158,(anonymous_13)
FN:183,(anonymous_14)
FN:211,(anonymous_15)
FN:216,(anonymous_16)
FN:233,(anonymous_17)
FN:242,(anonymous_18)
FN:252,(anonymous_19)
FN:259,(anonymous_20)
FN:265,(anonymous_21)
FNF:22
FNH:0
FNDA:0,(anonymous_0)
FNDA:0,(anonymous_1)
FNDA:0,(anonymous_2)
FNDA:0,(anonymous_3)
FNDA:0,(anonymous_4)
FNDA:0,(anonymous_5)
FNDA:0,(anonymous_6)
FNDA:0,(anonymous_7)
FNDA:0,(anonymous_8)
FNDA:0,(anonymous_9)
FNDA:0,(anonymous_10)
FNDA:0,(anonymous_11)
FNDA:0,(anonymous_12)
FNDA:0,(anonymous_13)
FNDA:0,(anonymous_14)
FNDA:0,(anonymous_15)
FNDA:0,(anonymous_16)
FNDA:0,(anonymous_17)
FNDA:0,(anonymous_18)
FNDA:0,(anonymous_19)
FNDA:0,(anonymous_20)
FNDA:0,(anonymous_21)
DA:1,0
DA:2,0
DA:3,0
DA:4,0
DA:7,0
DA:22,0
DA:25,0
DA:26,0
DA:29,0
DA:33,0
DA:34,0
DA:36,0
DA:43,0
DA:44,0
DA:45,0
DA:48,0
DA:50,0
DA:51,0
DA:52,0
DA:54,0
DA:60,0
DA:63,0
DA:64,0
DA:65,0
DA:66,0
DA:68,0
DA:69,0
DA:74,0
DA:75,0
DA:76,0
DA:80,0
DA:81,0
DA:85,0
DA:91,0
DA:98,0
DA:100,0
DA:101,0
DA:104,0
DA:105,0
DA:114,0
DA:116,0
DA:117,0
DA:118,0
DA:119,0
DA:127,0
DA:134,0
DA:135,0
DA:137,0
DA:139,0
DA:140,0
DA:142,0
DA:145,0
DA:146,0
DA:148,0
DA:151,0
DA:159,0
DA:160,0
DA:163,0
DA:166,0
DA:167,0
DA:169,0
DA:172,0
DA:177,0
DA:184,0
DA:185,0
DA:188,0
DA:191,0
DA:192,0
DA:193,0
DA:194,0
DA:195,0
DA:200,0
DA:205,0
DA:212,0
DA:213,0
DA:216,0
DA:217,0
DA:218,0
DA:219,0
DA:220,0
DA:221,0
DA:227,0
DA:234,0
DA:235,0
DA:243,0
DA:253,0
DA:264,0
DA:265,0
DA:266,0
DA:269,0
DA:278,0
LF:91
LH:0
BRDA:33,0,0,0
BRDA:42,1,0,0
BRDA:43,2,0,0
BRDA:98,3,0,0
BRDA:114,4,0,0
BRDA:114,4,1,0
BRDA:118,5,0,0
BRDA:118,6,0,0
BRDA:118,6,1,0
BRDA:135,7,0,0
BRDA:137,8,0,0
BRDA:137,8,1,0
BRDA:137,8,2,0
BRDA:139,9,0,0
BRDA:145,10,0,0
BRDA:160,11,0,0
BRDA:166,12,0,0
BRDA:185,13,0,0
BRDA:192,14,0,0
BRDA:194,15,0,0
BRDA:213,16,0,0
BRDA:218,17,0,0
BRDA:220,18,0,0
BRDA:234,19,0,0
BRF:24
BRH:0
end_of_record
TN:
SF:src/middleware/error-handler.ts
FN:21,(anonymous_0)
FN:35,(anonymous_1)
FN:54,(anonymous_2)
FN:76,(anonymous_3)
FN:98,(anonymous_4)
FN:119,(anonymous_5)
FN:136,(anonymous_6)
FN:156,getSuggestionsForHttpError
FN:246,handleError
FN:264,(anonymous_9)
FN:308,sanitizeError
FN:315,(anonymous_11)
FN:327,formatErrorForResponse
FN:336,(anonymous_13)
FN:347,(anonymous_14)
FNF:15
FNH:2
FNDA:5,(anonymous_0)
FNDA:0,(anonymous_1)
FNDA:0,(anonymous_2)
FNDA:0,(anonymous_3)
FNDA:0,(anonymous_4)
FNDA:0,(anonymous_5)
FNDA:0,(anonymous_6)
FNDA:0,getSuggestionsForHttpError
FNDA:5,handleError
FNDA:0,(anonymous_9)
FNDA:0,sanitizeError
FNDA:0,(anonymous_11)
FNDA:0,formatErrorForResponse
FNDA:0,(anonymous_13)
FNDA:0,(anonymous_14)
DA:1,1
DA:2,1
DA:3,1
DA:18,1
DA:23,5
DA:24,5
DA:25,5
DA:28,5
DA:29,5
DA:30,5
DA:34,1
DA:37,0
DA:39,0
DA:49,0
DA:53,1
DA:55,0
DA:71,0
DA:75,1
DA:77,0
DA:93,0
DA:97,1
DA:99,0
DA:114,0
DA:118,1
DA:120,0
DA:131,0
DA:135,1
DA:137,0
DA:151,0
DA:160,0
DA:162,0
DA:173,0
DA:180,0
DA:191,0
DA:198,0
DA:209,0
DA:216,0
DA:226,0
DA:237,0
DA:246,1
DA:247,5
DA:250,5
DA:258,5
DA:259,1
DA:262,4
DA:263,0
DA:264,0
DA:269,4
DA:270,0
DA:271,0
DA:274,0
DA:275,0
DA:279,0
DA:280,0
DA:284,0
DA:286,0
DA:296,4
DA:308,1
DA:309,0
DA:315,0
DA:327,1
DA:331,0
DA:332,0
DA:334,0
DA:335,0
DA:336,0
DA:337,0
DA:338,0
DA:339,0
DA:341,0
DA:345,0
DA:346,0
DA:347,0
DA:348,0
DA:352,0
LF:75
LH:26
BRDA:23,0,0,0
BRDA:24,1,0,0
BRDA:30,2,0,5
BRDA:30,2,1,1
BRDA:54,3,0,0
BRDA:58,4,0,0
BRDA:58,4,1,0
BRDA:76,5,0,0
BRDA:80,6,0,0
BRDA:80,6,1,0
BRDA:98,7,0,0
BRDA:160,8,0,0
BRDA:160,8,1,0
BRDA:160,8,2,0
BRDA:160,8,3,0
BRDA:160,8,4,0
BRDA:160,8,5,0
BRDA:160,8,6,0
BRDA:160,8,7,0
BRDA:160,8,8,0
BRDA:160,8,9,0
BRDA:160,8,10,0
BRDA:160,8,11,0
BRDA:247,9,0,5
BRDA:247,9,1,4
BRDA:251,10,0,4
BRDA:251,10,1,1
BRDA:252,11,0,4
BRDA:252,11,1,1
BRDA:258,12,0,1
BRDA:262,13,0,0
BRDA:269,14,0,0
BRDA:270,15,0,0
BRDA:270,15,1,0
BRDA:271,16,0,0
BRDA:271,16,1,0
BRDA:271,16,2,0
BRDA:274,17,0,0
BRDA:274,18,0,0
BRDA:274,18,1,0
BRDA:275,19,0,0
BRDA:275,19,1,0
BRDA:279,20,0,0
BRDA:314,21,0,0
BRDA:314,21,1,0
BRDA:334,22,0,0
BRDA:338,23,0,0
BRDA:345,24,0,0
BRF:48
BRH:9
end_of_record
TN:
SF:src/services/mcp-client.ts
FN:80,(anonymous_1)
FN:92,(anonymous_2)
FN:111,(anonymous_3)
FN:112,(anonymous_4)
FN:119,(anonymous_5)
FN:126,(anonymous_6)
FN:139,(anonymous_7)
FN:143,(anonymous_8)
FN:151,(anonymous_9)
FN:158,(anonymous_10)
FN:165,(anonymous_11)
FN:175,(anonymous_12)
FN:194,(anonymous_13)
FN:207,(anonymous_14)
FN:211,(anonymous_15)
FN:214,(anonymous_16)
FN:229,(anonymous_17)
FN:231,(anonymous_18)
FN:245,(anonymous_19)
FN:247,(anonymous_20)
FN:262,(anonymous_21)
FN:264,(anonymous_22)
FN:270,(anonymous_23)
FN:272,(anonymous_24)
FN:287,(anonymous_25)
FN:289,(anonymous_26)
FN:295,(anonymous_27)
FN:297,(anonymous_28)
FN:312,(anonymous_29)
FN:314,(anonymous_30)
FN:320,(anonymous_31)
FN:324,(anonymous_32)
FN:326,(anonymous_33)
FN:344,(anonymous_34)
FN:348,(anonymous_35)
FN:350,(anonymous_36)
FN:359,(anonymous_37)
FN:363,(anonymous_38)
FN:365,(anonymous_39)
FN:374,(anonymous_40)
FN:378,(anonymous_41)
FN:380,(anonymous_42)
FN:389,(anonymous_43)
FN:393,(anonymous_44)
FN:395,(anonymous_45)
FN:404,(anonymous_46)
FN:408,(anonymous_47)
FN:410,(anonymous_48)
FN:419,(anonymous_49)
FN:423,(anonymous_50)
FN:425,(anonymous_51)
FN:434,(anonymous_52)
FN:438,(anonymous_53)
FN:440,(anonymous_54)
FN:449,(anonymous_55)
FN:451,(anonymous_56)
FN:457,(anonymous_57)
FN:459,(anonymous_58)
FN:465,(anonymous_59)
FN:467,(anonymous_60)
FN:473,(anonymous_61)
FN:475,(anonymous_62)
FN:481,(anonymous_63)
FN:483,(anonymous_64)
FN:489,(anonymous_65)
FN:491,(anonymous_66)
FN:497,(anonymous_67)
FN:499,(anonymous_68)
FN:505,(anonymous_69)
FN:507,(anonymous_70)
FN:513,(anonymous_71)
FN:515,(anonymous_72)
FN:521,(anonymous_73)
FN:523,(anonymous_74)
FN:529,(anonymous_75)
FN:531,(anonymous_76)
FN:537,(anonymous_77)
FN:541,(anonymous_78)
FN:547,(anonymous_79)
FN:549,(anonymous_80)
FN:555,(anonymous_81)
FN:557,(anonymous_82)
FN:563,(anonymous_83)
FN:565,(anonymous_84)
FN:571,(anonymous_85)
FN:573,(anonymous_86)
FN:579,(anonymous_87)
FN:583,(anonymous_88)
FN:589,(anonymous_89)
FN:591,(anonymous_90)
FN:597,(anonymous_91)
FN:599,(anonymous_92)
FN:605,(anonymous_93)
FN:607,(anonymous_94)
FN:613,(anonymous_95)
FN:615,(anonymous_96)
FN:621,(anonymous_97)
FN:623,(anonymous_98)
FN:629,(anonymous_99)
FN:631,(anonymous_100)
FN:637,(anonymous_101)
FN:639,(anonymous_102)
FN:645,(anonymous_103)
FN:647,(anonymous_104)
FN:653,(anonymous_105)
FN:657,(anonymous_106)
FN:663,(anonymous_107)
FN:665,(anonymous_108)
FN:671,(anonymous_109)
FN:673,(anonymous_110)
FN:679,(anonymous_111)
FN:681,(anonymous_112)
FN:687,(anonymous_113)
FN:689,(anonymous_114)
FN:695,(anonymous_115)
FN:699,(anonymous_116)
FN:705,(anonymous_117)
FN:707,(anonymous_118)
FN:713,(anonymous_119)
FN:715,(anonymous_120)
FN:721,(anonymous_121)
FN:723,(anonymous_122)
FN:729,(anonymous_123)
FN:731,(anonymous_124)
FN:737,(anonymous_125)
FN:741,(anonymous_126)
FN:747,(anonymous_127)
FN:749,(anonymous_128)
FN:755,(anonymous_129)
FN:757,(anonymous_130)
FN:763,(anonymous_131)
FN:765,(anonymous_132)
FN:771,(anonymous_133)
FN:773,(anonymous_134)
FN:779,(anonymous_135)
FN:783,(anonymous_136)
FN:789,(anonymous_137)
FN:791,(anonymous_138)
FN:797,(anonymous_139)
FN:799,(anonymous_140)
FN:805,(anonymous_141)
FN:807,(anonymous_142)
FN:813,(anonymous_143)
FN:815,(anonymous_144)
FN:821,(anonymous_145)
FN:825,(anonymous_146)
FN:831,(anonymous_147)
FN:833,(anonymous_148)
FN:839,(anonymous_149)
FN:841,(anonymous_150)
FN:847,(anonymous_151)
FN:849,(anonymous_152)
FN:855,(anonymous_153)
FN:857,(anonymous_154)
FN:863,(anonymous_155)
FN:865,(anonymous_156)
FN:871,(anonymous_157)
FN:873,(anonymous_158)
FN:879,(anonymous_159)
FN:881,(anonymous_160)
FN:887,(anonymous_161)
FN:889,(anonymous_162)
FN:895,(anonymous_163)
FN:897,(anonymous_164)
FN:903,(anonymous_165)
FN:907,(anonymous_166)
FN:913,(anonymous_167)
FN:917,(anonymous_168)
FN:923,(anonymous_169)
FN:927,(anonymous_170)
FN:933,(anonymous_171)
FN:937,(anonymous_172)
FN:943,(anonymous_173)
FN:947,(anonymous_174)
FN:953,(anonymous_175)
FN:957,(anonymous_176)
FN:963,(anonymous_177)
FN:967,(anonymous_178)
FN:973,(anonymous_179)
FN:977,(anonymous_180)
FN:983,(anonymous_181)
FN:987,(anonymous_182)
FN:993,(anonymous_183)
FN:995,(anonymous_184)
FN:1001,(anonymous_185)
FN:1003,(anonymous_186)
FN:1009,(anonymous_187)
FN:1011,(anonymous_188)
FN:1017,(anonymous_189)
FN:1019,(anonymous_190)
FN:1025,(anonymous_191)
FN:1029,(anonymous_192)
FN:1035,(anonymous_193)
FN:1037,(anonymous_194)
FN:1043,(anonymous_195)
FN:1045,(anonymous_196)
FN:1051,(anonymous_197)
FN:1053,(anonymous_198)
FN:1059,(anonymous_199)
FN:1061,(anonymous_200)
FN:1067,(anonymous_201)
FN:1071,(anonymous_202)
FN:1077,(anonymous_203)
FN:1081,(anonymous_204)
FNF:204
FNH:0
FNDA:0,(anonymous_1)
FNDA:0,(anonymous_2)
FNDA:0,(anonymous_3)
FNDA:0,(anonymous_4)
FNDA:0,(anonymous_5)
FNDA:0,(anonymous_6)
FNDA:0,(anonymous_7)
FNDA:0,(anonymous_8)
FNDA:0,(anonymous_9)
FNDA:0,(anonymous_10)
FNDA:0,(anonymous_11)
FNDA:0,(anonymous_12)
FNDA:0,(anonymous_13)
FNDA:0,(anonymous_14)
FNDA:0,(anonymous_15)
FNDA:0,(anonymous_16)
FNDA:0,(anonymous_17)
FNDA:0,(anonymous_18)
FNDA:0,(anonymous_19)
FNDA:0,(anonymous_20)
FNDA:0,(anonymous_21)
FNDA:0,(anonymous_22)
FNDA:0,(anonymous_23)
FNDA:0,(anonymous_24)
FNDA:0,(anonymous_25)
FNDA:0,(anonymous_26)
FNDA:0,(anonymous_27)
FNDA:0,(anonymous_28)
FNDA:0,(anonymous_29)
FNDA:0,(anonymous_30)
FNDA:0,(anonymous_31)
FNDA:0,(anonymous_32)
FNDA:0,(anonymous_33)
FNDA:0,(anonymous_34)
FNDA:0,(anonymous_35)
FNDA:0,(anonymous_36)
FNDA:0,(anonymous_37)
FNDA:0,(anonymous_38)
FNDA:0,(anonymous_39)
FNDA:0,(anonymous_40)
FNDA:0,(anonymous_41)
FNDA:0,(anonymous_42)
FNDA:0,(anonymous_43)
FNDA:0,(anonymous_44)
FNDA:0,(anonymous_45)
FNDA:0,(anonymous_46)
FNDA:0,(anonymous_47)
FNDA:0,(anonymous_48)
FNDA:0,(anonymous_49)
FNDA:0,(anonymous_50)
FNDA:0,(anonymous_51)
FNDA:0,(anonymous_52)
FNDA:0,(anonymous_53)
FNDA:0,(anonymous_54)
FNDA:0,(anonymous_55)
FNDA:0,(anonymous_56)
FNDA:0,(anonymous_57)
FNDA:0,(anonymous_58)
FNDA:0,(anonymous_59)
FNDA:0,(anonymous_60)
FNDA:0,(anonymous_61)
FNDA:0,(anonymous_62)
FNDA:0,(anonymous_63)
FNDA:0,(anonymous_64)
FNDA:0,(anonymous_65)
FNDA:0,(anonymous_66)
FNDA:0,(anonymous_67)
FNDA:0,(anonymous_68)
FNDA:0,(anonymous_69)
FNDA:0,(anonymous_70)
FNDA:0,(anonymous_71)
FNDA:0,(anonymous_72)
FNDA:0,(anonymous_73)
FNDA:0,(anonymous_74)
FNDA:0,(anonymous_75)
FNDA:0,(anonymous_76)
FNDA:0,(anonymous_77)
FNDA:0,(anonymous_78)
FNDA:0,(anonymous_79)
FNDA:0,(anonymous_80)
FNDA:0,(anonymous_81)
FNDA:0,(anonymous_82)
FNDA:0,(anonymous_83)
FNDA:0,(anonymous_84)
FNDA:0,(anonymous_85)
FNDA:0,(anonymous_86)
FNDA:0,(anonymous_87)
FNDA:0,(anonymous_88)
FNDA:0,(anonymous_89)
FNDA:0,(anonymous_90)
FNDA:0,(anonymous_91)
FNDA:0,(anonymous_92)
FNDA:0,(anonymous_93)
FNDA:0,(anonymous_94)
FNDA:0,(anonymous_95)
FNDA:0,(anonymous_96)
FNDA:0,(anonymous_97)
FNDA:0,(anonymous_98)
FNDA:0,(anonymous_99)
FNDA:0,(anonymous_100)
FNDA:0,(anonymous_101)
FNDA:0,(anonymous_102)
FNDA:0,(anonymous_103)
FNDA:0,(anonymous_104)
FNDA:0,(anonymous_105)
FNDA:0,(anonymous_106)
FNDA:0,(anonymous_107)
FNDA:0,(anonymous_108)
FNDA:0,(anonymous_109)
FNDA:0,(anonymous_110)
FNDA:0,(anonymous_111)
FNDA:0,(anonymous_112)
FNDA:0,(anonymous_113)
FNDA:0,(anonymous_114)
FNDA:0,(anonymous_115)
FNDA:0,(anonymous_116)
FNDA:0,(anonymous_117)
FNDA:0,(anonymous_118)
FNDA:0,(anonymous_119)
FNDA:0,(anonymous_120)
FNDA:0,(anonymous_121)
FNDA:0,(anonymous_122)
FNDA:0,(anonymous_123)
FNDA:0,(anonymous_124)
FNDA:0,(anonymous_125)
FNDA:0,(anonymous_126)
FNDA:0,(anonymous_127)
FNDA:0,(anonymous_128)
FNDA:0,(anonymous_129)
FNDA:0,(anonymous_130)
FNDA:0,(anonymous_131)
FNDA:0,(anonymous_132)
FNDA:0,(anonymous_133)
FNDA:0,(anonymous_134)
FNDA:0,(anonymous_135)
FNDA:0,(anonymous_136)
FNDA:0,(anonymous_137)
FNDA:0,(anonymous_138)
FNDA:0,(anonymous_139)
FNDA:0,(anonymous_140)
FNDA:0,(anonymous_141)
FNDA:0,(anonymous_142)
FNDA:0,(anonymous_143)
FNDA:0,(anonymous_144)
FNDA:0,(anonymous_145)
FNDA:0,(anonymous_146)
FNDA:0,(anonymous_147)
FNDA:0,(anonymous_148)
FNDA:0,(anonymous_149)
FNDA:0,(anonymous_150)
FNDA:0,(anonymous_151)
FNDA:0,(anonymous_152)
FNDA:0,(anonymous_153)
FNDA:0,(anonymous_154)
FNDA:0,(anonymous_155)
FNDA:0,(anonymous_156)
FNDA:0,(anonymous_157)
FNDA:0,(anonymous_158)
FNDA:0,(anonymous_159)
FNDA:0,(anonymous_160)
FNDA:0,(anonymous_161)
FNDA:0,(anonymous_162)
FNDA:0,(anonymous_163)
FNDA:0,(anonymous_164)
FNDA:0,(anonymous_165)
FNDA:0,(anonymous_166)
FNDA:0,(anonymous_167)
FNDA:0,(anonymous_168)
FNDA:0,(anonymous_169)
FNDA:0,(anonymous_170)
FNDA:0,(anonymous_171)
FNDA:0,(anonymous_172)
FNDA:0,(anonymous_173)
FNDA:0,(anonymous_174)
FNDA:0,(anonymous_175)
FNDA:0,(anonymous_176)
FNDA:0,(anonymous_177)
FNDA:0,(anonymous_178)
FNDA:0,(anonymous_179)
FNDA:0,(anonymous_180)
FNDA:0,(anonymous_181)
FNDA:0,(anonymous_182)
FNDA:0,(anonymous_183)
FNDA:0,(anonymous_184)
FNDA:0,(anonymous_185)
FNDA:0,(anonymous_186)
FNDA:0,(anonymous_187)
FNDA:0,(anonymous_188)
FNDA:0,(anonymous_189)
FNDA:0,(anonymous_190)
FNDA:0,(anonymous_191)
FNDA:0,(anonymous_192)
FNDA:0,(anonymous_193)
FNDA:0,(anonymous_194)
FNDA:0,(anonymous_195)
FNDA:0,(anonymous_196)
FNDA:0,(anonymous_197)
FNDA:0,(anonymous_198)
FNDA:0,(anonymous_199)
FNDA:0,(anonymous_200)
FNDA:0,(anonymous_201)
FNDA:0,(anonymous_202)
FNDA:0,(anonymous_203)
FNDA:0,(anonymous_204)
DA:1,0
DA:2,0
DA:3,0
DA:4,0
DA:9,0
DA:10,0
DA:73,0
DA:81,0
DA:83,0
DA:84,0
DA:85,0
DA:86,0
DA:94,0
DA:95,0
DA:97,0
DA:101,0
DA:110,0
DA:111,0
DA:113,0
DA:114,0
DA:120,0
DA:130,0
DA:140,0
DA:141,0
DA:143,0
DA:144,0
DA:152,0
DA:159,0
DA:166,0
DA:181,0
DA:182,0
DA:183,0
DA:186,0
DA:187,0
DA:188,0
DA:195,0
DA:198,0
DA:200,0
DA:208,0
DA:212,0
DA:213,0
DA:214,0
DA:217,0
DA:218,0
DA:230,0
DA:231,0
DA:234,0
DA:235,0
DA:246,0
DA:247,0
DA:250,0
DA:251,0
DA:263,0
DA:264,0
DA:267,0
DA:271,0
DA:272,0
DA:275,0
DA:276,0
DA:288,0
DA:289,0
DA:292,0
DA:296,0
DA:297,0
DA:300,0
DA:301,0
DA:313,0
DA:314,0
DA:317,0
DA:321,0
DA:325,0
DA:326,0
DA:329,0
DA:330,0
DA:345,0
DA:349,0
DA:350,0
DA:353,0
DA:360,0
DA:364,0
DA:365,0
DA:368,0
DA:375,0
DA:379,0
DA:380,0
DA:383,0
DA:390,0
DA:394,0
DA:395,0
DA:398,0
DA:405,0
DA:409,0
DA:410,0
DA:413,0
DA:420,0
DA:424,0
DA:425,0
DA:428,0
DA:435,0
DA:439,0
DA:440,0
DA:443,0
DA:450,0
DA:451,0
DA:454,0
DA:458,0
DA:459,0
DA:462,0
DA:466,0
DA:467,0
DA:470,0
DA:474,0
DA:475,0
DA:478,0
DA:482,0
DA:483,0
DA:486,0
DA:490,0
DA:491,0
DA:494,0
DA:498,0
DA:499,0
DA:502,0
DA:506,0
DA:507,0
DA:510,0
DA:514,0
DA:515,0
DA:518,0
DA:522,0
DA:523,0
DA:526,0
DA:530,0
DA:531,0
DA:534,0
DA:540,0
DA:541,0
DA:544,0
DA:548,0
DA:549,0
DA:552,0
DA:556,0
DA:557,0
DA:560,0
DA:564,0
DA:565,0
DA:568,0
DA:572,0
DA:573,0
DA:576,0
DA:582,0
DA:583,0
DA:586,0
DA:590,0
DA:591,0
DA:594,0
DA:598,0
DA:599,0
DA:602,0
DA:606,0
DA:607,0
DA:610,0
DA:614,0
DA:615,0
DA:618,0
DA:622,0
DA:623,0
DA:626,0
DA:630,0
DA:631,0
DA:634,0
DA:638,0
DA:639,0
DA:642,0
DA:646,0
DA:647,0
DA:650,0
DA:656,0
DA:657,0
DA:660,0
DA:664,0
DA:665,0
DA:668,0
DA:672,0
DA:673,0
DA:676,0
DA:680,0
DA:681,0
DA:684,0
DA:688,0
DA:689,0
DA:692,0
DA:698,0
DA:699,0
DA:702,0
DA:706,0
DA:707,0
DA:710,0
DA:714,0
DA:715,0
DA:718,0
DA:722,0
DA:723,0
DA:726,0
DA:730,0
DA:731,0
DA:734,0
DA:740,0
DA:741,0
DA:744,0
DA:748,0
DA:749,0
DA:752,0
DA:756,0
DA:757,0
DA:760,0
DA:764,0
DA:765,0
DA:768,0
DA:772,0
DA:773,0
DA:776,0
DA:782,0
DA:783,0
DA:786,0
DA:790,0
DA:791,0
DA:794,0
DA:798,0
DA:799,0
DA:802,0
DA:806,0
DA:807,0
DA:810,0
DA:814,0
DA:815,0
DA:818,0
DA:824,0
DA:825,0
DA:828,0
DA:832,0
DA:833,0
DA:836,0
DA:840,0
DA:841,0
DA:844,0
DA:848,0
DA:849,0
DA:852,0
DA:856,0
DA:857,0
DA:860,0
DA:864,0
DA:865,0
DA:868,0
DA:872,0
DA:873,0
DA:876,0
DA:880,0
DA:881,0
DA:884,0
DA:888,0
DA:889,0
DA:892,0
DA:896,0
DA:897,0
DA:900,0
DA:906,0
DA:907,0
DA:910,0
DA:916,0
DA:917,0
DA:920,0
DA:926,0
DA:927,0
DA:930,0
DA:936,0
DA:937,0
DA:940,0
DA:946,0
DA:947,0
DA:950,0
DA:956,0
DA:957,0
DA:960,0
DA:966,0
DA:967,0
DA:970,0
DA:976,0
DA:977,0
DA:980,0
DA:986,0
DA:987,0
DA:990,0
DA:994,0
DA:995,0
DA:998,0
DA:1002,0
DA:1003,0
DA:1006,0
DA:1010,0
DA:1011,0
DA:1014,0
DA:1018,0
DA:1019,0
DA:1022,0
DA:1028,0
DA:1029,0
DA:1032,0
DA:1036,0
DA:1037,0
DA:1040,0
DA:1044,0
DA:1045,0
DA:1048,0
DA:1052,0
DA:1053,0
DA:1056,0
DA:1060,0
DA:1061,0
DA:1064,0
DA:1070,0
DA:1071,0
DA:1074,0
DA:1078,0
DA:1102,0
DA:1115,0
DA:1116,0
DA:1117,0
DA:1118,0
DA:1123,0
DA:1127,0
DA:1131,0
DA:1132,0
DA:1133,0
DA:1137,0
DA:1138,0
DA:1141,0
DA:1142,0
DA:1146,0
DA:1147,0
DA:1148,0
DA:1157,0
DA:1158,0
DA:1161,0
DA:1162,0
DA:1163,0
DA:1164,0
DA:1167,0
LF:349
LH:0
BRDA:81,0,0,0
BRDA:94,1,0,0
BRDA:95,2,0,0
BRDA:95,2,1,0
BRDA:179,3,0,0
BRDA:182,4,0,0
BRDA:195,5,0,0
BRDA:195,5,1,0
BRDA:538,6,0,0
BRDA:580,7,0,0
BRDA:654,8,0,0
BRDA:696,9,0,0
BRDA:738,10,0,0
BRDA:780,11,0,0
BRDA:822,12,0,0
BRDA:904,13,0,0
BRDA:914,14,0,0
BRDA:924,15,0,0
BRDA:934,16,0,0
BRDA:944,17,0,0
BRDA:954,18,0,0
BRDA:964,19,0,0
BRDA:974,20,0,0
BRDA:984,21,0,0
BRDA:1026,22,0,0
BRDA:1068,23,0,0
BRDA:1081,24,0,0
BRDA:1125,25,0,0
BRDA:1125,25,1,0
BRDA:1134,26,0,0
BRDA:1134,26,1,0
BRDA:1137,27,0,0
BRDA:1141,28,0,0
BRDA:1142,29,0,0
BRDA:1142,29,1,0
BRDA:1149,30,0,0
BRDA:1149,30,1,0
BRDA:1151,31,0,0
BRDA:1151,31,1,0
BRDA:1157,32,0,0
BRDA:1161,33,0,0
BRDA:1161,33,1,0
BRDA:1163,34,0,0
BRDA:1163,35,0,0
BRDA:1163,35,1,0
BRF:45
BRH:0
end_of_record
TN:
SF:src/services/stateset-client.ts
FN:44,(anonymous_1)
FN:77,(anonymous_2)
FN:95,(anonymous_3)
FN:108,(anonymous_4)
FN:116,(anonymous_5)
FN:146,(anonymous_6)
FN:178,(anonymous_7)
FN:186,(anonymous_8)
FN:224,(anonymous_9)
FN:276,(anonymous_10)
FN:285,(anonymous_11)
FN:290,(anonymous_12)
FN:295,(anonymous_13)
FN:309,(anonymous_14)
FN:320,(anonymous_15)
FN:343,(anonymous_16)
FN:363,(anonymous_17)
FN:367,(anonymous_18)
FN:372,(anonymous_19)
FN:374,(anonymous_20)
FN:390,(anonymous_21)
FN:394,(anonymous_22)
FN:420,(anonymous_23)
FN:431,(anonymous_24)
FN:441,(anonymous_25)
FN:451,(anonymous_26)
FN:464,(anonymous_27)
FN:471,(anonymous_28)
FN:481,(anonymous_29)
FN:491,(anonymous_30)
FN:505,(anonymous_31)
FN:514,(anonymous_32)
FN:524,(anonymous_33)
FN:540,(anonymous_34)
FN:551,(anonymous_35)
FN:562,(anonymous_36)
FN:580,(anonymous_37)
FN:586,(anonymous_38)
FN:587,(anonymous_39)
FN:594,(anonymous_40)
FN:598,(anonymous_41)
FN:612,(anonymous_42)
FN:629,(anonymous_43)
FN:640,(anonymous_44)
FN:644,(anonymous_45)
FN:654,(anonymous_46)
FN:669,(anonymous_47)
FN:678,(anonymous_48)
FN:693,(anonymous_49)
FN:707,(anonymous_50)
FN:717,(anonymous_51)
FN:729,(anonymous_52)
FN:738,(anonymous_53)
FN:753,(anonymous_54)
FN:767,(anonymous_55)
FN:777,(anonymous_56)
FN:789,(anonymous_57)
FN:798,(anonymous_58)
FN:813,(anonymous_59)
FN:827,(anonymous_60)
FN:837,(anonymous_61)
FN:849,(anonymous_62)
FN:858,(anonymous_63)
FN:865,(anonymous_64)
FN:869,(anonymous_65)
FN:883,(anonymous_66)
FN:897,(anonymous_67)
FN:907,(anonymous_68)
FN:919,(anonymous_69)
FN:928,(anonymous_70)
FN:943,(anonymous_71)
FN:957,(anonymous_72)
FN:971,(anonymous_73)
FN:983,(anonymous_74)
FN:992,(anonymous_75)
FN:1007,(anonymous_76)
FN:1021,(anonymous_77)
FN:1035,(anonymous_78)
FN:1047,(anonymous_79)
FN:1056,(anonymous_80)
FN:1071,(anonymous_81)
FN:1085,(anonymous_82)
FN:1095,(anonymous_83)
FN:1105,(anonymous_84)
FN:1114,(anonymous_85)
FN:1129,(anonymous_86)
FN:1143,(anonymous_87)
FN:1153,(anonymous_88)
FNF:88
FNH:0
FNDA:0,(anonymous_1)
FNDA:0,(anonymous_2)
FNDA:0,(anonymous_3)
FNDA:0,(anonymous_4)
FNDA:0,(anonymous_5)
FNDA:0,(anonymous_6)
FNDA:0,(anonymous_7)
FNDA:0,(anonymous_8)
FNDA:0,(anonymous_9)
FNDA:0,(anonymous_10)
FNDA:0,(anonymous_11)
FNDA:0,(anonymous_12)
FNDA:0,(anonymous_13)
FNDA:0,(anonymous_14)
FNDA:0,(anonymous_15)
FNDA:0,(anonymous_16)
FNDA:0,(anonymous_17)
FNDA:0,(anonymous_18)
FNDA:0,(anonymous_19)
FNDA:0,(anonymous_20)
FNDA:0,(anonymous_21)
FNDA:0,(anonymous_22)
FNDA:0,(anonymous_23)
FNDA:0,(anonymous_24)
FNDA:0,(anonymous_25)
FNDA:0,(anonymous_26)
FNDA:0,(anonymous_27)
FNDA:0,(anonymous_28)
FNDA:0,(anonymous_29)
FNDA:0,(anonymous_30)
FNDA:0,(anonymous_31)
FNDA:0,(anonymous_32)
FNDA:0,(anonymous_33)
FNDA:0,(anonymous_34)
FNDA:0,(anonymous_35)
FNDA:0,(anonymous_36)
FNDA:0,(anonymous_37)
FNDA:0,(anonymous_38)
FNDA:0,(anonymous_39)
FNDA:0,(anonymous_40)
FNDA:0,(anonymous_41)
FNDA:0,(anonymous_42)
FNDA:0,(anonymous_43)
FNDA:0,(anonymous_44)
FNDA:0,(anonymous_45)
FNDA:0,(anonymous_46)
FNDA:0,(anonymous_47)
FNDA:0,(anonymous_48)
FNDA:0,(anonymous_49)
FNDA:0,(anonymous_50)
FNDA:0,(anonymous_51)
FNDA:0,(anonymous_52)
FNDA:0,(anonymous_53)
FNDA:0,(anonymous_54)
FNDA:0,(anonymous_55)
FNDA:0,(anonymous_56)
FNDA:0,(anonymous_57)
FNDA:0,(anonymous_58)
FNDA:0,(anonymous_59)
FNDA:0,(anonymous_60)
FNDA:0,(anonymous_61)
FNDA:0,(anonymous_62)
FNDA:0,(anonymous_63)
FNDA:0,(anonymous_64)
FNDA:0,(anonymous_65)
FNDA:0,(anonymous_66)
FNDA:0,(anonymous_67)
FNDA:0,(anonymous_68)
FNDA:0,(anonymous_69)
FNDA:0,(anonymous_70)
FNDA:0,(anonymous_71)
FNDA:0,(anonymous_72)
FNDA:0,(anonymous_73)
FNDA:0,(anonymous_74)
FNDA:0,(anonymous_75)
FNDA:0,(anonymous_76)
FNDA:0,(anonymous_77)
FNDA:0,(anonymous_78)
FNDA:0,(anonymous_79)
FNDA:0,(anonymous_80)
FNDA:0,(anonymous_81)
FNDA:0,(anonymous_82)
FNDA:0,(anonymous_83)
FNDA:0,(anonymous_84)
FNDA:0,(anonymous_85)
FNDA:0,(anonymous_86)
FNDA:0,(anonymous_87)
FNDA:0,(anonymous_88)
DA:1,0
DA:2,0
DA:3,0
DA:4,0
DA:5,0
DA:6,0
DA:7,0
DA:10,0
DA:43,0
DA:46,0
DA:47,0
DA:48,0
DA:50,0
DA:51,0
DA:65,0
DA:71,0
DA:74,0
DA:75,0
DA:78,0
DA:79,0
DA:82,0
DA:94,0
DA:96,0
DA:97,0
DA:98,0
DA:100,0
DA:106,0
DA:109,0
DA:110,0
DA:115,0
DA:117,0
DA:118,0
DA:119,0
DA:121,0
DA:128,0
DA:136,0
DA:137,0
DA:144,0
DA:147,0
DA:148,0
DA:149,0
DA:151,0
DA:158,0
DA:165,0
DA:175,0
DA:179,0
DA:180,0
DA:182,0
DA:192,0
DA:193,0
DA:199,0
DA:200,0
DA:201,0
DA:202,0
DA:203,0
DA:218,0
DA:219,0
DA:220,0
DA:224,0
DA:225,0
DA:227,0
DA:228,0
DA:235,0
DA:238,0
DA:239,0
DA:243,0
DA:244,0
DA:251,0
DA:263,0
DA:266,0
DA:267,0
DA:268,0
DA:276,0
DA:277,0
DA:280,0
DA:285,0
DA:286,0
DA:290,0
DA:291,0
DA:294,0
DA:297,0
DA:298,0
DA:300,0
DA:305,0
DA:306,0
DA:309,0
DA:310,0
DA:314,0
DA:322,0
DA:323,0
DA:327,0
DA:328,0
DA:329,0
DA:333,0
DA:334,0
DA:337,0
DA:345,0
DA:346,0
DA:347,0
DA:348,0
DA:349,0
DA:354,0
DA:355,0
DA:356,0
DA:357,0
DA:359,0
DA:364,0
DA:368,0
DA:369,0
DA:374,0
DA:375,0
DA:378,0
DA:379,0
DA:380,0
DA:381,0
DA:383,0
DA:392,0
DA:394,0
DA:395,0
DA:401,0
DA:407,0
DA:409,0
DA:413,0
DA:414,0
DA:417,0
DA:421,0
DA:422,0
DA:428,0
DA:432,0
DA:438,0
DA:442,0
DA:448,0
DA:452,0
DA:458,0
DA:465,0
DA:472,0
DA:478,0
DA:482,0
DA:488,0
DA:492,0
DA:502,0
DA:506,0
DA:511,0
DA:515,0
DA:521,0
DA:525,0
DA:526,0
DA:537,0
DA:541,0
DA:548,0
DA:552,0
DA:558,0
DA:567,0
DA:568,0
DA:570,0
DA:578,0
DA:579,0
DA:580,0
DA:581,0
DA:586,0
DA:588,0
DA:589,0
DA:593,0
DA:594,0
DA:597,0
DA:598,0
DA:602,0
DA:608,0
DA:613,0
DA:625,0
DA:630,0
DA:641,0
DA:645,0
DA:651,0
DA:655,0
DA:665,0
DA:670,0
DA:675,0
DA:679,0
DA:680,0
DA:690,0
DA:694,0
DA:704,0
DA:708,0
DA:714,0
DA:720,0
DA:725,0
DA:730,0
DA:735,0
DA:739,0
DA:740,0
DA:750,0
DA:754,0
DA:764,0
DA:768,0
DA:774,0
DA:780,0
DA:785,0
DA:790,0
DA:795,0
DA:799,0
DA:800,0
DA:810,0
DA:814,0
DA:824,0
DA:828,0
DA:834,0
DA:840,0
DA:845,0
DA:850,0
DA:855,0
DA:859,0
DA:866,0
DA:870,0
DA:880,0
DA:884,0
DA:894,0
DA:898,0
DA:904,0
DA:910,0
DA:915,0
DA:920,0
DA:925,0
DA:929,0
DA:930,0
DA:940,0
DA:944,0
DA:954,0
DA:958,0
DA:968,0
DA:974,0
DA:979,0
DA:984,0
DA:989,0
DA:993,0
DA:994,0
DA:1004,0
DA:1008,0
DA:1018,0
DA:1022,0
DA:1032,0
DA:1038,0
DA:1043,0
DA:1048,0
DA:1053,0
DA:1057,0
DA:1058,0
DA:1068,0
DA:1072,0
DA:1082,0
DA:1086,0
DA:1092,0
DA:1096,0
DA:1101,0
DA:1106,0
DA:1111,0
DA:1115,0
DA:1116,0
DA:1126,0
DA:1130,0
DA:1140,0
DA:1144,0
DA:1150,0
DA:1154,0
DA:1159,0
DA:1164,0
LF:266
LH:0
BRDA:77,0,0,0
BRDA:101,1,0,0
BRDA:101,1,1,0
BRDA:102,2,0,0
BRDA:102,2,1,0
BRDA:118,3,0,0
BRDA:118,3,1,0
BRDA:122,4,0,0
BRDA:122,4,1,0
BRDA:123,5,0,0
BRDA:123,5,1,0
BRDA:129,6,0,0
BRDA:129,6,1,0
BRDA:130,7,0,0
BRDA:130,7,1,0
BRDA:136,8,0,0
BRDA:136,9,0,0
BRDA:136,9,1,0
BRDA:148,10,0,0
BRDA:148,10,1,0
BRDA:152,11,0,0
BRDA:152,11,1,0
BRDA:153,12,0,0
BRDA:153,12,1,0
BRDA:159,13,0,0
BRDA:159,13,1,0
BRDA:160,14,0,0
BRDA:160,14,1,0
BRDA:161,15,0,0
BRDA:161,15,1,0
BRDA:179,16,0,0
BRDA:182,17,0,0
BRDA:182,17,1,0
BRDA:190,18,0,0
BRDA:199,19,0,0
BRDA:199,20,0,0
BRDA:199,20,1,0
BRDA:201,21,0,0
BRDA:218,22,0,0
BRDA:218,23,0,0
BRDA:218,23,1,0
BRDA:224,24,0,0
BRDA:232,25,0,0
BRDA:232,25,1,0
BRDA:238,26,0,0
BRDA:238,27,0,0
BRDA:238,27,1,0
BRDA:243,28,0,0
BRDA:243,29,0,0
BRDA:243,29,1,0
BRDA:243,29,2,0
BRDA:256,30,0,0
BRDA:256,30,1,0
BRDA:258,31,0,0
BRDA:258,31,1,0
BRDA:259,32,0,0
BRDA:259,32,1,0
BRDA:266,33,0,0
BRDA:266,34,0,0
BRDA:266,34,1,0
BRDA:273,35,0,0
BRDA:273,35,1,0
BRDA:297,36,0,0
BRDA:298,37,0,0
BRDA:298,37,1,0
BRDA:305,38,0,0
BRDA:322,39,0,0
BRDA:322,40,0,0
BRDA:322,40,1,0
BRDA:327,41,0,0
BRDA:327,41,1,0
BRDA:328,42,0,0
BRDA:328,43,0,0
BRDA:328,43,1,0
BRDA:333,44,0,0
BRDA:333,45,0,0
BRDA:333,45,1,0
BRDA:346,46,0,0
BRDA:348,47,0,0
BRDA:368,48,0,0
BRDA:368,48,1,0
BRDA:414,49,0,0
BRDA:441,50,0,0
BRDA:481,51,0,0
BRDA:551,52,0,0
BRDA:565,53,0,0
BRDA:567,54,0,0
BRDA:567,55,0,0
BRDA:597,56,0,0
BRDA:718,57,0,0
BRDA:778,58,0,0
BRDA:838,59,0,0
BRDA:908,60,0,0
BRDA:972,61,0,0
BRDA:1036,62,0,0
BRDA:1095,63,0,0
BRDA:1153,64,0,0
BRF:97
BRH:0
end_of_record
TN:
SF:src/tools/batch-operations.ts
FN:77,executeBatchOperations
FN:98,(anonymous_1)
FN:108,(anonymous_2)
FN:185,executeOperation
FNF:4
FNH:0
FNDA:0,executeBatchOperations
FNDA:0,(anonymous_1)
FNDA:0,(anonymous_2)
FNDA:0,executeOperation
DA:1,0
DA:3,0
DA:4,0
DA:5,0
DA:24,0
DA:27,0
DA:45,0
DA:77,0
DA:86,0
DA:87,0
DA:88,0
DA:89,0
DA:91,0
DA:93,0
DA:94,0
DA:96,0
DA:97,0
DA:98,0
DA:99,0
DA:100,0
DA:101,0
DA:102,0
DA:103,0
DA:106,0
DA:108,0
DA:113,0
DA:115,0
DA:116,0
DA:117,0
DA:119,0
DA:120,0
DA:125,0
DA:129,0
DA:130,0
DA:131,0
DA:132,0
DA:133,0
DA:135,0
DA:136,0
DA:137,0
DA:139,0
DA:140,0
DA:145,0
DA:154,0
DA:157,0
DA:158,0
DA:159,0
DA:161,0
DA:169,0
DA:176,0
DA:177,0
DA:178,0
DA:186,0
DA:188,0
DA:190,0
DA:192,0
DA:194,0
DA:196,0
DA:198,0
DA:202,0
DA:204,0
DA:207,0
DA:212,0
DA:214,0
DA:218,0
DA:220,0
DA:222,0
DA:224,0
DA:226,0
DA:230,0
DA:232,0
DA:234,0
DA:236,0
DA:238,0
DA:242,0
DA:244,0
DA:246,0
DA:248,0
DA:250,0
DA:254,0
DA:259,0
DA:311,0
DA:366,0
DA:405,0
DA:451,0
LF:85
LH:0
BRDA:80,0,0,0
BRDA:91,1,0,0
BRDA:91,2,0,0
BRDA:91,3,0,0
BRDA:94,4,0,0
BRDA:94,4,1,0
BRDA:115,5,0,0
BRDA:115,5,1,0
BRDA:119,6,0,0
BRDA:135,7,0,0
BRDA:135,7,1,0
BRDA:139,8,0,0
BRDA:188,9,0,0
BRDA:188,9,1,0
BRDA:188,9,2,0
BRDA:188,9,3,0
BRDA:188,9,4,0
BRDA:188,9,5,0
BRDA:190,10,0,0
BRDA:190,10,1,0
BRDA:190,10,2,0
BRDA:190,10,3,0
BRDA:202,11,0,0
BRDA:202,11,1,0
BRDA:202,11,2,0
BRDA:202,11,3,0
BRDA:218,12,0,0
BRDA:218,12,1,0
BRDA:218,12,2,0
BRDA:218,12,3,0
BRDA:230,13,0,0
BRDA:230,13,1,0
BRDA:230,13,2,0
BRDA:230,13,3,0
BRDA:242,14,0,0
BRDA:242,14,1,0
BRDA:242,14,2,0
BRDA:242,14,3,0
BRF:38
BRH:0
end_of_record
TN:
SF:src/tools/definitions.ts
FNF:0
FNH:0
DA:2,0
DA:3,0
DA:4,0
DA:7,0
DA:666,0
DA:747,0
LF:6
LH:0
BRF:0
BRH:0
end_of_record
TN:
SF:src/tools/dispatcher.ts
FN:13,handleToolCall
FN:503,(anonymous_10)
FN:517,(anonymous_11)
FN:518,(anonymous_12)
FN:519,(anonymous_13)
FN:520,(anonymous_14)
FN:522,(anonymous_15)
FN:573,(anonymous_16)
FN:642,(anonymous_17)
FN:643,(anonymous_18)
FN:644,(anonymous_19)
FN:645,(anonymous_20)
FN:646,(anonymous_21)
FN:647,(anonymous_22)
FN:764,(anonymous_23)
FN:765,(anonymous_24)
FN:766,(anonymous_25)
FN:767,(anonymous_26)
FN:768,(anonymous_27)
FN:773,(anonymous_28)
FN:774,(anonymous_29)
FN:795,(anonymous_30)
FNF:22
FNH:0
FNDA:0,handleToolCall
FNDA:0,(anonymous_10)
FNDA:0,(anonymous_11)
FNDA:0,(anonymous_12)
FNDA:0,(anonymous_13)
FNDA:0,(anonymous_14)
FNDA:0,(anonymous_15)
FNDA:0,(anonymous_16)
FNDA:0,(anonymous_17)
FNDA:0,(anonymous_18)
FNDA:0,(anonymous_19)
FNDA:0,(anonymous_20)
FNDA:0,(anonymous_21)
FNDA:0,(anonymous_22)
FNDA:0,(anonymous_23)
FNDA:0,(anonymous_24)
FNDA:0,(anonymous_25)
FNDA:0,(anonymous_26)
FNDA:0,(anonymous_27)
FNDA:0,(anonymous_28)
FNDA:0,(anonymous_29)
FNDA:0,(anonymous_30)
DA:2,0
DA:3,0
DA:4,0
DA:6,0
DA:7,0
DA:8,0
DA:10,0
DA:11,0
DA:13,0
DA:17,0
DA:20,0
DA:27,0
DA:28,0
DA:34,0
DA:43,0
DA:44,0
DA:50,0
DA:52,0
DA:55,0
DA:56,0
DA:59,0
DA:60,0
DA:61,0
DA:62,0
DA:65,0
DA:68,0
DA:69,0
DA:72,0
DA:73,0
DA:74,0
DA:75,0
DA:78,0
DA:82,0
DA:86,0
DA:89,0
DA:90,0
DA:93,0
DA:94,0
DA:95,0
DA:96,0
DA:99,0
DA:103,0
DA:107,0
DA:111,0
DA:115,0
DA:119,0
DA:123,0
DA:127,0
DA:131,0
DA:135,0
DA:139,0
DA:143,0
DA:147,0
DA:151,0
DA:155,0
DA:159,0
DA:163,0
DA:167,0
DA:171,0
DA:175,0
DA:179,0
DA:183,0
DA:187,0
DA:191,0
DA:195,0
DA:199,0
DA:203,0
DA:207,0
DA:211,0
DA:215,0
DA:219,0
DA:223,0
DA:227,0
DA:231,0
DA:235,0
DA:239,0
DA:240,0
DA:241,0
DA:242,0
DA:245,0
DA:249,0
DA:253,0
DA:257,0
DA:261,0
DA:265,0
DA:269,0
DA:273,0
DA:277,0
DA:281,0
DA:285,0
DA:289,0
DA:293,0
DA:297,0
DA:301,0
DA:305,0
DA:309,0
DA:313,0
DA:317,0
DA:322,0
DA:326,0
DA:331,0
DA:335,0
DA:339,0
DA:343,0
DA:348,0
DA:352,0
DA:356,0
DA:360,0
DA:364,0
DA:369,0
DA:373,0
DA:377,0
DA:381,0
DA:385,0
DA:389,0
DA:393,0
DA:397,0
DA:401,0
DA:405,0
DA:409,0
DA:413,0
DA:417,0
DA:421,0
DA:425,0
DA:429,0
DA:433,0
DA:436,0
DA:437,0
DA:440,0
DA:460,0
DA:461,0
DA:486,0
DA:487,0
DA:488,0
DA:495,0
DA:496,0
DA:497,0
DA:502,0
DA:503,0
DA:508,0
DA:509,0
DA:515,0
DA:517,0
DA:518,0
DA:519,0
DA:520,0
DA:521,0
DA:522,0
DA:523,0
DA:525,0
DA:531,0
DA:532,0
DA:539,0
DA:540,0
DA:541,0
DA:556,0
DA:557,0
DA:558,0
DA:561,0
DA:574,0
DA:577,0
DA:597,0
DA:598,0
DA:632,0
DA:633,0
DA:641,0
DA:642,0
DA:643,0
DA:644,0
DA:645,0
DA:646,0
DA:647,0
DA:650,0
DA:651,0
DA:652,0
DA:655,0
DA:656,0
DA:662,0
DA:663,0
DA:665,0
DA:666,0
DA:668,0
DA:669,0
DA:671,0
DA:672,0
DA:674,0
DA:675,0
DA:677,0
DA:678,0
DA:680,0
DA:681,0
DA:684,0
DA:685,0
DA:686,0
DA:688,0
DA:694,0
DA:695,0
DA:697,0
DA:698,0
DA:700,0
DA:701,0
DA:703,0
DA:704,0
DA:706,0
DA:707,0
DA:709,0
DA:710,0
DA:712,0
DA:713,0
DA:716,0
DA:717,0
DA:719,0
DA:725,0
DA:726,0
DA:728,0
DA:729,0
DA:731,0
DA:732,0
DA:734,0
DA:735,0
DA:737,0
DA:738,0
DA:740,0
DA:741,0
DA:744,0
DA:745,0
DA:747,0
DA:753,0
DA:754,0
DA:757,0
DA:759,0
DA:760,0
DA:763,0
DA:764,0
DA:765,0
DA:766,0
DA:767,0
DA:768,0
DA:772,0
DA:773,0
DA:775,0
DA:776,0
DA:777,0
DA:778,0
DA:780,0
DA:781,0
DA:783,0
DA:787,0
DA:791,0
DA:794,0
DA:796,0
DA:797,0
DA:802,0
DA:808,0
DA:811,0
DA:832,0
DA:834,0
DA:853,0
LF:258
LH:0
BRDA:27,0,0,0
BRDA:27,0,1,0
BRDA:50,1,0,0
BRDA:50,1,1,0
BRDA:50,1,2,0
BRDA:50,1,3,0
BRDA:50,1,4,0
BRDA:50,1,5,0
BRDA:50,1,6,0
BRDA:50,1,7,0
BRDA:50,1,8,0
BRDA:50,1,9,0
BRDA:50,1,10,0
BRDA:50,1,11,0
BRDA:50,1,12,0
BRDA:50,1,13,0
BRDA:50,1,14,0
BRDA:50,1,15,0
BRDA:50,1,16,0
BRDA:50,1,17,0
BRDA:50,1,18,0
BRDA:50,1,19,0
BRDA:50,1,20,0
BRDA:50,1,21,0
BRDA:50,1,22,0
BRDA:50,1,23,0
BRDA:50,1,24,0
BRDA:50,1,25,0
BRDA:50,1,26,0
BRDA:50,1,27,0
BRDA:50,1,28,0
BRDA:50,1,29,0
BRDA:50,1,30,0
BRDA:50,1,31,0
BRDA:50,1,32,0
BRDA:50,1,33,0
BRDA:50,1,34,0
BRDA:50,1,35,0
BRDA:50,1,36,0
BRDA:50,1,37,0
BRDA:50,1,38,0
BRDA:50,1,39,0
BRDA:50,1,40,0
BRDA:50,1,41,0
BRDA:50,1,42,0
BRDA:50,1,43,0
BRDA:50,1,44,0
BRDA:50,1,45,0
BRDA:50,1,46,0
BRDA:50,1,47,0
BRDA:50,1,48,0
BRDA:50,1,49,0
BRDA:50,1,50,0
BRDA:50,1,51,0
BRDA:50,1,52,0
BRDA:50,1,53,0
BRDA:50,1,54,0
BRDA:50,1,55,0
BRDA:50,1,56,0
BRDA:50,1,57,0
BRDA:50,1,58,0
BRDA:50,1,59,0
BRDA:50,1,60,0
BRDA:50,1,61,0
BRDA:50,1,62,0
BRDA:50,1,63,0
BRDA:50,1,64,0
BRDA:50,1,65,0
BRDA:50,1,66,0
BRDA:50,1,67,0
BRDA:50,1,68,0
BRDA:50,1,69,0
BRDA:50,1,70,0
BRDA:50,1,71,0
BRDA:50,1,72,0
BRDA:50,1,73,0
BRDA:50,1,74,0
BRDA:50,1,75,0
BRDA:50,1,76,0
BRDA:50,1,77,0
BRDA:50,1,78,0
BRDA:50,1,79,0
BRDA:50,1,80,0
BRDA:50,1,81,0
BRDA:50,1,82,0
BRDA:50,1,83,0
BRDA:50,1,84,0
BRDA:50,1,85,0
BRDA:50,1,86,0
BRDA:50,1,87,0
BRDA:50,1,88,0
BRDA:50,1,89,0
BRDA:50,1,90,0
BRDA:50,1,91,0
BRDA:50,1,92,0
BRDA:50,1,93,0
BRDA:50,1,94,0
BRDA:50,1,95,0
BRDA:50,1,96,0
BRDA:50,1,97,0
BRDA:50,1,98,0
BRDA:50,1,99,0
BRDA:50,1,100,0
BRDA:50,1,101,0
BRDA:50,1,102,0
BRDA:50,1,103,0
BRDA:50,1,104,0
BRDA:50,1,105,0
BRDA:50,1,106,0
BRDA:50,1,107,0
BRDA:437,2,0,0
BRDA:437,2,1,0
BRDA:487,3,0,0
BRDA:487,3,1,0
BRDA:518,4,0,0
BRDA:518,4,1,0
BRDA:546,5,0,0
BRDA:546,5,1,0
BRDA:546,6,0,0
BRDA:546,6,1,0
BRDA:557,7,0,0
BRDA:557,7,1,0
BRDA:584,8,0,0
BRDA:584,8,1,0
BRDA:634,9,0,0
BRDA:634,9,1,0
BRDA:635,10,0,0
BRDA:635,10,1,0
BRDA:636,11,0,0
BRDA:636,11,1,0
BRDA:637,12,0,0
BRDA:637,12,1,0
BRDA:651,13,0,0
BRDA:665,14,0,0
BRDA:668,15,0,0
BRDA:671,16,0,0
BRDA:674,17,0,0
BRDA:677,18,0,0
BRDA:680,19,0,0
BRDA:684,20,0,0
BRDA:684,20,1,0
BRDA:684,21,0,0
BRDA:684,21,1,0
BRDA:697,22,0,0
BRDA:700,23,0,0
BRDA:703,24,0,0
BRDA:706,25,0,0
BRDA:709,26,0,0
BRDA:712,27,0,0
BRDA:728,28,0,0
BRDA:731,29,0,0
BRDA:734,30,0,0
BRDA:737,31,0,0
BRDA:740,32,0,0
BRDA:754,33,0,0
BRDA:754,33,1,0
BRDA:756,34,0,0
BRDA:756,34,1,0
BRDA:757,35,0,0
BRDA:757,35,1,0
BRDA:777,36,0,0
BRDA:785,37,0,0
BRDA:785,37,1,0
BRF:163
BRH:0
end_of_record
TN:
SF:src/tools/handlers.ts
FN:4,handleToolCall
FNF:1
FNH:0
FNDA:0,handleToolCall
DA:1,0
DA:2,0
DA:4,0
DA:5,0
DA:8,0
DA:10,0
DA:14,0
DA:16,0
DA:17,0
DA:20,0
DA:22,0
DA:23,0
DA:26,0
DA:27,0
DA:32,0
DA:34,0
DA:36,0
DA:37,0
DA:40,0
DA:41,0
DA:44,0
DA:48,0
DA:50,0
DA:52,0
DA:53,0
DA:56,0
DA:57,0
DA:60,0
DA:64,0
DA:66,0
DA:68,0
DA:69,0
DA:72,0
DA:73,0
DA:76,0
DA:80,0
DA:82,0
DA:84,0
DA:85,0
DA:88,0
DA:89,0
DA:92,0
DA:96,0
DA:98,0
DA:100,0
DA:101,0
DA:104,0
DA:105,0
DA:108,0
DA:112,0
DA:114,0
DA:118,0
DA:120,0
DA:121,0
DA:124,0
DA:126,0
DA:127,0
DA:130,0
DA:131,0
DA:136,0
DA:138,0
DA:140,0
DA:141,0
DA:144,0
DA:145,0
DA:148,0
DA:152,0
DA:154,0
DA:156,0
DA:157,0
DA:160,0
DA:161,0
DA:164,0
DA:168,0
DA:170,0
DA:172,0
DA:173,0
DA:176,0
DA:177,0
DA:180,0
DA:184,0
DA:186,0
DA:188,0
DA:189,0
DA:192,0
DA:193,0
DA:196,0
DA:200,0
DA:203,0
LF:89
LH:0
BRDA:5,0,0,0
BRDA:5,0,1,0
BRDA:5,0,2,0
BRDA:5,0,3,0
BRDA:5,0,4,0
BRDA:5,0,5,0
BRDA:5,0,6,0
BRDA:5,0,7,0
BRDA:5,0,8,0
BRDA:5,0,9,0
BRDA:5,0,10,0
BRDA:5,0,11,0
BRDA:5,0,12,0
BRDA:5,0,13,0
BRDA:5,0,14,0
BRDA:5,0,15,0
BRDA:5,0,16,0
BRDA:5,0,17,0
BRDA:5,0,18,0
BRDA:5,0,19,0
BRDA:5,0,20,0
BRDA:5,0,21,0
BRDA:5,0,22,0
BRDA:5,0,23,0
BRDA:5,0,24,0
BRDA:5,0,25,0
BRDA:5,0,26,0
BRDA:5,0,27,0
BRDA:5,0,28,0
BRDA:5,0,29,0
BRDA:5,0,30,0
BRDA:5,0,31,0
BRDA:5,0,32,0
BRDA:5,0,33,0
BRDA:5,0,34,0
BRDA:5,0,35,0
BRDA:5,0,36,0
BRDA:5,0,37,0
BRDA:5,0,38,0
BRDA:5,0,39,0
BRDA:5,0,40,0
BRDA:5,0,41,0
BRDA:5,0,42,0
BRDA:5,0,43,0
BRDA:5,0,44,0
BRDA:5,0,45,0
BRDA:5,0,46,0
BRDA:5,0,47,0
BRDA:5,0,48,0
BRDA:5,0,49,0
BRDA:5,0,50,0
BRDA:5,0,51,0
BRDA:5,0,52,0
BRDA:5,0,53,0
BRDA:5,0,54,0
BRDA:5,0,55,0
BRDA:5,0,56,0
BRDA:5,0,57,0
BRDA:5,0,58,0
BRDA:5,0,59,0
BRDA:5,0,60,0
BRF:61
BRH:0
end_of_record
TN:
SF:src/tools/schemas.ts
FNF:0
FNH:0
DA:1,1
DA:4,1
DA:13,1
DA:19,1
DA:25,1
DA:29,1
DA:34,1
DA:52,1
DA:60,1
DA:64,1
DA:69,1
DA:76,1
DA:84,1
DA:88,1
DA:93,1
DA:99,1
DA:106,1
DA:110,1
DA:115,1
DA:125,1
DA:135,1
DA:139,1
DA:144,1
DA:159,1
DA:165,1
DA:169,1
DA:174,1
DA:182,1
DA:190,1
DA:194,1
DA:199,1
DA:214,1
DA:230,1
DA:234,1
DA:239,1
DA:254,1
DA:270,1
DA:274,1
DA:279,1
DA:293,1
DA:306,1
DA:310,1
DA:315,1
DA:331,1
DA:346,1
DA:350,1
DA:355,1
DA:370,1
DA:378,1
DA:382,1
DA:387,1
DA:402,1
DA:416,1
DA:420,1
DA:425,1
DA:439,1
DA:452,1
DA:456,1
DA:461,1
DA:475,1
DA:488,1
DA:492,1
DA:497,1
DA:513,1
DA:521,1
DA:525,1
DA:530,1
DA:543,1
DA:556,1
DA:560,1
DA:565,1
DA:579,1
DA:594,1
DA:598,1
DA:603,1
DA:608,1
LF:76
LH:76
BRF:0
BRH:0
end_of_record
TN:
SF:src/tools/search-tools.ts
FN:388,buildSearchQuery
FN:399,(anonymous_1)
FN:440,(anonymous_2)
FNF:3
FNH:0
FNDA:0,buildSearchQuery
FNDA:0,(anonymous_1)
FNDA:0,(anonymous_2)
DA:1,0
DA:5,0
DA:23,0
DA:28,0
DA:33,0
DA:39,0
DA:115,0
DA:171,0
DA:217,0
DA:262,0
DA:297,0
DA:328,0
DA:375,0
DA:388,0
DA:389,0
DA:399,0
DA:400,0
DA:402,0
DA:404,0
DA:405,0
DA:407,0
DA:408,0
DA:410,0
DA:411,0
DA:413,0
DA:414,0
DA:416,0
DA:417,0
DA:419,0
DA:420,0
DA:422,0
DA:423,0
DA:425,0
DA:426,0
DA:428,0
DA:429,0
DA:431,0
DA:432,0
DA:434,0
DA:435,0
DA:440,0
DA:441,0
DA:444,0
LF:43
LH:0
BRDA:402,0,0,0
BRDA:402,0,1,0
BRDA:402,0,2,0
BRDA:402,0,3,0
BRDA:402,0,4,0
BRDA:402,0,5,0
BRDA:402,0,6,0
BRDA:402,0,7,0
BRDA:402,0,8,0
BRDA:402,0,9,0
BRDA:402,0,10,0
BRDA:441,1,0,0
BRDA:441,1,1,0
BRF:13
BRH:0
end_of_record
TN:
SF:src/types/index.ts
FNF:0
FNH:0
DA:2,0
DA:3,0
DA:4,0
DA:5,0
LF:4
LH:0
BRF:0
BRH:0
end_of_record
TN:
SF:src/types/resources.ts
FN:6,(anonymous_0)
FNF:1
FNH:0
FNDA:0,(anonymous_0)
DA:6,0
DA:7,0
DA:8,0
DA:9,0
DA:10,0
DA:11,0
DA:12,0
DA:13,0
DA:14,0
DA:15,0
DA:16,0
DA:17,0
DA:18,0
DA:19,0
DA:20,0
DA:21,0
DA:22,0
DA:23,0
DA:24,0
LF:19
LH:0
BRDA:6,0,0,0
BRDA:6,0,1,0
BRF:2
BRH:0
end_of_record
TN:
SF:src/types/tools.ts
FN:6,(anonymous_0)
FNF:1
FNH:0
FNDA:0,(anonymous_0)
DA:6,0
DA:7,0
DA:8,0
DA:9,0
DA:10,0
DA:11,0
DA:12,0
DA:13,0
DA:14,0
DA:15,0
LF:10
LH:0
BRDA:6,0,0,0
BRDA:6,0,1,0
BRF:2
BRH:0
end_of_record
TN:
SF:src/utils/broadcast.ts
FN:4,broadcastResourceUpdate
FNF:1
FNH:0
FNDA:0,broadcastResourceUpdate
DA:1,0
DA:2,0
DA:4,0
DA:11,0
DA:19,0
DA:26,0
LF:6
LH:0
BRF:0
BRH:0
end_of_record
TN:
SF:src/utils/logger.ts
FN:21,(anonymous_1)
FN:22,(anonymous_2)
FN:32,(anonymous_3)
FN:38,(anonymous_4)
FN:75,(anonymous_5)
FN:81,(anonymous_6)
FN:88,(anonymous_7)
FN:92,(anonymous_8)
FN:96,(anonymous_9)
FN:100,(anonymous_10)
FN:104,(anonymous_11)
FN:112,(anonymous_12)
FN:121,(anonymous_13)
FN:137,(anonymous_14)
FN:139,(anonymous_15)
FN:148,(anonymous_16)
FN:158,(anonymous_17)
FN:170,(anonymous_18)
FN:181,(anonymous_19)
FN:191,(anonymous_20)
FN:195,(anonymous_21)
FN:200,(anonymous_22)
FN:204,(anonymous_23)
FN:209,(anonymous_24)
FN:222,createLogger
FN:227,createRequestLogger
FN:232,createOperationLogger
FNF:27
FNH:12
FNDA:21,(anonymous_1)
FNDA:3,(anonymous_2)
FNDA:0,(anonymous_3)
FNDA:0,(anonymous_4)
FNDA:5,(anonymous_5)
FNDA:2,(anonymous_6)
FNDA:0,(anonymous_7)
FNDA:41,(anonymous_8)
FNDA:43,(anonymous_9)
FNDA:14,(anonymous_10)
FNDA:0,(anonymous_11)
FNDA:0,(anonymous_12)
FNDA:0,(anonymous_13)
FNDA:0,(anonymous_14)
FNDA:0,(anonymous_15)
FNDA:0,(anonymous_16)
FNDA:0,(anonymous_17)
FNDA:0,(anonymous_18)
FNDA:0,(anonymous_19)
FNDA:9,(anonymous_20)
FNDA:9,(anonymous_21)
FNDA:7,(anonymous_22)
FNDA:1,(anonymous_23)
FNDA:0,(anonymous_24)
FNDA:2,createLogger
FNDA:0,createRequestLogger
FNDA:0,createOperationLogger
DA:1,3
DA:2,3
DA:5,3
DA:16,3
DA:21,21
DA:22,3
DA:32,0
DA:38,0
DA:46,3
DA:61,3
DA:76,5
DA:77,5
DA:82,2
DA:83,2
DA:84,2
DA:89,0
DA:93,41
DA:97,43
DA:101,14
DA:105,0
DA:106,0
DA:108,0
DA:113,0
DA:114,0
DA:116,0
DA:122,0
DA:138,0
DA:139,0
DA:140,0
DA:141,0
DA:142,0
DA:143,0
DA:149,0
DA:159,0
DA:160,0
DA:171,0
DA:182,0
DA:192,9
DA:196,9
DA:201,7
DA:205,1
DA:210,0
DA:211,0
DA:216,3
DA:219,3
DA:222,3
DA:223,2
DA:227,3
DA:228,0
DA:232,3
DA:233,0
LF:51
LH:26
BRDA:61,0,0,0
BRDA:61,0,1,3
BRDA:75,1,0,3
BRDA:105,2,0,0
BRDA:105,2,1,0
BRDA:113,3,0,0
BRDA:113,3,1,0
BRDA:159,4,0,0
BRDA:159,4,1,0
BRDA:210,5,0,0
BRDA:210,5,1,0
BRF:11
BRH:2
end_of_record
TN:
SF:src/utils/validation.ts
FN:5,sanitizeString
FN:17,sanitizeEmail
FN:30,sanitizeId
FN:49,sanitizeUrl
FN:72,(anonymous_5)
FN:101,validateAndSanitizeInput
FN:113,(anonymous_7)
FN:121,createOptionalField
FN:125,(anonymous_9)
FN:129,validateContentLength
FN:135,validateNoSqlInjection
FN:155,sanitizeToolArguments
FN:175,(anonymous_13)
FNF:13
FNH:7
FNDA:19,sanitizeString
FNDA:4,sanitizeEmail
FNDA:5,sanitizeId
FNDA:4,sanitizeUrl
FNDA:2,(anonymous_5)
FNDA:0,validateAndSanitizeInput
FNDA:0,(anonymous_7)
FNDA:0,createOptionalField
FNDA:0,(anonymous_9)
FNDA:3,validateContentLength
FNDA:5,validateNoSqlInjection
FNDA:0,sanitizeToolArguments
FNDA:0,(anonymous_13)
DA:1,1
DA:2,1
DA:5,1
DA:6,19
DA:7,1
DA:11,18
DA:17,1
DA:18,4
DA:21,4
DA:23,4
DA:24,1
DA:27,3
DA:30,1
DA:31,5
DA:34,5
DA:36,5
DA:37,1
DA:42,4
DA:43,1
DA:46,3
DA:49,1
DA:50,4
DA:52,4
DA:53,4
DA:56,3
DA:57,1
DA:60,2
DA:62,2
DA:69,1
DA:72,2
DA:74,1
DA:76,1
DA:78,1
DA:81,1
DA:87,1
DA:101,1
DA:106,0
DA:107,0
DA:109,0
DA:110,0
DA:111,0
DA:113,0
DA:117,0
DA:121,1
DA:122,0
DA:125,0
DA:129,1
DA:130,3
DA:131,1
DA:135,1
DA:136,5
DA:142,5
DA:143,9
DA:144,4
DA:155,1
DA:159,0
DA:161,0
DA:162,0
DA:164,0
DA:167,0
DA:168,0
DA:172,0
DA:173,0
DA:175,0
DA:176,0
DA:177,0
DA:179,0
DA:180,0
DA:182,0
DA:184,0
DA:186,0
DA:188,0
DA:192,0
LF:73
LH:46
BRDA:6,0,0,1
BRDA:23,1,0,1
BRDA:36,2,0,1
BRDA:42,3,0,1
BRDA:56,4,0,1
BRDA:63,5,0,1
BRDA:63,5,1,1
BRDA:109,6,0,0
BRDA:110,7,0,0
BRDA:110,7,1,0
BRDA:125,8,0,0
BRDA:125,8,1,0
BRDA:129,9,0,1
BRDA:130,10,0,1
BRDA:143,11,0,4
BRDA:162,12,0,0
BRDA:162,12,1,0
BRDA:167,13,0,0
BRDA:167,14,0,0
BRDA:167,14,1,0
BRDA:167,14,2,0
BRDA:173,15,0,0
BRDA:173,15,1,0
BRDA:176,16,0,0
BRDA:176,17,0,0
BRDA:176,17,1,0
BRDA:179,18,0,0
BRDA:184,19,0,0
BRDA:184,19,1,0
BRDA:184,20,0,0
BRDA:184,20,1,0
BRF:31
BRH:10
end_of_record
