TN:
SF:src/server.ts
FN:25,main
FN:68,(anonymous_2)
FN:78,(anonymous_3)
FN:99,(anonymous_4)
FN:103,(anonymous_5)
FN:115,(anonymous_6)
FN:146,(anonymous_7)
FN:147,(anonymous_8)
FN:150,(anonymous_9)
FN:156,(anonymous_10)
FN:166,(anonymous_11)
FNF:11
FNH:0
FNDA:0,main
FNDA:0,(anonymous_2)
FNDA:0,(anonymous_3)
FNDA:0,(anonymous_4)
FNDA:0,(anonymous_5)
FNDA:0,(anonymous_6)
FNDA:0,(anonymous_7)
FNDA:0,(anonymous_8)
FNDA:0,(anonymous_9)
FNDA:0,(anonymous_10)
FNDA:0,(anonymous_11)
DA:3,0
DA:4,0
DA:5,0
DA:11,0
DA:12,0
DA:13,0
DA:14,0
DA:15,0
DA:16,0
DA:17,0
DA:18,0
DA:19,0
DA:22,0
DA:26,0
DA:27,0
DA:28,0
DA:38,0
DA:45,0
DA:48,0
DA:49,0
DA:50,0
DA:52,0
DA:57,0
DA:68,0
DA:69,0
DA:70,0
DA:73,0
DA:74,0
DA:78,0
DA:79,0
DA:80,0
DA:81,0
DA:83,0
DA:84,0
DA:87,0
DA:88,0
DA:99,0
DA:103,0
DA:107,0
DA:108,0
DA:110,0
DA:113,0
DA:115,0
DA:116,0
DA:117,0
DA:118,0
DA:121,0
DA:122,0
DA:124,0
DA:126,0
DA:127,0
DA:130,0
DA:131,0
DA:134,0
DA:135,0
DA:137,0
DA:138,0
DA:140,0
DA:141,0
DA:146,0
DA:147,0
DA:150,0
DA:151,0
DA:152,0
DA:156,0
DA:157,0
DA:158,0
DA:161,0
DA:162,0
DA:166,0
DA:167,0
DA:168,0
LF:72
LH:0
BRDA:53,0,0,0
BRDA:53,0,1,0
BRDA:83,1,0,0
BRDA:116,2,0,0
BRF:4
BRH:0
end_of_record
TN:
SF:src/config/index.ts
FN:76,loadConfig
FN:151,(anonymous_2)
FN:162,isProduction
FN:166,isDevelopment
FN:170,isFeatureEnabled
FNF:5
FNH:1
FNDA:3,loadConfig
FNDA:0,(anonymous_2)
FNDA:0,isProduction
FNDA:0,isDevelopment
FNDA:0,isFeatureEnabled
DA:1,3
DA:2,3
DA:3,3
DA:6,3
DA:9,3
DA:77,3
DA:144,3
DA:145,3
DA:147,0
DA:148,0
DA:149,0
DA:150,0
DA:151,0
DA:154,0
DA:159,3
DA:162,3
DA:163,0
DA:166,3
DA:167,0
DA:170,3
DA:171,0
DA:175,3
LF:22
LH:13
BRDA:82,0,0,0
BRDA:82,0,1,3
BRDA:85,1,0,0
BRDA:85,1,1,3
BRDA:88,2,0,0
BRDA:88,2,1,3
BRDA:91,3,0,0
BRDA:91,3,1,3
BRDA:92,4,0,0
BRDA:92,4,1,3
BRDA:95,5,0,0
BRDA:95,5,1,3
BRDA:117,6,0,0
BRDA:117,6,1,3
BRDA:118,7,0,0
BRDA:118,7,1,3
BRDA:123,8,0,0
BRDA:123,8,1,3
BRDA:126,9,0,0
BRDA:126,9,1,3
BRDA:129,10,0,0
BRDA:129,10,1,3
BRDA:135,11,0,0
BRDA:135,11,1,3
BRDA:138,12,0,0
BRDA:138,12,1,3
BRDA:147,13,0,0
BRF:27
BRH:13
end_of_record
TN:
SF:src/config/timeouts.ts
FN:16,createOperationTimeoutConfig
FN:29,(anonymous_1)
FNF:2
FNH:0
FNDA:0,createOperationTimeoutConfig
FNDA:0,(anonymous_1)
DA:16,0
DA:17,0
DA:27,0
DA:30,0
DA:32,0
DA:33,0
DA:35,0
DA:36,0
DA:38,0
DA:39,0
DA:41,0
DA:42,0
DA:44,0
DA:45,0
DA:47,0
DA:48,0
DA:51,0
LF:17
LH:0
BRDA:32,0,0,0
BRDA:32,1,0,0
BRDA:32,1,1,0
BRDA:35,2,0,0
BRDA:38,3,0,0
BRDA:41,4,0,0
BRDA:44,5,0,0
BRDA:44,6,0,0
BRDA:44,6,1,0
BRDA:47,7,0,0
BRF:10
BRH:0
end_of_record
TN:
SF:src/core/batch-processor.ts
FN:58,(anonymous_0)
FN:88,(anonymous_1)
FN:97,(anonymous_2)
FN:128,(anonymous_3)
FN:139,(anonymous_4)
FN:143,(anonymous_5)
FN:158,(anonymous_6)
FN:163,(anonymous_7)
FN:170,(anonymous_8)
FN:178,(anonymous_9)
FN:183,(anonymous_10)
FN:207,(anonymous_11)
FN:224,(anonymous_12)
FN:233,(anonymous_13)
FN:247,(anonymous_14)
FN:248,(anonymous_15)
FN:251,(anonymous_16)
FN:266,(anonymous_17)
FN:267,(anonymous_18)
FN:356,(anonymous_19)
FN:384,(anonymous_20)
FN:388,(anonymous_21)
FN:390,(anonymous_22)
FN:393,(anonymous_23)
FN:396,(anonymous_24)
FN:401,(anonymous_25)
FN:405,(anonymous_26)
FN:413,(anonymous_27)
FN:422,(anonymous_28)
FN:426,(anonymous_29)
FN:440,(anonymous_30)
FN:454,(anonymous_31)
FN:462,(anonymous_32)
FN:466,(anonymous_33)
FN:494,(anonymous_34)
FN:513,(anonymous_35)
FN:523,(anonymous_36)
FN:529,(anonymous_37)
FN:535,(anonymous_38)
FNF:39
FNH:0
FNDA:0,(anonymous_0)
FNDA:0,(anonymous_1)
FNDA:0,(anonymous_2)
FNDA:0,(anonymous_3)
FNDA:0,(anonymous_4)
FNDA:0,(anonymous_5)
FNDA:0,(anonymous_6)
FNDA:0,(anonymous_7)
FNDA:0,(anonymous_8)
FNDA:0,(anonymous_9)
FNDA:0,(anonymous_10)
FNDA:0,(anonymous_11)
FNDA:0,(anonymous_12)
FNDA:0,(anonymous_13)
FNDA:0,(anonymous_14)
FNDA:0,(anonymous_15)
FNDA:0,(anonymous_16)
FNDA:0,(anonymous_17)
FNDA:0,(anonymous_18)
FNDA:0,(anonymous_19)
FNDA:0,(anonymous_20)
FNDA:0,(anonymous_21)
FNDA:0,(anonymous_22)
FNDA:0,(anonymous_23)
FNDA:0,(anonymous_24)
FNDA:0,(anonymous_25)
FNDA:0,(anonymous_26)
FNDA:0,(anonymous_27)
FNDA:0,(anonymous_28)
FNDA:0,(anonymous_29)
FNDA:0,(anonymous_30)
FNDA:0,(anonymous_31)
FNDA:0,(anonymous_32)
FNDA:0,(anonymous_33)
FNDA:0,(anonymous_34)
FNDA:0,(anonymous_35)
FNDA:0,(anonymous_36)
FNDA:0,(anonymous_37)
FNDA:0,(anonymous_38)
DA:1,0
DA:2,0
DA:3,0
DA:5,0
DA:48,0
DA:49,0
DA:50,0
DA:53,0
DA:54,0
DA:55,0
DA:56,0
DA:59,0
DA:62,0
DA:64,0
DA:75,0
DA:85,0
DA:97,0
DA:98,0
DA:111,0
DA:112,0
DA:114,0
DA:118,0
DA:124,0
DA:139,0
DA:140,0
DA:144,0
DA:147,0
DA:148,0
DA:152,0
DA:153,0
DA:154,0
DA:158,0
DA:159,0
DA:164,0
DA:165,0
DA:169,0
DA:170,0
DA:171,0
DA:172,0
DA:177,0
DA:178,0
DA:180,0
DA:184,0
DA:185,0
DA:189,0
DA:190,0
DA:193,0
DA:195,0
DA:199,0
DA:201,0
DA:204,0
DA:208,0
DA:209,0
DA:213,0
DA:214,0
DA:217,0
DA:218,0
DA:221,0
DA:225,0
DA:227,0
DA:228,0
DA:230,0
DA:232,0
DA:233,0
DA:237,0
DA:238,0
DA:240,0
DA:246,0
DA:247,0
DA:248,0
DA:251,0
DA:252,0
DA:253,0
DA:258,0
DA:259,0
DA:260,0
DA:261,0
DA:265,0
DA:266,0
DA:267,0
DA:271,0
DA:273,0
DA:274,0
DA:275,0
DA:276,0
DA:278,0
DA:280,0
DA:281,0
DA:288,0
DA:289,0
DA:294,0
DA:295,0
DA:296,0
DA:303,0
DA:304,0
DA:311,0
DA:312,0
DA:314,0
DA:315,0
DA:317,0
DA:323,0
DA:326,0
DA:328,0
DA:329,0
DA:330,0
DA:331,0
DA:333,0
DA:337,0
DA:338,0
DA:340,0
DA:346,0
DA:347,0
DA:350,0
DA:351,0
DA:357,0
DA:360,0
DA:361,0
DA:364,0
DA:365,0
DA:367,0
DA:368,0
DA:372,0
DA:373,0
DA:376,0
DA:377,0
DA:378,0
DA:379,0
DA:381,0
DA:385,0
DA:389,0
DA:390,0
DA:394,0
DA:395,0
DA:396,0
DA:402,0
DA:412,0
DA:413,0
DA:423,0
DA:426,0
DA:427,0
DA:430,0
DA:431,0
DA:433,0
DA:435,0
DA:436,0
DA:444,0
DA:446,0
DA:447,0
DA:448,0
DA:449,0
DA:453,0
DA:454,0
DA:455,0
DA:458,0
DA:463,0
DA:473,0
DA:475,0
DA:476,0
DA:477,0
DA:480,0
DA:481,0
DA:484,0
DA:485,0
DA:488,0
DA:489,0
DA:492,0
DA:493,0
DA:494,0
DA:497,0
DA:499,0
DA:500,0
DA:503,0
DA:514,0
DA:517,0
DA:518,0
DA:522,0
DA:523,0
DA:526,0
DA:530,0
DA:531,0
DA:535,0
DA:536,0
DA:539,0
DA:540,0
DA:542,0
LF:185
LH:0
BRDA:60,0,0,0
BRDA:90,1,0,0
BRDA:101,2,0,0
BRDA:101,2,1,0
BRDA:102,3,0,0
BRDA:102,3,1,0
BRDA:105,4,0,0
BRDA:105,4,1,0
BRDA:106,5,0,0
BRDA:106,5,1,0
BRDA:144,6,0,0
BRDA:147,7,0,0
BRDA:152,8,0,0
BRDA:164,9,0,0
BRDA:169,10,0,0
BRDA:171,11,0,0
BRDA:184,12,0,0
BRDA:193,13,0,0
BRDA:193,14,0,0
BRDA:193,14,1,0
BRDA:199,15,0,0
BRDA:208,16,0,0
BRDA:217,17,0,0
BRDA:225,18,0,0
BRDA:225,19,0,0
BRDA:225,19,1,0
BRDA:232,20,0,0
BRDA:258,21,0,0
BRDA:265,22,0,0
BRDA:265,22,1,0
BRDA:275,23,0,0
BRDA:278,24,0,0
BRDA:278,24,1,0
BRDA:278,25,0,0
BRDA:278,25,1,0
BRDA:329,26,0,0
BRDA:329,26,1,0
BRDA:350,27,0,0
BRDA:364,28,0,0
BRDA:367,29,0,0
BRDA:378,30,0,0
BRDA:389,31,0,0
BRDA:394,32,0,0
BRDA:447,33,0,0
BRDA:453,34,0,0
BRDA:453,35,0,0
BRDA:453,35,1,0
BRDA:477,36,0,0
BRDA:477,36,1,0
BRDA:480,37,0,0
BRDA:484,38,0,0
BRDA:488,39,0,0
BRDA:494,40,0,0
BRDA:494,40,1,0
BRDA:497,41,0,0
BRDA:497,41,1,0
BRDA:499,42,0,0
BRDA:517,43,0,0
BRDA:517,43,1,0
BRDA:530,44,0,0
BRF:60
BRH:0
end_of_record
TN:
SF:src/core/cache.ts
FN:40,(anonymous_0)
FN:47,(anonymous_1)
FN:78,(anonymous_2)
FN:108,(anonymous_3)
FN:119,(anonymous_4)
FN:132,(anonymous_5)
FN:136,(anonymous_6)
FN:140,(anonymous_7)
FN:145,(anonymous_8)
FN:155,(anonymous_9)
FN:165,(anonymous_10)
FN:175,(anonymous_11)
FN:183,(anonymous_12)
FN:201,(anonymous_13)
FN:210,(anonymous_14)
FN:220,(anonymous_15)
FN:224,(anonymous_16)
FN:233,createCacheStrategy
FN:252,(anonymous_18)
FN:260,(anonymous_19)
FN:279,(anonymous_20)
FN:298,(anonymous_21)
FN:303,(anonymous_22)
FN:308,(anonymous_23)
FN:324,(anonymous_24)
FN:329,(anonymous_25)
FN:348,(anonymous_26)
FN:371,(anonymous_27)
FN:372,(anonymous_28)
FN:395,Cacheable
FN:396,(anonymous_30)
FN:399,(anonymous_31)
FN:402,(anonymous_32)
FNF:33
FNH:20
FNDA:3,(anonymous_0)
FNDA:18,(anonymous_1)
FNDA:12,(anonymous_2)
FNDA:2,(anonymous_3)
FNDA:24,(anonymous_4)
FNDA:2,(anonymous_5)
FNDA:10,(anonymous_6)
FNDA:12,(anonymous_7)
FNDA:18,(anonymous_8)
FNDA:0,(anonymous_9)
FNDA:21,(anonymous_10)
FNDA:12,(anonymous_11)
FNDA:0,(anonymous_12)
FNDA:0,(anonymous_13)
FNDA:0,(anonymous_14)
FNDA:0,(anonymous_15)
FNDA:0,(anonymous_16)
FNDA:3,createCacheStrategy
FNDA:1,(anonymous_18)
FNDA:28,(anonymous_19)
FNDA:18,(anonymous_20)
FNDA:10,(anonymous_21)
FNDA:1,(anonymous_22)
FNDA:25,(anonymous_23)
FNDA:0,(anonymous_24)
FNDA:0,(anonymous_25)
FNDA:2,(anonymous_26)
FNDA:1,(anonymous_27)
FNDA:0,(anonymous_28)
FNDA:0,Cacheable
FNDA:0,(anonymous_30)
FNDA:0,(anonymous_31)
FNDA:0,(anonymous_32)
DA:1,1
DA:2,1
DA:4,1
DA:28,3
DA:30,3
DA:31,3
DA:41,3
DA:48,18
DA:50,18
DA:51,8
DA:52,8
DA:53,8
DA:54,8
DA:58,10
DA:59,1
DA:60,1
DA:61,1
DA:62,1
DA:63,1
DA:67,9
DA:68,9
DA:69,9
DA:71,9
DA:72,9
DA:73,9
DA:75,9
DA:79,12
DA:80,12
DA:83,12
DA:84,0
DA:87,12
DA:97,12
DA:98,12
DA:99,0
DA:102,12
DA:103,12
DA:104,12
DA:105,12
DA:109,2
DA:110,2
DA:111,2
DA:112,2
DA:113,2
DA:114,2
DA:116,0
DA:120,24
DA:121,24
DA:122,24
DA:133,2
DA:137,10
DA:142,12
DA:146,18
DA:147,18
DA:153,3
DA:156,0
DA:158,0
DA:159,0
DA:160,0
DA:161,0
DA:162,0
DA:167,21
DA:168,21
DA:169,17
DA:172,21
DA:176,12
DA:177,12
DA:184,0
DA:185,0
DA:187,0
DA:188,0
DA:189,0
DA:190,0
DA:194,0
DA:195,0
DA:196,0
DA:197,0
DA:208,0
DA:211,0
DA:213,0
DA:214,0
DA:215,0
DA:216,0
DA:217,0
DA:225,0
DA:226,0
DA:227,0
DA:234,3
DA:236,3
DA:238,0
DA:240,0
DA:242,0
DA:243,0
DA:248,1
DA:249,1
DA:250,1
DA:254,1
DA:255,1
DA:261,28
DA:262,3
DA:263,3
DA:264,3
DA:265,3
DA:271,28
DA:272,28
DA:273,0
DA:275,28
DA:280,18
DA:281,18
DA:283,18
DA:284,2
DA:285,2
DA:286,2
DA:287,2
DA:290,0
DA:291,0
DA:295,18
DA:299,10
DA:300,10
DA:304,1
DA:305,1
DA:309,25
DA:310,25
DA:311,25
DA:312,24
DA:313,24
DA:316,0
DA:317,0
DA:319,0
DA:325,0
DA:326,0
DA:330,0
DA:332,0
DA:333,0
DA:334,0
DA:335,0
DA:336,0
DA:337,0
DA:338,0
DA:339,0
DA:341,0
DA:349,2
DA:350,2
DA:351,2
DA:363,0
DA:364,0
DA:365,0
DA:367,0
DA:372,1
DA:373,0
DA:374,0
DA:376,0
DA:377,0
DA:379,0
DA:380,0
DA:381,0
DA:392,1
DA:395,1
DA:396,0
DA:397,0
DA:399,0
DA:400,0
DA:402,0
DA:403,0
DA:407,0
LF:164
LH:95
BRDA:50,0,0,8
BRDA:58,1,0,1
BRDA:80,2,0,12
BRDA:80,2,1,11
BRDA:83,3,0,12
BRDA:83,3,1,0
BRDA:98,4,0,0
BRDA:110,5,0,2
BRDA:147,6,0,18
BRDA:147,6,1,0
BRDA:156,7,0,0
BRDA:159,8,0,0
BRDA:168,9,0,17
BRDA:188,10,0,0
BRDA:194,11,0,0
BRDA:211,12,0,0
BRDA:214,13,0,0
BRDA:226,14,0,0
BRDA:234,15,0,3
BRDA:234,15,1,0
BRDA:234,15,2,0
BRDA:234,15,3,0
BRDA:254,16,0,1
BRDA:261,17,0,3
BRDA:262,18,0,3
BRDA:262,18,1,3
BRDA:272,19,0,0
BRDA:283,20,0,2
BRDA:283,21,0,18
BRDA:283,21,1,9
BRDA:286,22,0,2
BRDA:305,23,0,1
BRDA:305,23,1,0
BRDA:309,24,0,25
BRDA:309,24,1,0
BRDA:311,25,0,24
BRDA:330,26,0,0
BRDA:330,26,1,0
BRDA:334,27,0,0
BRDA:349,28,0,2
BRDA:351,29,0,2
BRDA:351,29,1,0
BRDA:380,30,0,0
BRF:43
BRH:22
end_of_record
TN:
SF:src/core/circuit-breaker.ts
FN:8,(anonymous_0)
FN:59,(anonymous_1)
FN:71,(anonymous_2)
FN:72,(anonymous_3)
FN:79,(anonymous_4)
FN:121,(anonymous_5)
FN:122,(anonymous_6)
FN:147,(anonymous_7)
FN:176,(anonymous_8)
FN:218,(anonymous_9)
FN:231,(anonymous_10)
FN:235,(anonymous_11)
FN:250,(anonymous_12)
FN:262,(anonymous_13)
FN:277,(anonymous_14)
FN:279,(anonymous_15)
FN:282,(anonymous_16)
FN:285,(anonymous_17)
FN:289,(anonymous_18)
FN:295,(anonymous_19)
FN:299,(anonymous_20)
FN:301,(anonymous_21)
FN:312,(anonymous_22)
FN:316,(anonymous_23)
FN:320,(anonymous_24)
FN:323,(anonymous_25)
FN:339,(anonymous_26)
FN:354,(anonymous_27)
FN:358,(anonymous_28)
FN:367,(anonymous_29)
FN:373,(anonymous_30)
FN:374,(anonymous_31)
FN:375,(anonymous_32)
FN:385,(anonymous_33)
FN:394,(anonymous_34)
FN:404,(anonymous_35)
FN:417,(anonymous_36)
FN:424,(anonymous_37)
FN:431,(anonymous_38)
FN:443,CircuitBreakerProtected
FN:444,(anonymous_40)
FN:447,(anonymous_41)
FN:450,(anonymous_42)
FNF:43
FNH:27
FNDA:1,(anonymous_0)
FNDA:12,(anonymous_1)
FNDA:11,(anonymous_2)
FNDA:7,(anonymous_3)
FNDA:23,(anonymous_4)
FNDA:16,(anonymous_5)
FNDA:0,(anonymous_6)
FNDA:5,(anonymous_7)
FNDA:11,(anonymous_8)
FNDA:11,(anonymous_9)
FNDA:8,(anonymous_10)
FNDA:7,(anonymous_11)
FNDA:1,(anonymous_12)
FNDA:1,(anonymous_13)
FNDA:1,(anonymous_14)
FNDA:2,(anonymous_15)
FNDA:4,(anonymous_16)
FNDA:12,(anonymous_17)
FNDA:16,(anonymous_18)
FNDA:31,(anonymous_19)
FNDA:12,(anonymous_20)
FNDA:0,(anonymous_21)
FNDA:9,(anonymous_22)
FNDA:4,(anonymous_23)
FNDA:5,(anonymous_24)
FNDA:5,(anonymous_25)
FNDA:13,(anonymous_26)
FNDA:3,(anonymous_27)
FNDA:1,(anonymous_28)
FNDA:0,(anonymous_29)
FNDA:0,(anonymous_30)
FNDA:0,(anonymous_31)
FNDA:0,(anonymous_32)
FNDA:0,(anonymous_33)
FNDA:0,(anonymous_34)
FNDA:0,(anonymous_35)
FNDA:0,(anonymous_36)
FNDA:0,(anonymous_37)
FNDA:0,(anonymous_38)
FNDA:0,CircuitBreakerProtected
FNDA:0,(anonymous_40)
FNDA:0,(anonymous_41)
FNDA:0,(anonymous_42)
DA:1,1
DA:2,1
DA:3,1
DA:5,1
DA:8,1
DA:9,1
DA:10,1
DA:11,1
DA:46,1
DA:47,12
DA:48,12
DA:49,12
DA:50,12
DA:54,12
DA:56,12
DA:57,12
DA:60,12
DA:63,12
DA:65,12
DA:71,11
DA:72,7
DA:76,12
DA:81,23
DA:82,8
DA:83,1
DA:85,7
DA:92,7
DA:93,7
DA:96,0
DA:101,16
DA:102,1
DA:103,0
DA:108,0
DA:109,0
DA:112,0
DA:114,1
DA:117,16
DA:119,16
DA:121,16
DA:122,16
DA:125,16
DA:127,5
DA:128,5
DA:130,5
DA:131,1
DA:134,5
DA:136,11
DA:137,11
DA:139,11
DA:140,0
DA:143,11
DA:148,5
DA:149,5
DA:150,5
DA:152,5
DA:158,5
DA:160,5
DA:167,5
DA:168,1
DA:169,0
DA:173,5
DA:178,11
DA:179,0
DA:183,0
DA:186,11
DA:187,11
DA:188,11
DA:190,11
DA:197,11
DA:199,11
DA:207,11
DA:208,11
DA:209,4
DA:211,0
DA:212,0
DA:215,11
DA:220,11
DA:221,7
DA:225,4
DA:226,4
DA:228,4
DA:232,8
DA:236,7
DA:237,7
DA:239,7
DA:240,7
DA:247,7
DA:251,1
DA:252,1
DA:254,1
DA:259,1
DA:263,1
DA:264,1
DA:265,1
DA:266,1
DA:268,1
DA:269,1
DA:274,1
DA:278,1
DA:279,2
DA:283,4
DA:285,12
DA:286,4
DA:291,16
DA:292,16
DA:294,16
DA:295,31
DA:301,12
DA:302,0
DA:303,0
DA:305,0
DA:313,9
DA:317,4
DA:318,4
DA:320,5
DA:322,4
DA:323,5
DA:326,4
DA:340,13
DA:341,13
DA:342,13
DA:343,13
DA:344,13
DA:345,13
DA:346,13
DA:347,13
DA:349,13
DA:350,13
DA:355,3
DA:359,1
DA:364,1
DA:365,1
DA:368,0
DA:369,0
DA:370,0
DA:373,0
DA:374,0
DA:375,0
DA:378,0
DA:379,0
DA:380,0
DA:382,0
DA:390,0
DA:391,0
DA:395,0
DA:397,0
DA:398,0
DA:401,0
DA:405,0
DA:406,0
DA:407,0
DA:408,0
DA:411,0
DA:412,0
DA:418,0
DA:425,0
DA:432,0
DA:440,1
DA:443,1
DA:444,0
DA:445,0
DA:447,0
DA:448,0
DA:450,0
DA:455,0
LF:165
LH:120
BRDA:8,0,0,1
BRDA:8,0,1,1
BRDA:61,1,0,0
BRDA:66,2,0,12
BRDA:66,2,1,0
BRDA:67,3,0,12
BRDA:67,3,1,0
BRDA:68,4,0,12
BRDA:68,4,1,0
BRDA:69,5,0,12
BRDA:69,5,1,0
BRDA:70,6,0,12
BRDA:70,6,1,0
BRDA:71,7,0,12
BRDA:71,7,1,12
BRDA:72,8,0,12
BRDA:72,8,1,12
BRDA:81,9,0,8
BRDA:82,10,0,1
BRDA:82,10,1,7
BRDA:92,11,0,7
BRDA:101,12,0,1
BRDA:102,13,0,0
BRDA:108,14,0,0
BRDA:130,15,0,1
BRDA:139,16,0,0
BRDA:167,17,0,1
BRDA:168,18,0,0
BRDA:178,19,0,0
BRDA:207,20,0,11
BRDA:207,20,1,0
BRDA:208,21,0,4
BRDA:211,22,0,0
BRDA:220,23,0,7
BRDA:228,24,0,4
BRDA:228,24,1,0
BRDA:232,25,0,8
BRDA:232,25,1,0
BRDA:283,26,0,0
BRDA:318,27,0,3
BRDA:318,27,1,1
BRDA:322,28,0,3
BRDA:322,28,1,1
BRDA:368,29,0,0
BRDA:379,30,0,0
BRDA:405,31,0,0
BRDA:405,31,1,0
BRDA:407,32,0,0
BRF:48
BRH:27
end_of_record
TN:
SF:src/core/connection-pool.ts
FN:77,(anonymous_1)
FN:86,(anonymous_2)
FN:118,(anonymous_3)
FN:131,(anonymous_4)
FN:139,(anonymous_5)
FN:174,(anonymous_6)
FN:177,(anonymous_7)
FN:188,(anonymous_8)
FN:193,(anonymous_9)
FN:213,(anonymous_10)
FN:225,(anonymous_11)
FN:240,(anonymous_12)
FN:269,(anonymous_13)
FN:274,(anonymous_14)
FN:277,(anonymous_15)
FN:290,(anonymous_16)
FN:291,(anonymous_17)
FN:295,(anonymous_18)
FN:297,(anonymous_19)
FN:312,(anonymous_20)
FN:324,(anonymous_21)
FN:329,(anonymous_22)
FN:330,(anonymous_23)
FN:335,(anonymous_24)
FN:337,(anonymous_25)
FN:338,(anonymous_26)
FN:354,(anonymous_27)
FN:361,(anonymous_28)
FN:362,(anonymous_29)
FN:367,(anonymous_30)
FN:391,(anonymous_31)
FN:401,(anonymous_32)
FN:405,(anonymous_33)
FN:406,(anonymous_34)
FN:413,(anonymous_35)
FN:414,(anonymous_36)
FN:417,(anonymous_37)
FN:422,(anonymous_38)
FN:430,(anonymous_39)
FN:445,(anonymous_40)
FN:449,(anonymous_41)
FN:457,(anonymous_42)
FN:464,(anonymous_43)
FN:468,(anonymous_44)
FN:473,(anonymous_45)
FN:483,(anonymous_46)
FNF:46
FNH:0
FNDA:0,(anonymous_1)
FNDA:0,(anonymous_2)
FNDA:0,(anonymous_3)
FNDA:0,(anonymous_4)
FNDA:0,(anonymous_5)
FNDA:0,(anonymous_6)
FNDA:0,(anonymous_7)
FNDA:0,(anonymous_8)
FNDA:0,(anonymous_9)
FNDA:0,(anonymous_10)
FNDA:0,(anonymous_11)
FNDA:0,(anonymous_12)
FNDA:0,(anonymous_13)
FNDA:0,(anonymous_14)
FNDA:0,(anonymous_15)
FNDA:0,(anonymous_16)
FNDA:0,(anonymous_17)
FNDA:0,(anonymous_18)
FNDA:0,(anonymous_19)
FNDA:0,(anonymous_20)
FNDA:0,(anonymous_21)
FNDA:0,(anonymous_22)
FNDA:0,(anonymous_23)
FNDA:0,(anonymous_24)
FNDA:0,(anonymous_25)
FNDA:0,(anonymous_26)
FNDA:0,(anonymous_27)
FNDA:0,(anonymous_28)
FNDA:0,(anonymous_29)
FNDA:0,(anonymous_30)
FNDA:0,(anonymous_31)
FNDA:0,(anonymous_32)
FNDA:0,(anonymous_33)
FNDA:0,(anonymous_34)
FNDA:0,(anonymous_35)
FNDA:0,(anonymous_36)
FNDA:0,(anonymous_37)
FNDA:0,(anonymous_38)
FNDA:0,(anonymous_39)
FNDA:0,(anonymous_40)
FNDA:0,(anonymous_41)
FNDA:0,(anonymous_42)
FNDA:0,(anonymous_43)
FNDA:0,(anonymous_44)
FNDA:0,(anonymous_45)
FNDA:0,(anonymous_46)
DA:1,0
DA:7,0
DA:8,0
DA:10,0
DA:68,0
DA:69,0
DA:73,0
DA:74,0
DA:78,0
DA:79,0
DA:81,0
DA:87,0
DA:98,0
DA:109,0
DA:118,0
DA:121,0
DA:122,0
DA:123,0
DA:125,0
DA:132,0
DA:134,0
DA:135,0
DA:140,0
DA:142,0
DA:152,0
DA:154,0
DA:165,0
DA:166,0
DA:168,0
DA:169,0
DA:171,0
DA:176,0
DA:178,0
DA:179,0
DA:185,0
DA:186,0
DA:188,0
DA:192,0
DA:194,0
DA:195,0
DA:196,0
DA:197,0
DA:198,0
DA:199,0
DA:200,0
DA:203,0
DA:204,0
DA:207,0
DA:208,0
DA:211,0
DA:214,0
DA:215,0
DA:216,0
DA:217,0
DA:220,0
DA:226,0
DA:228,0
DA:229,0
DA:230,0
DA:232,0
DA:233,0
DA:235,0
DA:236,0
DA:245,0
DA:246,0
DA:248,0
DA:252,0
DA:255,0
DA:261,0
DA:263,0
DA:269,0
DA:270,0
DA:276,0
DA:277,0
DA:280,0
DA:281,0
DA:285,0
DA:286,0
DA:290,0
DA:291,0
DA:292,0
DA:295,0
DA:296,0
DA:297,0
DA:300,0
DA:301,0
DA:302,0
DA:304,0
DA:308,0
DA:313,0
DA:314,0
DA:315,0
DA:317,0
DA:319,0
DA:321,0
DA:326,0
DA:330,0
DA:331,0
DA:336,0
DA:337,0
DA:339,0
DA:341,0
DA:342,0
DA:344,0
DA:348,0
DA:352,0
DA:354,0
DA:355,0
DA:356,0
DA:362,0
DA:363,0
DA:368,0
DA:369,0
DA:370,0
DA:372,0
DA:374,0
DA:375,0
DA:377,0
DA:378,0
DA:379,0
DA:383,0
DA:384,0
DA:392,0
DA:393,0
DA:394,0
DA:395,0
DA:396,0
DA:397,0
DA:402,0
DA:404,0
DA:405,0
DA:406,0
DA:407,0
DA:414,0
DA:416,0
DA:417,0
DA:423,0
DA:424,0
DA:427,0
DA:428,0
DA:430,0
DA:431,0
DA:432,0
DA:434,0
DA:438,0
DA:439,0
DA:442,0
DA:446,0
DA:457,0
DA:464,0
DA:469,0
DA:472,0
DA:473,0
DA:477,0
DA:478,0
DA:480,0
DA:484,0
DA:485,0
DA:488,0
DA:489,0
DA:492,0
DA:493,0
DA:495,0
LF:163
LH:0
BRDA:88,0,0,0
BRDA:88,0,1,0
BRDA:88,0,2,0
BRDA:88,0,3,0
BRDA:88,0,4,0
BRDA:88,0,5,0
BRDA:195,1,0,0
BRDA:197,2,0,0
BRDA:197,2,1,0
BRDA:203,3,0,0
BRDA:215,4,0,0
BRDA:243,5,0,0
BRDA:248,6,0,0
BRDA:249,7,0,0
BRDA:249,7,1,0
BRDA:277,8,0,0
BRDA:277,8,1,0
BRDA:280,9,0,0
BRDA:285,10,0,0
BRDA:297,11,0,0
BRDA:297,11,1,0
BRDA:300,12,0,0
BRDA:300,12,1,0
BRDA:319,13,0,0
BRDA:319,13,1,0
BRDA:321,14,0,0
BRDA:321,14,1,0
BRDA:321,14,2,0
BRDA:355,15,0,0
BRDA:355,16,0,0
BRDA:355,16,1,0
BRDA:377,17,0,0
BRDA:377,18,0,0
BRDA:377,18,1,0
BRDA:377,18,2,0
BRDA:383,19,0,0
BRDA:393,20,0,0
BRDA:408,21,0,0
BRDA:408,21,1,0
BRDA:416,22,0,0
BRDA:464,23,0,0
BRDA:464,23,1,0
BRDA:484,24,0,0
BRDA:488,25,0,0
BRF:44
BRH:0
end_of_record
TN:
SF:src/core/health.ts
FN:10,(anonymous_1)
FN:67,(anonymous_2)
FN:80,(anonymous_3)
FN:86,(anonymous_4)
FN:87,(anonymous_5)
FN:93,(anonymous_6)
FN:135,(anonymous_7)
FN:136,(anonymous_8)
FN:138,(anonymous_9)
FN:139,(anonymous_10)
FN:192,(anonymous_11)
FN:192,(anonymous_12)
FN:200,(anonymous_13)
FN:219,(anonymous_14)
FN:229,(anonymous_15)
FN:230,(anonymous_16)
FN:241,(anonymous_17)
FN:246,(anonymous_18)
FN:248,(anonymous_19)
FN:249,(anonymous_20)
FN:253,(anonymous_21)
FN:261,(anonymous_22)
FN:267,(anonymous_23)
FN:276,(anonymous_24)
FN:278,(anonymous_25)
FN:310,(anonymous_26)
FN:346,(anonymous_27)
FN:348,(anonymous_28)
FN:361,(anonymous_29)
FN:364,(anonymous_30)
FN:376,(anonymous_31)
FN:389,(anonymous_32)
FN:391,(anonymous_33)
FN:404,(anonymous_34)
FN:417,(anonymous_35)
FN:437,registerHealthCheck
FNF:36
FNH:0
FNDA:0,(anonymous_1)
FNDA:0,(anonymous_2)
FNDA:0,(anonymous_3)
FNDA:0,(anonymous_4)
FNDA:0,(anonymous_5)
FNDA:0,(anonymous_6)
FNDA:0,(anonymous_7)
FNDA:0,(anonymous_8)
FNDA:0,(anonymous_9)
FNDA:0,(anonymous_10)
FNDA:0,(anonymous_11)
FNDA:0,(anonymous_12)
FNDA:0,(anonymous_13)
FNDA:0,(anonymous_14)
FNDA:0,(anonymous_15)
FNDA:0,(anonymous_16)
FNDA:0,(anonymous_17)
FNDA:0,(anonymous_18)
FNDA:0,(anonymous_19)
FNDA:0,(anonymous_20)
FNDA:0,(anonymous_21)
FNDA:0,(anonymous_22)
FNDA:0,(anonymous_23)
FNDA:0,(anonymous_24)
FNDA:0,(anonymous_25)
FNDA:0,(anonymous_26)
FNDA:0,(anonymous_27)
FNDA:0,(anonymous_28)
FNDA:0,(anonymous_29)
FNDA:0,(anonymous_30)
FNDA:0,(anonymous_31)
FNDA:0,(anonymous_32)
FNDA:0,(anonymous_33)
FNDA:0,(anonymous_34)
FNDA:0,(anonymous_35)
FNDA:0,registerHealthCheck
DA:1,0
DA:2,0
DA:3,0
DA:4,0
DA:5,0
DA:7,0
DA:10,0
DA:11,0
DA:12,0
DA:13,0
DA:59,0
DA:60,0
DA:61,0
DA:62,0
DA:65,0
DA:68,0
DA:71,0
DA:74,0
DA:75,0
DA:81,0
DA:82,0
DA:87,0
DA:88,0
DA:90,0
DA:91,0
DA:93,0
DA:96,0
DA:97,0
DA:99,0
DA:100,0
DA:109,0
DA:119,0
DA:120,0
DA:131,0
DA:136,0
DA:137,0
DA:138,0
DA:139,0
DA:142,0
DA:143,0
DA:146,0
DA:147,0
DA:151,0
DA:153,0
DA:161,0
DA:162,0
DA:166,0
DA:167,0
DA:169,0
DA:186,0
DA:189,0
DA:190,0
DA:192,0
DA:196,0
DA:201,0
DA:203,0
DA:204,0
DA:206,0
DA:211,0
DA:220,0
DA:222,0
DA:223,0
DA:228,0
DA:229,0
DA:230,0
DA:232,0
DA:242,0
DA:247,0
DA:248,0
DA:249,0
DA:252,0
DA:253,0
DA:256,0
DA:257,0
DA:261,0
DA:262,0
DA:263,0
DA:267,0
DA:268,0
DA:269,0
DA:272,0
DA:278,0
DA:279,0
DA:280,0
DA:281,0
DA:283,0
DA:284,0
DA:286,0
DA:287,0
DA:288,0
DA:289,0
DA:290,0
DA:291,0
DA:294,0
DA:310,0
DA:311,0
DA:313,0
DA:314,0
DA:316,0
DA:317,0
DA:318,0
DA:319,0
DA:320,0
DA:321,0
DA:324,0
DA:337,0
DA:338,0
DA:348,0
DA:349,0
DA:350,0
DA:352,0
DA:357,0
DA:362,0
DA:364,0
DA:365,0
DA:366,0
DA:369,0
DA:371,0
DA:377,0
DA:378,0
DA:379,0
DA:382,0
DA:383,0
DA:384,0
DA:390,0
DA:392,0
DA:393,0
DA:394,0
DA:395,0
DA:397,0
DA:405,0
DA:406,0
DA:407,0
DA:408,0
DA:410,0
DA:418,0
DA:419,0
DA:420,0
DA:421,0
DA:423,0
DA:434,0
DA:437,0
DA:442,0
LF:143
LH:0
BRDA:10,0,0,0
BRDA:10,0,1,0
BRDA:74,1,0,0
BRDA:80,2,0,0
BRDA:86,3,0,0
BRDA:92,4,0,0
BRDA:92,4,1,0
BRDA:97,5,0,0
BRDA:97,5,1,0
BRDA:99,6,0,0
BRDA:99,6,1,0
BRDA:123,7,0,0
BRDA:123,7,1,0
BRDA:126,8,0,0
BRDA:126,8,1,0
BRDA:139,9,0,0
BRDA:139,9,1,0
BRDA:147,10,0,0
BRDA:147,10,1,0
BRDA:156,11,0,0
BRDA:156,11,1,0
BRDA:189,12,0,0
BRDA:213,13,0,0
BRDA:213,13,1,0
BRDA:222,14,0,0
BRDA:222,14,1,0
BRDA:253,15,0,0
BRDA:253,15,1,0
BRDA:256,16,0,0
BRDA:262,17,0,0
BRDA:268,18,0,0
BRDA:286,19,0,0
BRDA:286,19,1,0
BRDA:289,20,0,0
BRDA:316,21,0,0
BRDA:316,21,1,0
BRDA:319,22,0,0
BRDA:337,23,0,0
BRDA:377,24,0,0
BRDA:382,25,0,0
BRDA:394,26,0,0
BRDA:394,26,1,0
BRDA:399,27,0,0
BRDA:399,27,1,0
BRDA:407,28,0,0
BRDA:407,28,1,0
BRDA:412,29,0,0
BRDA:412,29,1,0
BRDA:420,30,0,0
BRDA:420,30,1,0
BRDA:425,31,0,0
BRDA:425,31,1,0
BRF:52
BRH:0
end_of_record
TN:
SF:src/core/metrics.ts
FN:8,(anonymous_0)
FN:78,(anonymous_1)
FN:79,(anonymous_2)
FN:80,(anonymous_3)
FN:83,(anonymous_4)
FN:101,(anonymous_5)
FN:105,(anonymous_6)
FN:108,(anonymous_7)
FN:113,(anonymous_8)
FN:117,(anonymous_9)
FN:121,(anonymous_10)
FN:126,(anonymous_11)
FN:137,(anonymous_12)
FN:141,(anonymous_13)
FN:149,(anonymous_14)
FN:155,(anonymous_15)
FN:159,(anonymous_16)
FN:163,(anonymous_17)
FN:173,(anonymous_18)
FN:177,(anonymous_19)
FN:181,(anonymous_20)
FN:198,(anonymous_21)
FN:207,(anonymous_22)
FN:220,(anonymous_23)
FN:231,(anonymous_24)
FN:237,(anonymous_25)
FN:242,(anonymous_26)
FN:259,(anonymous_27)
FN:276,(anonymous_28)
FN:279,(anonymous_29)
FN:287,(anonymous_30)
FN:363,(anonymous_31)
FN:365,(anonymous_32)
FN:384,(anonymous_33)
FN:390,(anonymous_34)
FN:434,(anonymous_35)
FN:443,(anonymous_36)
FN:444,(anonymous_37)
FN:459,(anonymous_38)
FN:467,(anonymous_39)
FN:469,(anonymous_40)
FN:470,(anonymous_41)
FN:475,(anonymous_42)
FN:492,(anonymous_43)
FN:496,(anonymous_44)
FN:500,(anonymous_45)
FN:504,(anonymous_46)
FN:510,(anonymous_47)
FN:531,recordApiCall
FN:545,recordCacheMetrics
FN:549,recordRateLimitMetrics
FNF:51
FNH:0
FNDA:0,(anonymous_0)
FNDA:0,(anonymous_1)
FNDA:0,(anonymous_2)
FNDA:0,(anonymous_3)
FNDA:0,(anonymous_4)
FNDA:0,(anonymous_5)
FNDA:0,(anonymous_6)
FNDA:0,(anonymous_7)
FNDA:0,(anonymous_8)
FNDA:0,(anonymous_9)
FNDA:0,(anonymous_10)
FNDA:0,(anonymous_11)
FNDA:0,(anonymous_12)
FNDA:0,(anonymous_13)
FNDA:0,(anonymous_14)
FNDA:0,(anonymous_15)
FNDA:0,(anonymous_16)
FNDA:0,(anonymous_17)
FNDA:0,(anonymous_18)
FNDA:0,(anonymous_19)
FNDA:0,(anonymous_20)
FNDA:0,(anonymous_21)
FNDA:0,(anonymous_22)
FNDA:0,(anonymous_23)
FNDA:0,(anonymous_24)
FNDA:0,(anonymous_25)
FNDA:0,(anonymous_26)
FNDA:0,(anonymous_27)
FNDA:0,(anonymous_28)
FNDA:0,(anonymous_29)
FNDA:0,(anonymous_30)
FNDA:0,(anonymous_31)
FNDA:0,(anonymous_32)
FNDA:0,(anonymous_33)
FNDA:0,(anonymous_34)
FNDA:0,(anonymous_35)
FNDA:0,(anonymous_36)
FNDA:0,(anonymous_37)
FNDA:0,(anonymous_38)
FNDA:0,(anonymous_39)
FNDA:0,(anonymous_40)
FNDA:0,(anonymous_41)
FNDA:0,(anonymous_42)
FNDA:0,(anonymous_43)
FNDA:0,(anonymous_44)
FNDA:0,(anonymous_45)
FNDA:0,(anonymous_46)
FNDA:0,(anonymous_47)
FNDA:0,recordApiCall
FNDA:0,recordCacheMetrics
FNDA:0,recordRateLimitMetrics
DA:1,0
DA:2,0
DA:3,0
DA:5,0
DA:8,0
DA:9,0
DA:10,0
DA:11,0
DA:12,0
DA:72,0
DA:74,0
DA:75,0
DA:76,0
DA:79,0
DA:80,0
DA:84,0
DA:85,0
DA:86,0
DA:89,0
DA:90,0
DA:91,0
DA:96,0
DA:97,0
DA:102,0
DA:106,0
DA:108,0
DA:109,0
DA:110,0
DA:114,0
DA:118,0
DA:122,0
DA:123,0
DA:124,0
DA:125,0
DA:126,0
DA:132,0
DA:133,0
DA:134,0
DA:138,0
DA:142,0
DA:143,0
DA:144,0
DA:145,0
DA:148,0
DA:149,0
DA:150,0
DA:151,0
DA:156,0
DA:158,0
DA:159,0
DA:160,0
DA:163,0
DA:165,0
DA:166,0
DA:167,0
DA:170,0
DA:174,0
DA:178,0
DA:182,0
DA:183,0
DA:184,0
DA:189,0
DA:190,0
DA:191,0
DA:192,0
DA:193,0
DA:195,0
DA:199,0
DA:201,0
DA:202,0
DA:208,0
DA:209,0
DA:210,0
DA:212,0
DA:221,0
DA:222,0
DA:224,0
DA:232,0
DA:233,0
DA:234,0
DA:238,0
DA:243,0
DA:245,0
DA:246,0
DA:247,0
DA:254,0
DA:255,0
DA:260,0
DA:262,0
DA:263,0
DA:264,0
DA:271,0
DA:272,0
DA:277,0
DA:279,0
DA:280,0
DA:281,0
DA:282,0
DA:288,0
DA:289,0
DA:292,0
DA:293,0
DA:294,0
DA:295,0
DA:297,0
DA:308,0
DA:309,0
DA:310,0
DA:311,0
DA:313,0
DA:324,0
DA:325,0
DA:326,0
DA:327,0
DA:329,0
DA:342,0
DA:343,0
DA:344,0
DA:345,0
DA:347,0
DA:359,0
DA:364,0
DA:365,0
DA:368,0
DA:370,0
DA:385,0
DA:386,0
DA:388,0
DA:389,0
DA:390,0
DA:392,0
DA:394,0
DA:395,0
DA:397,0
DA:400,0
DA:401,0
DA:404,0
DA:405,0
DA:409,0
DA:412,0
DA:413,0
DA:414,0
DA:417,0
DA:418,0
DA:422,0
DA:423,0
DA:424,0
DA:427,0
DA:430,0
DA:435,0
DA:436,0
DA:437,0
DA:438,0
DA:439,0
DA:444,0
DA:445,0
DA:446,0
DA:449,0
DA:460,0
DA:461,0
DA:462,0
DA:468,0
DA:469,0
DA:470,0
DA:472,0
DA:476,0
DA:477,0
DA:478,0
DA:480,0
DA:481,0
DA:482,0
DA:483,0
DA:484,0
DA:488,0
DA:493,0
DA:497,0
DA:501,0
DA:505,0
DA:506,0
DA:511,0
DA:512,0
DA:513,0
DA:514,0
DA:515,0
DA:516,0
DA:517,0
DA:519,0
DA:520,0
DA:521,0
DA:522,0
DA:528,0
DA:531,0
DA:537,0
DA:538,0
DA:540,0
DA:541,0
DA:545,0
DA:546,0
DA:549,0
DA:550,0
LF:200
LH:0
BRDA:8,0,0,0
BRDA:8,0,1,0
BRDA:78,1,0,0
BRDA:90,2,0,0
BRDA:91,3,0,0
BRDA:91,3,1,0
BRDA:96,4,0,0
BRDA:106,5,0,0
BRDA:110,6,0,0
BRDA:110,6,1,0
BRDA:137,7,0,0
BRDA:158,8,0,0
BRDA:167,9,0,0
BRDA:167,9,1,0
BRDA:201,10,0,0
BRDA:207,11,0,0
BRDA:207,12,0,0
BRDA:209,13,0,0
BRDA:209,13,1,0
BRDA:220,14,0,0
BRDA:231,15,0,0
BRDA:231,16,0,0
BRDA:233,17,0,0
BRDA:233,17,1,0
BRDA:237,18,0,0
BRDA:237,19,0,0
BRDA:242,20,0,0
BRDA:245,21,0,0
BRDA:255,22,0,0
BRDA:259,23,0,0
BRDA:262,24,0,0
BRDA:272,25,0,0
BRDA:276,26,0,0
BRDA:294,27,0,0
BRDA:310,28,0,0
BRDA:326,29,0,0
BRDA:344,30,0,0
BRDA:368,31,0,0
BRDA:373,32,0,0
BRDA:373,32,1,0
BRDA:392,33,0,0
BRDA:392,33,1,0
BRDA:397,34,0,0
BRDA:397,34,1,0
BRDA:397,34,2,0
BRDA:397,34,3,0
BRDA:406,35,0,0
BRDA:406,35,1,0
BRDA:410,36,0,0
BRDA:410,36,1,0
BRDA:412,37,0,0
BRDA:412,37,1,0
BRDA:413,38,0,0
BRDA:413,38,1,0
BRDA:419,39,0,0
BRDA:419,39,1,0
BRDA:422,40,0,0
BRDA:422,40,1,0
BRDA:423,41,0,0
BRDA:423,41,1,0
BRDA:460,42,0,0
BRDA:472,43,0,0
BRDA:472,43,1,0
BRDA:477,44,0,0
BRDA:477,44,1,0
BRDA:483,45,0,0
BRDA:483,46,0,0
BRDA:483,46,1,0
BRDA:492,47,0,0
BRDA:492,48,0,0
BRDA:496,49,0,0
BRDA:500,50,0,0
BRDA:504,51,0,0
BRDA:506,52,0,0
BRDA:506,52,1,0
BRDA:510,53,0,0
BRDA:540,54,0,0
BRF:77
BRH:0
end_of_record
TN:
SF:src/core/rate-limiter.ts
FN:19,(anonymous_0)
FN:27,(anonymous_1)
FN:69,(anonymous_2)
FN:80,(anonymous_3)
FN:85,(anonymous_4)
FN:96,(anonymous_5)
FN:104,(anonymous_6)
FN:113,(anonymous_7)
FN:114,(anonymous_8)
FN:120,(anonymous_9)
FN:124,(anonymous_10)
FN:128,(anonymous_11)
FN:139,(anonymous_12)
FN:148,(anonymous_13)
FN:153,(anonymous_14)
FN:167,(anonymous_15)
FN:175,(anonymous_16)
FN:177,(anonymous_17)
FN:180,(anonymous_18)
FN:181,(anonymous_19)
FN:187,(anonymous_20)
FN:199,(anonymous_21)
FN:214,(anonymous_22)
FN:218,(anonymous_23)
FN:223,(anonymous_24)
FN:230,(anonymous_25)
FN:234,(anonymous_26)
FN:238,(anonymous_27)
FN:255,(anonymous_28)
FN:256,(anonymous_29)
FN:269,(anonymous_30)
FN:273,(anonymous_31)
FN:274,(anonymous_32)
FN:277,(anonymous_33)
FN:283,(anonymous_34)
FN:299,(anonymous_35)
FN:323,(anonymous_36)
FN:347,(anonymous_37)
FN:377,(anonymous_38)
FN:393,(anonymous_39)
FN:401,(anonymous_40)
FN:430,(anonymous_41)
FN:434,(anonymous_42)
FN:445,(anonymous_43)
FN:456,(anonymous_44)
FN:458,(anonymous_45)
FNF:46
FNH:0
FNDA:0,(anonymous_0)
FNDA:0,(anonymous_1)
FNDA:0,(anonymous_2)
FNDA:0,(anonymous_3)
FNDA:0,(anonymous_4)
FNDA:0,(anonymous_5)
FNDA:0,(anonymous_6)
FNDA:0,(anonymous_7)
FNDA:0,(anonymous_8)
FNDA:0,(anonymous_9)
FNDA:0,(anonymous_10)
FNDA:0,(anonymous_11)
FNDA:0,(anonymous_12)
FNDA:0,(anonymous_13)
FNDA:0,(anonymous_14)
FNDA:0,(anonymous_15)
FNDA:0,(anonymous_16)
FNDA:0,(anonymous_17)
FNDA:0,(anonymous_18)
FNDA:0,(anonymous_19)
FNDA:0,(anonymous_20)
FNDA:0,(anonymous_21)
FNDA:0,(anonymous_22)
FNDA:0,(anonymous_23)
FNDA:0,(anonymous_24)
FNDA:0,(anonymous_25)
FNDA:0,(anonymous_26)
FNDA:0,(anonymous_27)
FNDA:0,(anonymous_28)
FNDA:0,(anonymous_29)
FNDA:0,(anonymous_30)
FNDA:0,(anonymous_31)
FNDA:0,(anonymous_32)
FNDA:0,(anonymous_33)
FNDA:0,(anonymous_34)
FNDA:0,(anonymous_35)
FNDA:0,(anonymous_36)
FNDA:0,(anonymous_37)
FNDA:0,(anonymous_38)
FNDA:0,(anonymous_39)
FNDA:0,(anonymous_40)
FNDA:0,(anonymous_41)
FNDA:0,(anonymous_42)
FNDA:0,(anonymous_43)
FNDA:0,(anonymous_44)
FNDA:0,(anonymous_45)
DA:1,0
DA:2,0
DA:3,0
DA:5,0
DA:19,0
DA:20,0
DA:21,0
DA:22,0
DA:23,0
DA:27,0
DA:28,0
DA:29,0
DA:30,0
DA:47,0
DA:70,0
DA:71,0
DA:72,0
DA:73,0
DA:74,0
DA:77,0
DA:81,0
DA:82,0
DA:86,0
DA:87,0
DA:88,0
DA:90,0
DA:92,0
DA:93,0
DA:97,0
DA:98,0
DA:105,0
DA:106,0
DA:107,0
DA:109,0
DA:110,0
DA:114,0
DA:115,0
DA:116,0
DA:121,0
DA:125,0
DA:129,0
DA:137,0
DA:140,0
DA:141,0
DA:142,0
DA:145,0
DA:149,0
DA:150,0
DA:154,0
DA:156,0
DA:157,0
DA:158,0
DA:160,0
DA:163,0
DA:164,0
DA:168,0
DA:169,0
DA:176,0
DA:177,0
DA:181,0
DA:182,0
DA:183,0
DA:188,0
DA:195,0
DA:205,0
DA:206,0
DA:207,0
DA:208,0
DA:211,0
DA:215,0
DA:219,0
DA:220,0
DA:224,0
DA:225,0
DA:226,0
DA:231,0
DA:235,0
DA:238,0
DA:240,0
DA:242,0
DA:243,0
DA:244,0
DA:245,0
DA:246,0
DA:248,0
DA:249,0
DA:250,0
DA:251,0
DA:256,0
DA:257,0
DA:263,0
DA:265,0
DA:266,0
DA:267,0
DA:270,0
DA:273,0
DA:274,0
DA:283,0
DA:284,0
DA:295,0
DA:301,0
DA:302,0
DA:303,0
DA:304,0
DA:305,0
DA:306,0
DA:307,0
DA:311,0
DA:312,0
DA:315,0
DA:320,0
DA:324,0
DA:326,0
DA:328,0
DA:329,0
DA:330,0
DA:331,0
DA:332,0
DA:334,0
DA:335,0
DA:338,0
DA:341,0
DA:344,0
DA:348,0
DA:350,0
DA:351,0
DA:352,0
DA:355,0
DA:356,0
DA:357,0
DA:360,0
DA:362,0
DA:364,0
DA:365,0
DA:372,0
DA:373,0
DA:376,0
DA:378,0
DA:384,0
DA:388,0
DA:394,0
DA:395,0
DA:396,0
DA:398,0
DA:402,0
DA:404,0
DA:410,0
DA:416,0
DA:422,0
DA:423,0
DA:431,0
DA:433,0
DA:434,0
DA:437,0
DA:446,0
DA:447,0
DA:450,0
DA:452,0
DA:457,0
DA:458,0
DA:459,0
DA:461,0
DA:463,0
DA:468,0
LF:164
LH:0
BRDA:19,0,0,0
BRDA:19,0,1,0
BRDA:27,1,0,0
BRDA:27,1,1,0
BRDA:86,2,0,0
BRDA:86,2,1,0
BRDA:156,3,0,0
BRDA:156,3,1,0
BRDA:202,4,0,0
BRDA:203,5,0,0
BRDA:225,6,0,0
BRDA:235,7,0,0
BRDA:240,8,0,0
BRDA:240,8,1,0
BRDA:246,9,0,0
BRDA:269,10,0,0
BRDA:280,11,0,0
BRDA:281,12,0,0
BRDA:304,13,0,0
BRDA:304,14,0,0
BRDA:304,14,1,0
BRDA:311,15,0,0
BRDA:324,16,0,0
BRDA:324,17,0,0
BRDA:324,17,1,0
BRDA:328,18,0,0
BRDA:328,18,1,0
BRDA:330,19,0,0
BRDA:334,20,0,0
BRDA:355,21,0,0
BRDA:364,22,0,0
BRDA:364,22,1,0
BRDA:364,23,0,0
BRDA:364,23,1,0
BRDA:368,24,0,0
BRDA:368,24,1,0
BRDA:394,25,0,0
BRDA:396,26,0,0
BRDA:396,26,1,0
BRDA:396,26,2,0
BRDA:398,27,0,0
BRDA:398,27,1,0
BRDA:402,28,0,0
BRDA:402,28,1,0
BRDA:402,28,2,0
BRDA:402,28,3,0
BRDA:433,29,0,0
BRDA:433,29,1,0
BRF:48
BRH:0
end_of_record
TN:
SF:src/core/resource-registry.ts
FN:7,(anonymous_0)
FN:8,(anonymous_1)
FN:9,(anonymous_2)
FN:10,(anonymous_3)
FN:11,(anonymous_4)
FN:14,(anonymous_5)
FN:15,(anonymous_6)
FN:18,(anonymous_7)
FN:19,(anonymous_8)
FN:20,(anonymous_9)
FN:21,(anonymous_10)
FN:22,(anonymous_11)
FN:23,(anonymous_12)
FN:26,(anonymous_13)
FN:27,(anonymous_14)
FN:28,(anonymous_15)
FN:29,(anonymous_16)
FN:30,(anonymous_17)
FNF:18
FNH:0
FNDA:0,(anonymous_0)
FNDA:0,(anonymous_1)
FNDA:0,(anonymous_2)
FNDA:0,(anonymous_3)
FNDA:0,(anonymous_4)
FNDA:0,(anonymous_5)
FNDA:0,(anonymous_6)
FNDA:0,(anonymous_7)
FNDA:0,(anonymous_8)
FNDA:0,(anonymous_9)
FNDA:0,(anonymous_10)
FNDA:0,(anonymous_11)
FNDA:0,(anonymous_12)
FNDA:0,(anonymous_13)
FNDA:0,(anonymous_14)
FNDA:0,(anonymous_15)
FNDA:0,(anonymous_16)
FNDA:0,(anonymous_17)
DA:5,0
DA:7,0
DA:8,0
DA:9,0
DA:10,0
DA:11,0
DA:12,0
DA:14,0
DA:15,0
DA:16,0
DA:18,0
DA:19,0
DA:20,0
DA:21,0
DA:22,0
DA:23,0
DA:24,0
DA:26,0
DA:27,0
DA:28,0
DA:29,0
DA:30,0
LF:22
LH:0
BRF:0
BRH:0
end_of_record
TN:
SF:src/core/server-rate-limiter.ts
FN:15,(anonymous_1)
FN:20,(anonymous_2)
FN:22,(anonymous_3)
FN:23,(anonymous_4)
FN:40,(anonymous_5)
FN:54,(anonymous_6)
FN:59,(anonymous_7)
FN:70,(anonymous_8)
FN:76,(anonymous_9)
FN:80,(anonymous_10)
FN:92,(anonymous_11)
FN:96,(anonymous_12)
FN:100,(anonymous_13)
FN:102,(anonymous_14)
FN:108,(anonymous_15)
FN:152,(anonymous_16)
FN:176,(anonymous_17)
FN:201,(anonymous_18)
FN:214,(anonymous_19)
FN:218,(anonymous_20)
FN:245,(anonymous_21)
FN:254,(anonymous_22)
FN:262,(anonymous_23)
FN:290,(anonymous_24)
FNF:24
FNH:0
FNDA:0,(anonymous_1)
FNDA:0,(anonymous_2)
FNDA:0,(anonymous_3)
FNDA:0,(anonymous_4)
FNDA:0,(anonymous_5)
FNDA:0,(anonymous_6)
FNDA:0,(anonymous_7)
FNDA:0,(anonymous_8)
FNDA:0,(anonymous_9)
FNDA:0,(anonymous_10)
FNDA:0,(anonymous_11)
FNDA:0,(anonymous_12)
FNDA:0,(anonymous_13)
FNDA:0,(anonymous_14)
FNDA:0,(anonymous_15)
FNDA:0,(anonymous_16)
FNDA:0,(anonymous_17)
FNDA:0,(anonymous_18)
FNDA:0,(anonymous_19)
FNDA:0,(anonymous_20)
FNDA:0,(anonymous_21)
FNDA:0,(anonymous_22)
FNDA:0,(anonymous_23)
FNDA:0,(anonymous_24)
DA:1,0
DA:2,0
DA:6,0
DA:9,0
DA:10,0
DA:11,0
DA:12,0
DA:13,0
DA:16,0
DA:17,0
DA:21,0
DA:22,0
DA:23,0
DA:24,0
DA:25,0
DA:26,0
DA:27,0
DA:28,0
DA:29,0
DA:30,0
DA:32,0
DA:33,0
DA:36,0
DA:45,0
DA:46,0
DA:47,0
DA:49,0
DA:50,0
DA:52,0
DA:53,0
DA:54,0
DA:60,0
DA:61,0
DA:67,0
DA:71,0
DA:72,0
DA:74,0
DA:75,0
DA:76,0
DA:78,0
DA:79,0
DA:80,0
DA:83,0
DA:84,0
DA:85,0
DA:86,0
DA:89,0
DA:93,0
DA:94,0
DA:95,0
DA:96,0
DA:97,0
DA:101,0
DA:102,0
DA:103,0
DA:108,0
DA:133,0
DA:134,0
DA:150,0
DA:154,0
DA:155,0
DA:156,0
DA:157,0
DA:166,0
DA:167,0
DA:177,0
DA:178,0
DA:180,0
DA:181,0
DA:183,0
DA:184,0
DA:186,0
DA:187,0
DA:189,0
DA:190,0
DA:193,0
DA:194,0
DA:197,0
DA:202,0
DA:203,0
DA:204,0
DA:205,0
DA:206,0
DA:207,0
DA:209,0
DA:210,0
DA:213,0
DA:214,0
DA:221,0
DA:222,0
DA:224,0
DA:225,0
DA:226,0
DA:228,0
DA:231,0
DA:232,0
DA:233,0
DA:234,0
DA:238,0
DA:239,0
DA:241,0
DA:246,0
DA:248,0
DA:249,0
DA:254,0
DA:255,0
DA:258,0
DA:265,0
DA:266,0
DA:267,0
DA:268,0
DA:269,0
DA:271,0
DA:272,0
DA:282,0
DA:283,0
DA:284,0
DA:286,0
DA:291,0
DA:296,0
LF:120
LH:0
BRDA:20,0,0,0
BRDA:49,1,0,0
BRDA:49,2,0,0
BRDA:49,2,1,0
BRDA:60,3,0,0
BRDA:62,4,0,0
BRDA:62,4,1,0
BRDA:62,4,2,0
BRDA:62,4,3,0
BRDA:71,5,0,0
BRDA:71,6,0,0
BRDA:71,6,1,0
BRDA:78,7,0,0
BRDA:80,8,0,0
BRDA:84,9,0,0
BRDA:107,10,0,0
BRDA:107,10,1,0
BRDA:154,11,0,0
BRDA:156,12,0,0
BRDA:177,13,0,0
BRDA:177,14,0,0
BRDA:177,14,1,0
BRDA:180,15,0,0
BRDA:183,16,0,0
BRDA:186,17,0,0
BRDA:189,18,0,0
BRDA:189,19,0,0
BRDA:189,19,1,0
BRDA:189,19,2,0
BRDA:193,20,0,0
BRDA:193,21,0,0
BRDA:193,21,1,0
BRDA:193,21,2,0
BRDA:203,22,0,0
BRDA:225,23,0,0
BRDA:231,24,0,0
BRDA:265,25,0,0
BRDA:268,26,0,0
BRDA:278,27,0,0
BRDA:278,27,1,0
BRF:40
BRH:0
end_of_record
TN:
SF:src/core/telemetry.ts
FN:17,(anonymous_0)
FN:19,(anonymous_1)
FN:26,(anonymous_2)
FN:47,(anonymous_3)
FN:74,(anonymous_4)
FN:86,(anonymous_5)
FN:108,(anonymous_6)
FN:137,(anonymous_7)
FN:166,(anonymous_8)
FN:174,(anonymous_9)
FN:182,(anonymous_10)
FN:183,(anonymous_11)
FN:187,(anonymous_12)
FN:189,(anonymous_13)
FNF:14
FNH:0
FNDA:0,(anonymous_0)
FNDA:0,(anonymous_1)
FNDA:0,(anonymous_2)
FNDA:0,(anonymous_3)
FNDA:0,(anonymous_4)
FNDA:0,(anonymous_5)
FNDA:0,(anonymous_6)
FNDA:0,(anonymous_7)
FNDA:0,(anonymous_8)
FNDA:0,(anonymous_9)
FNDA:0,(anonymous_10)
FNDA:0,(anonymous_11)
FNDA:0,(anonymous_12)
FNDA:0,(anonymous_13)
DA:1,0
DA:2,0
DA:3,0
DA:4,0
DA:5,0
DA:6,0
DA:7,0
DA:8,0
DA:10,0
DA:12,0
DA:14,0
DA:15,0
DA:20,0
DA:21,0
DA:23,0
DA:27,0
DA:28,0
DA:29,0
DA:32,0
DA:33,0
DA:42,0
DA:48,0
DA:53,0
DA:66,0
DA:67,0
DA:69,0
DA:70,0
DA:75,0
DA:76,0
DA:77,0
DA:78,0
DA:80,0
DA:94,0
DA:99,0
DA:100,0
DA:101,0
DA:104,0
DA:116,0
DA:118,0
DA:119,0
DA:120,0
DA:121,0
DA:123,0
DA:124,0
DA:126,0
DA:130,0
DA:132,0
DA:145,0
DA:147,0
DA:148,0
DA:149,0
DA:150,0
DA:152,0
DA:153,0
DA:155,0
DA:159,0
DA:161,0
DA:167,0
DA:168,0
DA:169,0
DA:175,0
DA:176,0
DA:177,0
DA:183,0
DA:184,0
DA:185,0
DA:187,0
DA:188,0
DA:189,0
DA:197,0
DA:203,0
DA:206,0
LF:72
LH:0
BRDA:20,0,0,0
BRDA:27,1,0,0
BRDA:75,2,0,0
BRDA:95,3,0,0
BRDA:95,3,1,0
BRDA:99,4,0,0
BRDA:123,5,0,0
BRDA:128,6,0,0
BRDA:128,6,1,0
BRDA:152,7,0,0
BRDA:157,8,0,0
BRDA:157,8,1,0
BRDA:168,9,0,0
BRDA:176,10,0,0
BRDA:185,11,0,0
BRDA:185,11,1,0
BRF:16
BRH:0
end_of_record
TN:
SF:src/core/websocket.ts
FN:28,(anonymous_0)
FN:32,(anonymous_1)
FN:42,(anonymous_2)
FN:50,(anonymous_3)
FN:63,(anonymous_4)
FN:74,(anonymous_5)
FN:80,(anonymous_6)
FN:97,(anonymous_7)
FN:100,(anonymous_8)
FN:104,(anonymous_9)
FN:113,(anonymous_10)
FN:116,(anonymous_11)
FN:133,(anonymous_12)
FN:158,(anonymous_13)
FN:184,(anonymous_14)
FN:212,(anonymous_15)
FN:217,(anonymous_16)
FN:234,(anonymous_17)
FN:243,(anonymous_18)
FN:253,(anonymous_19)
FN:260,(anonymous_20)
FN:266,(anonymous_21)
FNF:22
FNH:0
FNDA:0,(anonymous_0)
FNDA:0,(anonymous_1)
FNDA:0,(anonymous_2)
FNDA:0,(anonymous_3)
FNDA:0,(anonymous_4)
FNDA:0,(anonymous_5)
FNDA:0,(anonymous_6)
FNDA:0,(anonymous_7)
FNDA:0,(anonymous_8)
FNDA:0,(anonymous_9)
FNDA:0,(anonymous_10)
FNDA:0,(anonymous_11)
FNDA:0,(anonymous_12)
FNDA:0,(anonymous_13)
FNDA:0,(anonymous_14)
FNDA:0,(anonymous_15)
FNDA:0,(anonymous_16)
FNDA:0,(anonymous_17)
FNDA:0,(anonymous_18)
FNDA:0,(anonymous_19)
FNDA:0,(anonymous_20)
FNDA:0,(anonymous_21)
DA:1,0
DA:2,0
DA:3,0
DA:4,0
DA:7,0
DA:22,0
DA:25,0
DA:26,0
DA:29,0
DA:33,0
DA:34,0
DA:36,0
DA:43,0
DA:44,0
DA:45,0
DA:48,0
DA:50,0
DA:51,0
DA:52,0
DA:54,0
DA:60,0
DA:63,0
DA:64,0
DA:65,0
DA:66,0
DA:68,0
DA:69,0
DA:74,0
DA:75,0
DA:76,0
DA:80,0
DA:81,0
DA:85,0
DA:91,0
DA:98,0
DA:100,0
DA:101,0
DA:104,0
DA:105,0
DA:114,0
DA:116,0
DA:117,0
DA:118,0
DA:119,0
DA:127,0
DA:134,0
DA:135,0
DA:137,0
DA:139,0
DA:140,0
DA:142,0
DA:145,0
DA:146,0
DA:148,0
DA:151,0
DA:159,0
DA:160,0
DA:163,0
DA:166,0
DA:167,0
DA:169,0
DA:170,0
DA:173,0
DA:178,0
DA:185,0
DA:186,0
DA:189,0
DA:192,0
DA:193,0
DA:194,0
DA:195,0
DA:196,0
DA:201,0
DA:206,0
DA:213,0
DA:214,0
DA:217,0
DA:218,0
DA:219,0
DA:220,0
DA:221,0
DA:222,0
DA:228,0
DA:235,0
DA:236,0
DA:244,0
DA:254,0
DA:265,0
DA:266,0
DA:267,0
DA:270,0
DA:279,0
LF:92
LH:0
BRDA:33,0,0,0
BRDA:42,1,0,0
BRDA:43,2,0,0
BRDA:98,3,0,0
BRDA:114,4,0,0
BRDA:114,4,1,0
BRDA:118,5,0,0
BRDA:118,6,0,0
BRDA:118,6,1,0
BRDA:135,7,0,0
BRDA:137,8,0,0
BRDA:137,8,1,0
BRDA:137,8,2,0
BRDA:139,9,0,0
BRDA:145,10,0,0
BRDA:160,11,0,0
BRDA:166,12,0,0
BRDA:170,13,0,0
BRDA:186,14,0,0
BRDA:193,15,0,0
BRDA:195,16,0,0
BRDA:214,17,0,0
BRDA:219,18,0,0
BRDA:221,19,0,0
BRDA:235,20,0,0
BRF:25
BRH:0
end_of_record
TN:
SF:src/middleware/error-handler.ts
FN:21,(anonymous_0)
FN:35,(anonymous_1)
FN:54,(anonymous_2)
FN:76,(anonymous_3)
FN:98,(anonymous_4)
FN:119,(anonymous_5)
FN:136,(anonymous_6)
FN:156,getSuggestionsForHttpError
FN:246,handleError
FN:264,(anonymous_9)
FN:308,sanitizeError
FN:315,(anonymous_11)
FN:327,formatErrorForResponse
FN:336,(anonymous_13)
FN:347,(anonymous_14)
FNF:15
FNH:2
FNDA:5,(anonymous_0)
FNDA:0,(anonymous_1)
FNDA:0,(anonymous_2)
FNDA:0,(anonymous_3)
FNDA:0,(anonymous_4)
FNDA:0,(anonymous_5)
FNDA:0,(anonymous_6)
FNDA:0,getSuggestionsForHttpError
FNDA:5,handleError
FNDA:0,(anonymous_9)
FNDA:0,sanitizeError
FNDA:0,(anonymous_11)
FNDA:0,formatErrorForResponse
FNDA:0,(anonymous_13)
FNDA:0,(anonymous_14)
DA:1,1
DA:2,1
DA:3,1
DA:18,1
DA:23,5
DA:24,5
DA:25,5
DA:28,5
DA:29,5
DA:30,5
DA:34,1
DA:37,0
DA:39,0
DA:49,0
DA:53,1
DA:55,0
DA:71,0
DA:75,1
DA:77,0
DA:93,0
DA:97,1
DA:99,0
DA:114,0
DA:118,1
DA:120,0
DA:131,0
DA:135,1
DA:137,0
DA:151,0
DA:160,0
DA:162,0
DA:173,0
DA:180,0
DA:191,0
DA:198,0
DA:209,0
DA:216,0
DA:226,0
DA:237,0
DA:246,1
DA:247,5
DA:250,5
DA:258,5
DA:259,1
DA:262,4
DA:263,0
DA:264,0
DA:269,4
DA:270,0
DA:271,0
DA:274,0
DA:275,0
DA:279,0
DA:280,0
DA:284,0
DA:286,0
DA:296,4
DA:308,1
DA:309,0
DA:315,0
DA:327,1
DA:331,0
DA:332,0
DA:334,0
DA:335,0
DA:336,0
DA:337,0
DA:338,0
DA:339,0
DA:341,0
DA:345,0
DA:346,0
DA:347,0
DA:348,0
DA:352,0
LF:75
LH:26
BRDA:23,0,0,0
BRDA:24,1,0,0
BRDA:30,2,0,5
BRDA:30,2,1,1
BRDA:54,3,0,0
BRDA:58,4,0,0
BRDA:58,4,1,0
BRDA:76,5,0,0
BRDA:80,6,0,0
BRDA:80,6,1,0
BRDA:98,7,0,0
BRDA:160,8,0,0
BRDA:160,8,1,0
BRDA:160,8,2,0
BRDA:160,8,3,0
BRDA:160,8,4,0
BRDA:160,8,5,0
BRDA:160,8,6,0
BRDA:160,8,7,0
BRDA:160,8,8,0
BRDA:160,8,9,0
BRDA:160,8,10,0
BRDA:160,8,11,0
BRDA:247,9,0,5
BRDA:247,9,1,4
BRDA:251,10,0,4
BRDA:251,10,1,1
BRDA:252,11,0,4
BRDA:252,11,1,1
BRDA:258,12,0,1
BRDA:262,13,0,0
BRDA:269,14,0,0
BRDA:270,15,0,0
BRDA:270,15,1,0
BRDA:271,16,0,0
BRDA:271,16,1,0
BRDA:271,16,2,0
BRDA:274,17,0,0
BRDA:274,18,0,0
BRDA:274,18,1,0
BRDA:275,19,0,0
BRDA:275,19,1,0
BRDA:279,20,0,0
BRDA:314,21,0,0
BRDA:314,21,1,0
BRDA:334,22,0,0
BRDA:338,23,0,0
BRDA:345,24,0,0
BRF:48
BRH:9
end_of_record
TN:
SF:src/services/mcp-client.ts
FN:80,(anonymous_1)
FN:92,(anonymous_2)
FN:111,(anonymous_3)
FN:112,(anonymous_4)
FN:119,(anonymous_5)
FN:126,(anonymous_6)
FN:139,(anonymous_7)
FN:143,(anonymous_8)
FN:151,(anonymous_9)
FN:158,(anonymous_10)
FN:165,(anonymous_11)
FN:175,(anonymous_12)
FN:194,(anonymous_13)
FN:207,(anonymous_14)
FN:211,(anonymous_15)
FN:214,(anonymous_16)
FN:229,(anonymous_17)
FN:231,(anonymous_18)
FN:245,(anonymous_19)
FN:247,(anonymous_20)
FN:262,(anonymous_21)
FN:264,(anonymous_22)
FN:270,(anonymous_23)
FN:272,(anonymous_24)
FN:287,(anonymous_25)
FN:289,(anonymous_26)
FN:295,(anonymous_27)
FN:297,(anonymous_28)
FN:312,(anonymous_29)
FN:314,(anonymous_30)
FN:320,(anonymous_31)
FN:324,(anonymous_32)
FN:326,(anonymous_33)
FN:344,(anonymous_34)
FN:348,(anonymous_35)
FN:350,(anonymous_36)
FN:359,(anonymous_37)
FN:363,(anonymous_38)
FN:365,(anonymous_39)
FN:374,(anonymous_40)
FN:378,(anonymous_41)
FN:380,(anonymous_42)
FN:389,(anonymous_43)
FN:393,(anonymous_44)
FN:395,(anonymous_45)
FN:404,(anonymous_46)
FN:408,(anonymous_47)
FN:410,(anonymous_48)
FN:419,(anonymous_49)
FN:423,(anonymous_50)
FN:425,(anonymous_51)
FN:434,(anonymous_52)
FN:438,(anonymous_53)
FN:440,(anonymous_54)
FN:449,(anonymous_55)
FN:451,(anonymous_56)
FN:457,(anonymous_57)
FN:459,(anonymous_58)
FN:465,(anonymous_59)
FN:467,(anonymous_60)
FN:473,(anonymous_61)
FN:475,(anonymous_62)
FN:481,(anonymous_63)
FN:483,(anonymous_64)
FN:489,(anonymous_65)
FN:491,(anonymous_66)
FN:497,(anonymous_67)
FN:499,(anonymous_68)
FN:505,(anonymous_69)
FN:507,(anonymous_70)
FN:513,(anonymous_71)
FN:515,(anonymous_72)
FN:521,(anonymous_73)
FN:523,(anonymous_74)
FN:529,(anonymous_75)
FN:531,(anonymous_76)
FN:537,(anonymous_77)
FN:541,(anonymous_78)
FN:547,(anonymous_79)
FN:549,(anonymous_80)
FN:555,(anonymous_81)
FN:557,(anonymous_82)
FN:563,(anonymous_83)
FN:565,(anonymous_84)
FN:571,(anonymous_85)
FN:573,(anonymous_86)
FN:579,(anonymous_87)
FN:583,(anonymous_88)
FN:589,(anonymous_89)
FN:591,(anonymous_90)
FN:597,(anonymous_91)
FN:599,(anonymous_92)
FN:605,(anonymous_93)
FN:607,(anonymous_94)
FN:613,(anonymous_95)
FN:615,(anonymous_96)
FN:621,(anonymous_97)
FN:623,(anonymous_98)
FN:629,(anonymous_99)
FN:631,(anonymous_100)
FN:637,(anonymous_101)
FN:639,(anonymous_102)
FN:645,(anonymous_103)
FN:647,(anonymous_104)
FN:653,(anonymous_105)
FN:657,(anonymous_106)
FN:663,(anonymous_107)
FN:665,(anonymous_108)
FN:671,(anonymous_109)
FN:673,(anonymous_110)
FN:679,(anonymous_111)
FN:681,(anonymous_112)
FN:687,(anonymous_113)
FN:689,(anonymous_114)
FN:695,(anonymous_115)
FN:699,(anonymous_116)
FN:705,(anonymous_117)
FN:707,(anonymous_118)
FN:713,(anonymous_119)
FN:715,(anonymous_120)
FN:721,(anonymous_121)
FN:723,(anonymous_122)
FN:729,(anonymous_123)
FN:731,(anonymous_124)
FN:737,(anonymous_125)
FN:741,(anonymous_126)
FN:747,(anonymous_127)
FN:749,(anonymous_128)
FN:755,(anonymous_129)
FN:757,(anonymous_130)
FN:763,(anonymous_131)
FN:765,(anonymous_132)
FN:771,(anonymous_133)
FN:773,(anonymous_134)
FN:779,(anonymous_135)
FN:783,(anonymous_136)
FN:789,(anonymous_137)
FN:791,(anonymous_138)
FN:797,(anonymous_139)
FN:799,(anonymous_140)
FN:805,(anonymous_141)
FN:807,(anonymous_142)
FN:813,(anonymous_143)
FN:815,(anonymous_144)
FN:821,(anonymous_145)
FN:825,(anonymous_146)
FN:831,(anonymous_147)
FN:833,(anonymous_148)
FN:839,(anonymous_149)
FN:841,(anonymous_150)
FN:847,(anonymous_151)
FN:849,(anonymous_152)
FN:855,(anonymous_153)
FN:857,(anonymous_154)
FN:863,(anonymous_155)
FN:865,(anonymous_156)
FN:871,(anonymous_157)
FN:873,(anonymous_158)
FN:879,(anonymous_159)
FN:881,(anonymous_160)
FN:887,(anonymous_161)
FN:889,(anonymous_162)
FN:895,(anonymous_163)
FN:897,(anonymous_164)
FN:903,(anonymous_165)
FN:907,(anonymous_166)
FN:913,(anonymous_167)
FN:917,(anonymous_168)
FN:923,(anonymous_169)
FN:927,(anonymous_170)
FN:933,(anonymous_171)
FN:937,(anonymous_172)
FN:943,(anonymous_173)
FN:947,(anonymous_174)
FN:953,(anonymous_175)
FN:957,(anonymous_176)
FN:963,(anonymous_177)
FN:967,(anonymous_178)
FN:973,(anonymous_179)
FN:977,(anonymous_180)
FN:983,(anonymous_181)
FN:987,(anonymous_182)
FN:993,(anonymous_183)
FN:995,(anonymous_184)
FN:1001,(anonymous_185)
FN:1003,(anonymous_186)
FN:1009,(anonymous_187)
FN:1011,(anonymous_188)
FN:1017,(anonymous_189)
FN:1019,(anonymous_190)
FN:1025,(anonymous_191)
FN:1029,(anonymous_192)
FN:1035,(anonymous_193)
FN:1037,(anonymous_194)
FN:1043,(anonymous_195)
FN:1045,(anonymous_196)
FN:1051,(anonymous_197)
FN:1053,(anonymous_198)
FN:1059,(anonymous_199)
FN:1061,(anonymous_200)
FN:1067,(anonymous_201)
FN:1071,(anonymous_202)
FN:1077,(anonymous_203)
FN:1081,(anonymous_204)
FNF:204
FNH:0
FNDA:0,(anonymous_1)
FNDA:0,(anonymous_2)
FNDA:0,(anonymous_3)
FNDA:0,(anonymous_4)
FNDA:0,(anonymous_5)
FNDA:0,(anonymous_6)
FNDA:0,(anonymous_7)
FNDA:0,(anonymous_8)
FNDA:0,(anonymous_9)
FNDA:0,(anonymous_10)
FNDA:0,(anonymous_11)
FNDA:0,(anonymous_12)
FNDA:0,(anonymous_13)
FNDA:0,(anonymous_14)
FNDA:0,(anonymous_15)
FNDA:0,(anonymous_16)
FNDA:0,(anonymous_17)
FNDA:0,(anonymous_18)
FNDA:0,(anonymous_19)
FNDA:0,(anonymous_20)
FNDA:0,(anonymous_21)
FNDA:0,(anonymous_22)
FNDA:0,(anonymous_23)
FNDA:0,(anonymous_24)
FNDA:0,(anonymous_25)
FNDA:0,(anonymous_26)
FNDA:0,(anonymous_27)
FNDA:0,(anonymous_28)
FNDA:0,(anonymous_29)
FNDA:0,(anonymous_30)
FNDA:0,(anonymous_31)
FNDA:0,(anonymous_32)
FNDA:0,(anonymous_33)
FNDA:0,(anonymous_34)
FNDA:0,(anonymous_35)
FNDA:0,(anonymous_36)
FNDA:0,(anonymous_37)
FNDA:0,(anonymous_38)
FNDA:0,(anonymous_39)
FNDA:0,(anonymous_40)
FNDA:0,(anonymous_41)
FNDA:0,(anonymous_42)
FNDA:0,(anonymous_43)
FNDA:0,(anonymous_44)
FNDA:0,(anonymous_45)
FNDA:0,(anonymous_46)
FNDA:0,(anonymous_47)
FNDA:0,(anonymous_48)
FNDA:0,(anonymous_49)
FNDA:0,(anonymous_50)
FNDA:0,(anonymous_51)
FNDA:0,(anonymous_52)
FNDA:0,(anonymous_53)
FNDA:0,(anonymous_54)
FNDA:0,(anonymous_55)
FNDA:0,(anonymous_56)
FNDA:0,(anonymous_57)
FNDA:0,(anonymous_58)
FNDA:0,(anonymous_59)
FNDA:0,(anonymous_60)
FNDA:0,(anonymous_61)
FNDA:0,(anonymous_62)
FNDA:0,(anonymous_63)
FNDA:0,(anonymous_64)
FNDA:0,(anonymous_65)
FNDA:0,(anonymous_66)
FNDA:0,(anonymous_67)
FNDA:0,(anonymous_68)
FNDA:0,(anonymous_69)
FNDA:0,(anonymous_70)
FNDA:0,(anonymous_71)
FNDA:0,(anonymous_72)
FNDA:0,(anonymous_73)
FNDA:0,(anonymous_74)
FNDA:0,(anonymous_75)
FNDA:0,(anonymous_76)
FNDA:0,(anonymous_77)
FNDA:0,(anonymous_78)
FNDA:0,(anonymous_79)
FNDA:0,(anonymous_80)
FNDA:0,(anonymous_81)
FNDA:0,(anonymous_82)
FNDA:0,(anonymous_83)
FNDA:0,(anonymous_84)
FNDA:0,(anonymous_85)
FNDA:0,(anonymous_86)
FNDA:0,(anonymous_87)
FNDA:0,(anonymous_88)
FNDA:0,(anonymous_89)
FNDA:0,(anonymous_90)
FNDA:0,(anonymous_91)
FNDA:0,(anonymous_92)
FNDA:0,(anonymous_93)
FNDA:0,(anonymous_94)
FNDA:0,(anonymous_95)
FNDA:0,(anonymous_96)
FNDA:0,(anonymous_97)
FNDA:0,(anonymous_98)
FNDA:0,(anonymous_99)
FNDA:0,(anonymous_100)
FNDA:0,(anonymous_101)
FNDA:0,(anonymous_102)
FNDA:0,(anonymous_103)
FNDA:0,(anonymous_104)
FNDA:0,(anonymous_105)
FNDA:0,(anonymous_106)
FNDA:0,(anonymous_107)
FNDA:0,(anonymous_108)
FNDA:0,(anonymous_109)
FNDA:0,(anonymous_110)
FNDA:0,(anonymous_111)
FNDA:0,(anonymous_112)
FNDA:0,(anonymous_113)
FNDA:0,(anonymous_114)
FNDA:0,(anonymous_115)
FNDA:0,(anonymous_116)
FNDA:0,(anonymous_117)
FNDA:0,(anonymous_118)
FNDA:0,(anonymous_119)
FNDA:0,(anonymous_120)
FNDA:0,(anonymous_121)
FNDA:0,(anonymous_122)
FNDA:0,(anonymous_123)
FNDA:0,(anonymous_124)
FNDA:0,(anonymous_125)
FNDA:0,(anonymous_126)
FNDA:0,(anonymous_127)
FNDA:0,(anonymous_128)
FNDA:0,(anonymous_129)
FNDA:0,(anonymous_130)
FNDA:0,(anonymous_131)
FNDA:0,(anonymous_132)
FNDA:0,(anonymous_133)
FNDA:0,(anonymous_134)
FNDA:0,(anonymous_135)
FNDA:0,(anonymous_136)
FNDA:0,(anonymous_137)
FNDA:0,(anonymous_138)
FNDA:0,(anonymous_139)
FNDA:0,(anonymous_140)
FNDA:0,(anonymous_141)
FNDA:0,(anonymous_142)
FNDA:0,(anonymous_143)
FNDA:0,(anonymous_144)
FNDA:0,(anonymous_145)
FNDA:0,(anonymous_146)
FNDA:0,(anonymous_147)
FNDA:0,(anonymous_148)
FNDA:0,(anonymous_149)
FNDA:0,(anonymous_150)
FNDA:0,(anonymous_151)
FNDA:0,(anonymous_152)
FNDA:0,(anonymous_153)
FNDA:0,(anonymous_154)
FNDA:0,(anonymous_155)
FNDA:0,(anonymous_156)
FNDA:0,(anonymous_157)
FNDA:0,(anonymous_158)
FNDA:0,(anonymous_159)
FNDA:0,(anonymous_160)
FNDA:0,(anonymous_161)
FNDA:0,(anonymous_162)
FNDA:0,(anonymous_163)
FNDA:0,(anonymous_164)
FNDA:0,(anonymous_165)
FNDA:0,(anonymous_166)
FNDA:0,(anonymous_167)
FNDA:0,(anonymous_168)
FNDA:0,(anonymous_169)
FNDA:0,(anonymous_170)
FNDA:0,(anonymous_171)
FNDA:0,(anonymous_172)
FNDA:0,(anonymous_173)
FNDA:0,(anonymous_174)
FNDA:0,(anonymous_175)
FNDA:0,(anonymous_176)
FNDA:0,(anonymous_177)
FNDA:0,(anonymous_178)
FNDA:0,(anonymous_179)
FNDA:0,(anonymous_180)
FNDA:0,(anonymous_181)
FNDA:0,(anonymous_182)
FNDA:0,(anonymous_183)
FNDA:0,(anonymous_184)
FNDA:0,(anonymous_185)
FNDA:0,(anonymous_186)
FNDA:0,(anonymous_187)
FNDA:0,(anonymous_188)
FNDA:0,(anonymous_189)
FNDA:0,(anonymous_190)
FNDA:0,(anonymous_191)
FNDA:0,(anonymous_192)
FNDA:0,(anonymous_193)
FNDA:0,(anonymous_194)
FNDA:0,(anonymous_195)
FNDA:0,(anonymous_196)
FNDA:0,(anonymous_197)
FNDA:0,(anonymous_198)
FNDA:0,(anonymous_199)
FNDA:0,(anonymous_200)
FNDA:0,(anonymous_201)
FNDA:0,(anonymous_202)
FNDA:0,(anonymous_203)
FNDA:0,(anonymous_204)
DA:1,0
DA:2,0
DA:3,0
DA:4,0
DA:9,0
DA:10,0
DA:73,0
DA:81,0
DA:83,0
DA:84,0
DA:85,0
DA:86,0
DA:94,0
DA:95,0
DA:97,0
DA:101,0
DA:110,0
DA:111,0
DA:113,0
DA:114,0
DA:120,0
DA:130,0
DA:140,0
DA:141,0
DA:143,0
DA:144,0
DA:152,0
DA:159,0
DA:166,0
DA:181,0
DA:182,0
DA:183,0
DA:186,0
DA:187,0
DA:188,0
DA:195,0
DA:198,0
DA:200,0
DA:208,0
DA:212,0
DA:213,0
DA:214,0
DA:217,0
DA:218,0
DA:230,0
DA:231,0
DA:234,0
DA:235,0
DA:246,0
DA:247,0
DA:250,0
DA:251,0
DA:263,0
DA:264,0
DA:267,0
DA:271,0
DA:272,0
DA:275,0
DA:276,0
DA:288,0
DA:289,0
DA:292,0
DA:296,0
DA:297,0
DA:300,0
DA:301,0
DA:313,0
DA:314,0
DA:317,0
DA:321,0
DA:325,0
DA:326,0
DA:329,0
DA:330,0
DA:345,0
DA:349,0
DA:350,0
DA:353,0
DA:360,0
DA:364,0
DA:365,0
DA:368,0
DA:375,0
DA:379,0
DA:380,0
DA:383,0
DA:390,0
DA:394,0
DA:395,0
DA:398,0
DA:405,0
DA:409,0
DA:410,0
DA:413,0
DA:420,0
DA:424,0
DA:425,0
DA:428,0
DA:435,0
DA:439,0
DA:440,0
DA:443,0
DA:450,0
DA:451,0
DA:454,0
DA:458,0
DA:459,0
DA:462,0
DA:466,0
DA:467,0
DA:470,0
DA:474,0
DA:475,0
DA:478,0
DA:482,0
DA:483,0
DA:486,0
DA:490,0
DA:491,0
DA:494,0
DA:498,0
DA:499,0
DA:502,0
DA:506,0
DA:507,0
DA:510,0
DA:514,0
DA:515,0
DA:518,0
DA:522,0
DA:523,0
DA:526,0
DA:530,0
DA:531,0
DA:534,0
DA:540,0
DA:541,0
DA:544,0
DA:548,0
DA:549,0
DA:552,0
DA:556,0
DA:557,0
DA:560,0
DA:564,0
DA:565,0
DA:568,0
DA:572,0
DA:573,0
DA:576,0
DA:582,0
DA:583,0
DA:586,0
DA:590,0
DA:591,0
DA:594,0
DA:598,0
DA:599,0
DA:602,0
DA:606,0
DA:607,0
DA:610,0
DA:614,0
DA:615,0
DA:618,0
DA:622,0
DA:623,0
DA:626,0
DA:630,0
DA:631,0
DA:634,0
DA:638,0
DA:639,0
DA:642,0
DA:646,0
DA:647,0
DA:650,0
DA:656,0
DA:657,0
DA:660,0
DA:664,0
DA:665,0
DA:668,0
DA:672,0
DA:673,0
DA:676,0
DA:680,0
DA:681,0
DA:684,0
DA:688,0
DA:689,0
DA:692,0
DA:698,0
DA:699,0
DA:702,0
DA:706,0
DA:707,0
DA:710,0
DA:714,0
DA:715,0
DA:718,0
DA:722,0
DA:723,0
DA:726,0
DA:730,0
DA:731,0
DA:734,0
DA:740,0
DA:741,0
DA:744,0
DA:748,0
DA:749,0
DA:752,0
DA:756,0
DA:757,0
DA:760,0
DA:764,0
DA:765,0
DA:768,0
DA:772,0
DA:773,0
DA:776,0
DA:782,0
DA:783,0
DA:786,0
DA:790,0
DA:791,0
DA:794,0
DA:798,0
DA:799,0
DA:802,0
DA:806,0
DA:807,0
DA:810,0
DA:814,0
DA:815,0
DA:818,0
DA:824,0
DA:825,0
DA:828,0
DA:832,0
DA:833,0
DA:836,0
DA:840,0
DA:841,0
DA:844,0
DA:848,0
DA:849,0
DA:852,0
DA:856,0
DA:857,0
DA:860,0
DA:864,0
DA:865,0
DA:868,0
DA:872,0
DA:873,0
DA:876,0
DA:880,0
DA:881,0
DA:884,0
DA:888,0
DA:889,0
DA:892,0
DA:896,0
DA:897,0
DA:900,0
DA:906,0
DA:907,0
DA:910,0
DA:916,0
DA:917,0
DA:920,0
DA:926,0
DA:927,0
DA:930,0
DA:936,0
DA:937,0
DA:940,0
DA:946,0
DA:947,0
DA:950,0
DA:956,0
DA:957,0
DA:960,0
DA:966,0
DA:967,0
DA:970,0
DA:976,0
DA:977,0
DA:980,0
DA:986,0
DA:987,0
DA:990,0
DA:994,0
DA:995,0
DA:998,0
DA:1002,0
DA:1003,0
DA:1006,0
DA:1010,0
DA:1011,0
DA:1014,0
DA:1018,0
DA:1019,0
DA:1022,0
DA:1028,0
DA:1029,0
DA:1032,0
DA:1036,0
DA:1037,0
DA:1040,0
DA:1044,0
DA:1045,0
DA:1048,0
DA:1052,0
DA:1053,0
DA:1056,0
DA:1060,0
DA:1061,0
DA:1064,0
DA:1070,0
DA:1071,0
DA:1074,0
DA:1078,0
DA:1102,0
DA:1115,0
DA:1116,0
DA:1117,0
DA:1118,0
DA:1123,0
DA:1127,0
DA:1131,0
DA:1132,0
DA:1133,0
DA:1137,0
DA:1138,0
DA:1141,0
DA:1142,0
DA:1146,0
DA:1147,0
DA:1148,0
DA:1157,0
DA:1158,0
DA:1161,0
DA:1162,0
DA:1163,0
DA:1164,0
DA:1167,0
LF:349
LH:0
BRDA:81,0,0,0
BRDA:94,1,0,0
BRDA:95,2,0,0
BRDA:95,2,1,0
BRDA:179,3,0,0
BRDA:182,4,0,0
BRDA:195,5,0,0
BRDA:195,5,1,0
BRDA:538,6,0,0
BRDA:580,7,0,0
BRDA:654,8,0,0
BRDA:696,9,0,0
BRDA:738,10,0,0
BRDA:780,11,0,0
BRDA:822,12,0,0
BRDA:904,13,0,0
BRDA:914,14,0,0
BRDA:924,15,0,0
BRDA:934,16,0,0
BRDA:944,17,0,0
BRDA:954,18,0,0
BRDA:964,19,0,0
BRDA:974,20,0,0
BRDA:984,21,0,0
BRDA:1026,22,0,0
BRDA:1068,23,0,0
BRDA:1081,24,0,0
BRDA:1125,25,0,0
BRDA:1125,25,1,0
BRDA:1134,26,0,0
BRDA:1134,26,1,0
BRDA:1137,27,0,0
BRDA:1141,28,0,0
BRDA:1142,29,0,0
BRDA:1142,29,1,0
BRDA:1149,30,0,0
BRDA:1149,30,1,0
BRDA:1151,31,0,0
BRDA:1151,31,1,0
BRDA:1157,32,0,0
BRDA:1161,33,0,0
BRDA:1161,33,1,0
BRDA:1163,34,0,0
BRDA:1163,35,0,0
BRDA:1163,35,1,0
BRF:45
BRH:0
end_of_record
TN:
SF:src/services/stateset-client.ts
FN:44,(anonymous_1)
FN:77,(anonymous_2)
FN:95,(anonymous_3)
FN:108,(anonymous_4)
FN:116,(anonymous_5)
FN:146,(anonymous_6)
FN:178,(anonymous_7)
FN:186,(anonymous_8)
FN:225,(anonymous_9)
FN:277,(anonymous_10)
FN:286,(anonymous_11)
FN:291,(anonymous_12)
FN:296,(anonymous_13)
FN:310,(anonymous_14)
FN:321,(anonymous_15)
FN:344,(anonymous_16)
FN:364,(anonymous_17)
FN:368,(anonymous_18)
FN:373,(anonymous_19)
FN:375,(anonymous_20)
FN:391,(anonymous_21)
FN:395,(anonymous_22)
FN:421,(anonymous_23)
FN:432,(anonymous_24)
FN:442,(anonymous_25)
FN:452,(anonymous_26)
FN:465,(anonymous_27)
FN:472,(anonymous_28)
FN:482,(anonymous_29)
FN:492,(anonymous_30)
FN:506,(anonymous_31)
FN:515,(anonymous_32)
FN:525,(anonymous_33)
FN:541,(anonymous_34)
FN:552,(anonymous_35)
FN:563,(anonymous_36)
FN:581,(anonymous_37)
FN:587,(anonymous_38)
FN:588,(anonymous_39)
FN:595,(anonymous_40)
FN:599,(anonymous_41)
FN:613,(anonymous_42)
FN:630,(anonymous_43)
FN:641,(anonymous_44)
FN:645,(anonymous_45)
FN:655,(anonymous_46)
FN:670,(anonymous_47)
FN:679,(anonymous_48)
FN:694,(anonymous_49)
FN:708,(anonymous_50)
FN:718,(anonymous_51)
FN:730,(anonymous_52)
FN:739,(anonymous_53)
FN:754,(anonymous_54)
FN:768,(anonymous_55)
FN:778,(anonymous_56)
FN:790,(anonymous_57)
FN:799,(anonymous_58)
FN:814,(anonymous_59)
FN:828,(anonymous_60)
FN:838,(anonymous_61)
FN:850,(anonymous_62)
FN:859,(anonymous_63)
FN:866,(anonymous_64)
FN:870,(anonymous_65)
FN:884,(anonymous_66)
FN:898,(anonymous_67)
FN:908,(anonymous_68)
FN:920,(anonymous_69)
FN:929,(anonymous_70)
FN:944,(anonymous_71)
FN:958,(anonymous_72)
FN:972,(anonymous_73)
FN:984,(anonymous_74)
FN:993,(anonymous_75)
FN:1008,(anonymous_76)
FN:1022,(anonymous_77)
FN:1036,(anonymous_78)
FN:1048,(anonymous_79)
FN:1057,(anonymous_80)
FN:1072,(anonymous_81)
FN:1086,(anonymous_82)
FN:1096,(anonymous_83)
FN:1106,(anonymous_84)
FN:1115,(anonymous_85)
FN:1130,(anonymous_86)
FN:1144,(anonymous_87)
FN:1154,(anonymous_88)
FNF:88
FNH:0
FNDA:0,(anonymous_1)
FNDA:0,(anonymous_2)
FNDA:0,(anonymous_3)
FNDA:0,(anonymous_4)
FNDA:0,(anonymous_5)
FNDA:0,(anonymous_6)
FNDA:0,(anonymous_7)
FNDA:0,(anonymous_8)
FNDA:0,(anonymous_9)
FNDA:0,(anonymous_10)
FNDA:0,(anonymous_11)
FNDA:0,(anonymous_12)
FNDA:0,(anonymous_13)
FNDA:0,(anonymous_14)
FNDA:0,(anonymous_15)
FNDA:0,(anonymous_16)
FNDA:0,(anonymous_17)
FNDA:0,(anonymous_18)
FNDA:0,(anonymous_19)
FNDA:0,(anonymous_20)
FNDA:0,(anonymous_21)
FNDA:0,(anonymous_22)
FNDA:0,(anonymous_23)
FNDA:0,(anonymous_24)
FNDA:0,(anonymous_25)
FNDA:0,(anonymous_26)
FNDA:0,(anonymous_27)
FNDA:0,(anonymous_28)
FNDA:0,(anonymous_29)
FNDA:0,(anonymous_30)
FNDA:0,(anonymous_31)
FNDA:0,(anonymous_32)
FNDA:0,(anonymous_33)
FNDA:0,(anonymous_34)
FNDA:0,(anonymous_35)
FNDA:0,(anonymous_36)
FNDA:0,(anonymous_37)
FNDA:0,(anonymous_38)
FNDA:0,(anonymous_39)
FNDA:0,(anonymous_40)
FNDA:0,(anonymous_41)
FNDA:0,(anonymous_42)
FNDA:0,(anonymous_43)
FNDA:0,(anonymous_44)
FNDA:0,(anonymous_45)
FNDA:0,(anonymous_46)
FNDA:0,(anonymous_47)
FNDA:0,(anonymous_48)
FNDA:0,(anonymous_49)
FNDA:0,(anonymous_50)
FNDA:0,(anonymous_51)
FNDA:0,(anonymous_52)
FNDA:0,(anonymous_53)
FNDA:0,(anonymous_54)
FNDA:0,(anonymous_55)
FNDA:0,(anonymous_56)
FNDA:0,(anonymous_57)
FNDA:0,(anonymous_58)
FNDA:0,(anonymous_59)
FNDA:0,(anonymous_60)
FNDA:0,(anonymous_61)
FNDA:0,(anonymous_62)
FNDA:0,(anonymous_63)
FNDA:0,(anonymous_64)
FNDA:0,(anonymous_65)
FNDA:0,(anonymous_66)
FNDA:0,(anonymous_67)
FNDA:0,(anonymous_68)
FNDA:0,(anonymous_69)
FNDA:0,(anonymous_70)
FNDA:0,(anonymous_71)
FNDA:0,(anonymous_72)
FNDA:0,(anonymous_73)
FNDA:0,(anonymous_74)
FNDA:0,(anonymous_75)
FNDA:0,(anonymous_76)
FNDA:0,(anonymous_77)
FNDA:0,(anonymous_78)
FNDA:0,(anonymous_79)
FNDA:0,(anonymous_80)
FNDA:0,(anonymous_81)
FNDA:0,(anonymous_82)
FNDA:0,(anonymous_83)
FNDA:0,(anonymous_84)
FNDA:0,(anonymous_85)
FNDA:0,(anonymous_86)
FNDA:0,(anonymous_87)
FNDA:0,(anonymous_88)
DA:1,0
DA:2,0
DA:3,0
DA:4,0
DA:5,0
DA:6,0
DA:7,0
DA:10,0
DA:43,0
DA:46,0
DA:47,0
DA:48,0
DA:50,0
DA:51,0
DA:65,0
DA:71,0
DA:74,0
DA:75,0
DA:78,0
DA:79,0
DA:82,0
DA:94,0
DA:96,0
DA:97,0
DA:98,0
DA:100,0
DA:106,0
DA:109,0
DA:110,0
DA:115,0
DA:117,0
DA:118,0
DA:119,0
DA:121,0
DA:128,0
DA:136,0
DA:137,0
DA:144,0
DA:147,0
DA:148,0
DA:149,0
DA:151,0
DA:158,0
DA:165,0
DA:175,0
DA:179,0
DA:180,0
DA:182,0
DA:192,0
DA:193,0
DA:199,0
DA:200,0
DA:201,0
DA:202,0
DA:203,0
DA:218,0
DA:219,0
DA:220,0
DA:221,0
DA:225,0
DA:226,0
DA:228,0
DA:229,0
DA:236,0
DA:239,0
DA:240,0
DA:244,0
DA:245,0
DA:252,0
DA:264,0
DA:267,0
DA:268,0
DA:269,0
DA:277,0
DA:278,0
DA:281,0
DA:286,0
DA:287,0
DA:291,0
DA:292,0
DA:295,0
DA:298,0
DA:299,0
DA:301,0
DA:306,0
DA:307,0
DA:310,0
DA:311,0
DA:315,0
DA:323,0
DA:324,0
DA:328,0
DA:329,0
DA:330,0
DA:334,0
DA:335,0
DA:338,0
DA:346,0
DA:347,0
DA:348,0
DA:349,0
DA:350,0
DA:355,0
DA:356,0
DA:357,0
DA:358,0
DA:360,0
DA:365,0
DA:369,0
DA:370,0
DA:375,0
DA:376,0
DA:379,0
DA:380,0
DA:381,0
DA:382,0
DA:384,0
DA:393,0
DA:395,0
DA:396,0
DA:402,0
DA:408,0
DA:410,0
DA:414,0
DA:415,0
DA:418,0
DA:422,0
DA:423,0
DA:429,0
DA:433,0
DA:439,0
DA:443,0
DA:449,0
DA:453,0
DA:459,0
DA:466,0
DA:473,0
DA:479,0
DA:483,0
DA:489,0
DA:493,0
DA:503,0
DA:507,0
DA:512,0
DA:516,0
DA:522,0
DA:526,0
DA:527,0
DA:538,0
DA:542,0
DA:549,0
DA:553,0
DA:559,0
DA:568,0
DA:569,0
DA:571,0
DA:579,0
DA:580,0
DA:581,0
DA:582,0
DA:587,0
DA:589,0
DA:590,0
DA:594,0
DA:595,0
DA:598,0
DA:599,0
DA:603,0
DA:609,0
DA:614,0
DA:626,0
DA:631,0
DA:642,0
DA:646,0
DA:652,0
DA:656,0
DA:666,0
DA:671,0
DA:676,0
DA:680,0
DA:681,0
DA:691,0
DA:695,0
DA:705,0
DA:709,0
DA:715,0
DA:721,0
DA:726,0
DA:731,0
DA:736,0
DA:740,0
DA:741,0
DA:751,0
DA:755,0
DA:765,0
DA:769,0
DA:775,0
DA:781,0
DA:786,0
DA:791,0
DA:796,0
DA:800,0
DA:801,0
DA:811,0
DA:815,0
DA:825,0
DA:829,0
DA:835,0
DA:841,0
DA:846,0
DA:851,0
DA:856,0
DA:860,0
DA:867,0
DA:871,0
DA:881,0
DA:885,0
DA:895,0
DA:899,0
DA:905,0
DA:911,0
DA:916,0
DA:921,0
DA:926,0
DA:930,0
DA:931,0
DA:941,0
DA:945,0
DA:955,0
DA:959,0
DA:969,0
DA:975,0
DA:980,0
DA:985,0
DA:990,0
DA:994,0
DA:995,0
DA:1005,0
DA:1009,0
DA:1019,0
DA:1023,0
DA:1033,0
DA:1039,0
DA:1044,0
DA:1049,0
DA:1054,0
DA:1058,0
DA:1059,0
DA:1069,0
DA:1073,0
DA:1083,0
DA:1087,0
DA:1093,0
DA:1097,0
DA:1102,0
DA:1107,0
DA:1112,0
DA:1116,0
DA:1117,0
DA:1127,0
DA:1131,0
DA:1141,0
DA:1145,0
DA:1151,0
DA:1155,0
DA:1160,0
DA:1165,0
LF:267
LH:0
BRDA:77,0,0,0
BRDA:101,1,0,0
BRDA:101,1,1,0
BRDA:102,2,0,0
BRDA:102,2,1,0
BRDA:118,3,0,0
BRDA:118,3,1,0
BRDA:122,4,0,0
BRDA:122,4,1,0
BRDA:123,5,0,0
BRDA:123,5,1,0
BRDA:129,6,0,0
BRDA:129,6,1,0
BRDA:130,7,0,0
BRDA:130,7,1,0
BRDA:136,8,0,0
BRDA:136,9,0,0
BRDA:136,9,1,0
BRDA:148,10,0,0
BRDA:148,10,1,0
BRDA:152,11,0,0
BRDA:152,11,1,0
BRDA:153,12,0,0
BRDA:153,12,1,0
BRDA:159,13,0,0
BRDA:159,13,1,0
BRDA:160,14,0,0
BRDA:160,14,1,0
BRDA:161,15,0,0
BRDA:161,15,1,0
BRDA:179,16,0,0
BRDA:182,17,0,0
BRDA:182,17,1,0
BRDA:190,18,0,0
BRDA:199,19,0,0
BRDA:199,20,0,0
BRDA:199,20,1,0
BRDA:201,21,0,0
BRDA:218,22,0,0
BRDA:218,23,0,0
BRDA:218,23,1,0
BRDA:221,24,0,0
BRDA:225,25,0,0
BRDA:233,26,0,0
BRDA:233,26,1,0
BRDA:239,27,0,0
BRDA:239,28,0,0
BRDA:239,28,1,0
BRDA:244,29,0,0
BRDA:244,30,0,0
BRDA:244,30,1,0
BRDA:244,30,2,0
BRDA:257,31,0,0
BRDA:257,31,1,0
BRDA:259,32,0,0
BRDA:259,32,1,0
BRDA:260,33,0,0
BRDA:260,33,1,0
BRDA:267,34,0,0
BRDA:267,35,0,0
BRDA:267,35,1,0
BRDA:274,36,0,0
BRDA:274,36,1,0
BRDA:298,37,0,0
BRDA:299,38,0,0
BRDA:299,38,1,0
BRDA:306,39,0,0
BRDA:323,40,0,0
BRDA:323,41,0,0
BRDA:323,41,1,0
BRDA:328,42,0,0
BRDA:328,42,1,0
BRDA:329,43,0,0
BRDA:329,44,0,0
BRDA:329,44,1,0
BRDA:334,45,0,0
BRDA:334,46,0,0
BRDA:334,46,1,0
BRDA:347,47,0,0
BRDA:349,48,0,0
BRDA:369,49,0,0
BRDA:369,49,1,0
BRDA:415,50,0,0
BRDA:442,51,0,0
BRDA:482,52,0,0
BRDA:552,53,0,0
BRDA:566,54,0,0
BRDA:568,55,0,0
BRDA:568,56,0,0
BRDA:598,57,0,0
BRDA:719,58,0,0
BRDA:779,59,0,0
BRDA:839,60,0,0
BRDA:909,61,0,0
BRDA:973,62,0,0
BRDA:1037,63,0,0
BRDA:1096,64,0,0
BRDA:1154,65,0,0
BRF:98
BRH:0
end_of_record
TN:
SF:src/tools/batch-operations.ts
FN:77,executeBatchOperations
FN:98,(anonymous_1)
FN:108,(anonymous_2)
FN:185,executeOperation
FNF:4
FNH:0
FNDA:0,executeBatchOperations
FNDA:0,(anonymous_1)
FNDA:0,(anonymous_2)
FNDA:0,executeOperation
DA:1,0
DA:3,0
DA:4,0
DA:5,0
DA:24,0
DA:27,0
DA:45,0
DA:77,0
DA:86,0
DA:87,0
DA:88,0
DA:89,0
DA:91,0
DA:93,0
DA:94,0
DA:96,0
DA:97,0
DA:98,0
DA:99,0
DA:100,0
DA:101,0
DA:102,0
DA:103,0
DA:106,0
DA:108,0
DA:113,0
DA:115,0
DA:116,0
DA:117,0
DA:119,0
DA:120,0
DA:125,0
DA:129,0
DA:130,0
DA:131,0
DA:132,0
DA:133,0
DA:135,0
DA:136,0
DA:137,0
DA:139,0
DA:140,0
DA:145,0
DA:154,0
DA:157,0
DA:158,0
DA:159,0
DA:161,0
DA:169,0
DA:176,0
DA:177,0
DA:178,0
DA:186,0
DA:188,0
DA:190,0
DA:192,0
DA:194,0
DA:196,0
DA:198,0
DA:202,0
DA:204,0
DA:207,0
DA:212,0
DA:214,0
DA:218,0
DA:220,0
DA:222,0
DA:224,0
DA:226,0
DA:230,0
DA:232,0
DA:234,0
DA:236,0
DA:238,0
DA:242,0
DA:244,0
DA:246,0
DA:248,0
DA:250,0
DA:254,0
DA:259,0
DA:311,0
DA:366,0
DA:405,0
DA:451,0
LF:85
LH:0
BRDA:80,0,0,0
BRDA:91,1,0,0
BRDA:91,2,0,0
BRDA:91,3,0,0
BRDA:94,4,0,0
BRDA:94,4,1,0
BRDA:115,5,0,0
BRDA:115,5,1,0
BRDA:119,6,0,0
BRDA:135,7,0,0
BRDA:135,7,1,0
BRDA:139,8,0,0
BRDA:188,9,0,0
BRDA:188,9,1,0
BRDA:188,9,2,0
BRDA:188,9,3,0
BRDA:188,9,4,0
BRDA:188,9,5,0
BRDA:190,10,0,0
BRDA:190,10,1,0
BRDA:190,10,2,0
BRDA:190,10,3,0
BRDA:202,11,0,0
BRDA:202,11,1,0
BRDA:202,11,2,0
BRDA:202,11,3,0
BRDA:218,12,0,0
BRDA:218,12,1,0
BRDA:218,12,2,0
BRDA:218,12,3,0
BRDA:230,13,0,0
BRDA:230,13,1,0
BRDA:230,13,2,0
BRDA:230,13,3,0
BRDA:242,14,0,0
BRDA:242,14,1,0
BRDA:242,14,2,0
BRDA:242,14,3,0
BRF:38
BRH:0
end_of_record
TN:
SF:src/tools/definitions.ts
FNF:0
FNH:0
DA:2,0
DA:3,0
DA:4,0
DA:7,0
DA:666,0
DA:747,0
LF:6
LH:0
BRF:0
BRH:0
end_of_record
TN:
SF:src/tools/dispatcher.ts
FN:8,handleToolCall
FNF:1
FNH:0
FNDA:0,handleToolCall
DA:2,0
DA:3,0
DA:4,0
DA:6,0
DA:8,0
DA:12,0
DA:15,0
DA:22,0
DA:23,0
DA:29,0
DA:38,0
DA:39,0
DA:45,0
DA:47,0
DA:48,0
DA:51,0
DA:52,0
DA:54,0
DA:59,0
LF:19
LH:0
BRDA:22,0,0,0
BRDA:22,0,1,0
BRDA:47,1,0,0
BRDA:57,2,0,0
BRDA:57,2,1,0
BRF:5
BRH:0
end_of_record
TN:
SF:src/tools/registry.ts
FN:15,(anonymous_9)
FN:21,(anonymous_10)
FN:28,(anonymous_11)
FN:32,(anonymous_12)
FN:36,(anonymous_13)
FN:41,(anonymous_14)
FN:47,(anonymous_15)
FN:54,(anonymous_16)
FN:61,(anonymous_17)
FN:65,(anonymous_18)
FN:70,(anonymous_19)
FN:74,(anonymous_20)
FN:78,(anonymous_21)
FN:82,(anonymous_22)
FN:86,(anonymous_23)
FN:91,(anonymous_24)
FN:97,(anonymous_25)
FN:104,(anonymous_26)
FN:108,(anonymous_27)
FN:112,(anonymous_28)
FN:117,(anonymous_29)
FN:123,(anonymous_30)
FN:129,(anonymous_31)
FN:135,(anonymous_32)
FN:141,(anonymous_33)
FN:146,(anonymous_34)
FN:150,(anonymous_35)
FN:154,(anonymous_36)
FN:158,(anonymous_37)
FN:162,(anonymous_38)
FN:167,(anonymous_39)
FN:173,(anonymous_40)
FN:179,(anonymous_41)
FN:185,(anonymous_42)
FN:191,(anonymous_43)
FN:196,(anonymous_44)
FN:200,(anonymous_45)
FN:204,(anonymous_46)
FN:208,(anonymous_47)
FN:214,(anonymous_48)
FN:219,(anonymous_49)
FN:223,(anonymous_50)
FN:227,(anonymous_51)
FN:231,(anonymous_52)
FN:235,(anonymous_53)
FN:240,(anonymous_54)
FN:244,(anonymous_55)
FN:248,(anonymous_56)
FN:252,(anonymous_57)
FN:256,(anonymous_58)
FN:261,(anonymous_59)
FN:265,(anonymous_60)
FN:269,(anonymous_61)
FN:273,(anonymous_62)
FN:277,(anonymous_63)
FN:282,(anonymous_64)
FN:286,(anonymous_65)
FN:290,(anonymous_66)
FN:294,(anonymous_67)
FN:298,(anonymous_68)
FN:303,(anonymous_69)
FN:309,(anonymous_70)
FN:315,(anonymous_71)
FN:321,(anonymous_72)
FN:327,(anonymous_73)
FN:332,(anonymous_74)
FN:336,(anonymous_75)
FN:340,(anonymous_76)
FN:344,(anonymous_77)
FN:348,(anonymous_78)
FN:353,(anonymous_79)
FN:357,(anonymous_80)
FN:361,(anonymous_81)
FN:365,(anonymous_82)
FN:369,(anonymous_83)
FN:374,(anonymous_84)
FN:378,(anonymous_85)
FN:382,(anonymous_86)
FN:386,(anonymous_87)
FN:390,(anonymous_88)
FN:395,(anonymous_89)
FN:399,(anonymous_90)
FN:403,(anonymous_91)
FN:407,(anonymous_92)
FN:411,(anonymous_93)
FN:416,(anonymous_94)
FN:420,(anonymous_95)
FN:424,(anonymous_96)
FN:428,(anonymous_97)
FN:432,(anonymous_98)
FN:437,(anonymous_99)
FN:442,(anonymous_100)
FN:467,(anonymous_101)
FN:494,(anonymous_102)
FN:502,(anonymous_103)
FN:509,(anonymous_104)
FN:510,(anonymous_105)
FN:521,(anonymous_106)
FN:523,(anonymous_107)
FN:524,(anonymous_108)
FN:525,(anonymous_109)
FN:526,(anonymous_110)
FN:528,(anonymous_111)
FN:544,(anonymous_112)
FN:560,(anonymous_113)
FN:577,(anonymous_114)
FN:601,(anonymous_115)
FN:636,(anonymous_116)
FN:646,(anonymous_117)
FN:647,(anonymous_118)
FN:648,(anonymous_119)
FN:649,(anonymous_120)
FN:650,(anonymous_121)
FN:651,(anonymous_122)
FN:665,(anonymous_123)
FN:696,(anonymous_124)
FN:726,(anonymous_125)
FN:753,(anonymous_126)
FN:764,(anonymous_127)
FN:765,(anonymous_128)
FN:766,(anonymous_129)
FN:767,(anonymous_130)
FN:768,(anonymous_131)
FN:773,(anonymous_132)
FN:774,(anonymous_133)
FN:795,(anonymous_134)
FN:807,(anonymous_135)
FN:830,(anonymous_136)
FNF:128
FNH:0
FNDA:0,(anonymous_9)
FNDA:0,(anonymous_10)
FNDA:0,(anonymous_11)
FNDA:0,(anonymous_12)
FNDA:0,(anonymous_13)
FNDA:0,(anonymous_14)
FNDA:0,(anonymous_15)
FNDA:0,(anonymous_16)
FNDA:0,(anonymous_17)
FNDA:0,(anonymous_18)
FNDA:0,(anonymous_19)
FNDA:0,(anonymous_20)
FNDA:0,(anonymous_21)
FNDA:0,(anonymous_22)
FNDA:0,(anonymous_23)
FNDA:0,(anonymous_24)
FNDA:0,(anonymous_25)
FNDA:0,(anonymous_26)
FNDA:0,(anonymous_27)
FNDA:0,(anonymous_28)
FNDA:0,(anonymous_29)
FNDA:0,(anonymous_30)
FNDA:0,(anonymous_31)
FNDA:0,(anonymous_32)
FNDA:0,(anonymous_33)
FNDA:0,(anonymous_34)
FNDA:0,(anonymous_35)
FNDA:0,(anonymous_36)
FNDA:0,(anonymous_37)
FNDA:0,(anonymous_38)
FNDA:0,(anonymous_39)
FNDA:0,(anonymous_40)
FNDA:0,(anonymous_41)
FNDA:0,(anonymous_42)
FNDA:0,(anonymous_43)
FNDA:0,(anonymous_44)
FNDA:0,(anonymous_45)
FNDA:0,(anonymous_46)
FNDA:0,(anonymous_47)
FNDA:0,(anonymous_48)
FNDA:0,(anonymous_49)
FNDA:0,(anonymous_50)
FNDA:0,(anonymous_51)
FNDA:0,(anonymous_52)
FNDA:0,(anonymous_53)
FNDA:0,(anonymous_54)
FNDA:0,(anonymous_55)
FNDA:0,(anonymous_56)
FNDA:0,(anonymous_57)
FNDA:0,(anonymous_58)
FNDA:0,(anonymous_59)
FNDA:0,(anonymous_60)
FNDA:0,(anonymous_61)
FNDA:0,(anonymous_62)
FNDA:0,(anonymous_63)
FNDA:0,(anonymous_64)
FNDA:0,(anonymous_65)
FNDA:0,(anonymous_66)
FNDA:0,(anonymous_67)
FNDA:0,(anonymous_68)
FNDA:0,(anonymous_69)
FNDA:0,(anonymous_70)
FNDA:0,(anonymous_71)
FNDA:0,(anonymous_72)
FNDA:0,(anonymous_73)
FNDA:0,(anonymous_74)
FNDA:0,(anonymous_75)
FNDA:0,(anonymous_76)
FNDA:0,(anonymous_77)
FNDA:0,(anonymous_78)
FNDA:0,(anonymous_79)
FNDA:0,(anonymous_80)
FNDA:0,(anonymous_81)
FNDA:0,(anonymous_82)
FNDA:0,(anonymous_83)
FNDA:0,(anonymous_84)
FNDA:0,(anonymous_85)
FNDA:0,(anonymous_86)
FNDA:0,(anonymous_87)
FNDA:0,(anonymous_88)
FNDA:0,(anonymous_89)
FNDA:0,(anonymous_90)
FNDA:0,(anonymous_91)
FNDA:0,(anonymous_92)
FNDA:0,(anonymous_93)
FNDA:0,(anonymous_94)
FNDA:0,(anonymous_95)
FNDA:0,(anonymous_96)
FNDA:0,(anonymous_97)
FNDA:0,(anonymous_98)
FNDA:0,(anonymous_99)
FNDA:0,(anonymous_100)
FNDA:0,(anonymous_101)
FNDA:0,(anonymous_102)
FNDA:0,(anonymous_103)
FNDA:0,(anonymous_104)
FNDA:0,(anonymous_105)
FNDA:0,(anonymous_106)
FNDA:0,(anonymous_107)
FNDA:0,(anonymous_108)
FNDA:0,(anonymous_109)
FNDA:0,(anonymous_110)
FNDA:0,(anonymous_111)
FNDA:0,(anonymous_112)
FNDA:0,(anonymous_113)
FNDA:0,(anonymous_114)
FNDA:0,(anonymous_115)
FNDA:0,(anonymous_116)
FNDA:0,(anonymous_117)
FNDA:0,(anonymous_118)
FNDA:0,(anonymous_119)
FNDA:0,(anonymous_120)
FNDA:0,(anonymous_121)
FNDA:0,(anonymous_122)
FNDA:0,(anonymous_123)
FNDA:0,(anonymous_124)
FNDA:0,(anonymous_125)
FNDA:0,(anonymous_126)
FNDA:0,(anonymous_127)
FNDA:0,(anonymous_128)
FNDA:0,(anonymous_129)
FNDA:0,(anonymous_130)
FNDA:0,(anonymous_131)
FNDA:0,(anonymous_132)
FNDA:0,(anonymous_133)
FNDA:0,(anonymous_134)
FNDA:0,(anonymous_135)
FNDA:0,(anonymous_136)
DA:2,0
DA:3,0
DA:4,0
DA:5,0
DA:6,0
DA:7,0
DA:8,0
DA:12,0
DA:15,0
DA:16,0
DA:17,0
DA:18,0
DA:21,0
DA:22,0
DA:23,0
DA:24,0
DA:25,0
DA:28,0
DA:29,0
DA:32,0
DA:33,0
DA:36,0
DA:37,0
DA:41,0
DA:42,0
DA:43,0
DA:44,0
DA:47,0
DA:48,0
DA:49,0
DA:50,0
DA:51,0
DA:54,0
DA:55,0
DA:56,0
DA:57,0
DA:58,0
DA:61,0
DA:62,0
DA:65,0
DA:66,0
DA:70,0
DA:71,0
DA:74,0
DA:75,0
DA:78,0
DA:79,0
DA:82,0
DA:83,0
DA:86,0
DA:87,0
DA:91,0
DA:92,0
DA:93,0
DA:94,0
DA:97,0
DA:98,0
DA:99,0
DA:100,0
DA:101,0
DA:104,0
DA:105,0
DA:108,0
DA:109,0
DA:112,0
DA:113,0
DA:117,0
DA:118,0
DA:123,0
DA:124,0
DA:129,0
DA:130,0
DA:135,0
DA:136,0
DA:141,0
DA:142,0
DA:146,0
DA:147,0
DA:150,0
DA:151,0
DA:154,0
DA:155,0
DA:158,0
DA:159,0
DA:162,0
DA:163,0
DA:167,0
DA:168,0
DA:173,0
DA:174,0
DA:179,0
DA:180,0
DA:185,0
DA:186,0
DA:191,0
DA:192,0
DA:196,0
DA:197,0
DA:200,0
DA:201,0
DA:204,0
DA:205,0
DA:208,0
DA:209,0
DA:214,0
DA:215,0
DA:219,0
DA:220,0
DA:223,0
DA:224,0
DA:227,0
DA:228,0
DA:231,0
DA:232,0
DA:235,0
DA:236,0
DA:240,0
DA:241,0
DA:244,0
DA:245,0
DA:248,0
DA:249,0
DA:252,0
DA:253,0
DA:256,0
DA:257,0
DA:261,0
DA:262,0
DA:265,0
DA:266,0
DA:269,0
DA:270,0
DA:273,0
DA:274,0
DA:277,0
DA:278,0
DA:282,0
DA:283,0
DA:286,0
DA:287,0
DA:290,0
DA:291,0
DA:294,0
DA:295,0
DA:298,0
DA:299,0
DA:303,0
DA:304,0
DA:309,0
DA:310,0
DA:315,0
DA:316,0
DA:321,0
DA:322,0
DA:327,0
DA:328,0
DA:332,0
DA:333,0
DA:336,0
DA:337,0
DA:340,0
DA:341,0
DA:344,0
DA:345,0
DA:348,0
DA:349,0
DA:353,0
DA:354,0
DA:357,0
DA:358,0
DA:361,0
DA:362,0
DA:365,0
DA:366,0
DA:369,0
DA:370,0
DA:374,0
DA:375,0
DA:378,0
DA:379,0
DA:382,0
DA:383,0
DA:386,0
DA:387,0
DA:390,0
DA:391,0
DA:395,0
DA:396,0
DA:399,0
DA:400,0
DA:403,0
DA:404,0
DA:407,0
DA:408,0
DA:411,0
DA:412,0
DA:416,0
DA:417,0
DA:420,0
DA:421,0
DA:424,0
DA:425,0
DA:428,0
DA:429,0
DA:432,0
DA:433,0
DA:437,0
DA:438,0
DA:442,0
DA:443,0
DA:444,0
DA:447,0
DA:467,0
DA:468,0
DA:469,0
DA:494,0
DA:495,0
DA:496,0
DA:502,0
DA:503,0
DA:504,0
DA:509,0
DA:510,0
DA:515,0
DA:516,0
DA:521,0
DA:523,0
DA:524,0
DA:525,0
DA:526,0
DA:527,0
DA:528,0
DA:529,0
DA:531,0
DA:537,0
DA:538,0
DA:544,0
DA:545,0
DA:546,0
DA:560,0
DA:561,0
DA:562,0
DA:565,0
DA:578,0
DA:581,0
DA:601,0
DA:602,0
DA:603,0
DA:636,0
DA:637,0
DA:645,0
DA:646,0
DA:647,0
DA:648,0
DA:649,0
DA:650,0
DA:651,0
DA:654,0
DA:655,0
DA:656,0
DA:659,0
DA:660,0
DA:665,0
DA:666,0
DA:668,0
DA:669,0
DA:671,0
DA:672,0
DA:674,0
DA:675,0
DA:677,0
DA:678,0
DA:680,0
DA:681,0
DA:683,0
DA:684,0
DA:687,0
DA:688,0
DA:689,0
DA:691,0
DA:696,0
DA:697,0
DA:699,0
DA:700,0
DA:702,0
DA:703,0
DA:705,0
DA:706,0
DA:708,0
DA:709,0
DA:711,0
DA:712,0
DA:714,0
DA:715,0
DA:718,0
DA:719,0
DA:721,0
DA:726,0
DA:727,0
DA:729,0
DA:730,0
DA:732,0
DA:733,0
DA:735,0
DA:736,0
DA:738,0
DA:739,0
DA:741,0
DA:742,0
DA:745,0
DA:746,0
DA:748,0
DA:753,0
DA:754,0
DA:757,0
DA:759,0
DA:760,0
DA:763,0
DA:764,0
DA:765,0
DA:766,0
DA:767,0
DA:768,0
DA:772,0
DA:773,0
DA:775,0
DA:776,0
DA:777,0
DA:778,0
DA:780,0
DA:781,0
DA:783,0
DA:787,0
DA:791,0
DA:794,0
DA:796,0
DA:797,0
DA:802,0
DA:807,0
DA:810,0
DA:830,0
DA:832,0
LF:342
LH:0
BRDA:444,0,0,0
BRDA:444,0,1,0
BRDA:495,1,0,0
BRDA:495,1,1,0
BRDA:524,2,0,0
BRDA:524,2,1,0
BRDA:551,3,0,0
BRDA:551,3,1,0
BRDA:551,4,0,0
BRDA:551,4,1,0
BRDA:561,5,0,0
BRDA:561,5,1,0
BRDA:588,6,0,0
BRDA:588,6,1,0
BRDA:638,7,0,0
BRDA:638,7,1,0
BRDA:639,8,0,0
BRDA:639,8,1,0
BRDA:640,9,0,0
BRDA:640,9,1,0
BRDA:641,10,0,0
BRDA:641,10,1,0
BRDA:655,11,0,0
BRDA:668,12,0,0
BRDA:671,13,0,0
BRDA:674,14,0,0
BRDA:677,15,0,0
BRDA:680,16,0,0
BRDA:683,17,0,0
BRDA:687,18,0,0
BRDA:687,18,1,0
BRDA:687,19,0,0
BRDA:687,19,1,0
BRDA:699,20,0,0
BRDA:702,21,0,0
BRDA:705,22,0,0
BRDA:708,23,0,0
BRDA:711,24,0,0
BRDA:714,25,0,0
BRDA:729,26,0,0
BRDA:732,27,0,0
BRDA:735,28,0,0
BRDA:738,29,0,0
BRDA:741,30,0,0
BRDA:754,31,0,0
BRDA:754,31,1,0
BRDA:756,32,0,0
BRDA:756,32,1,0
BRDA:757,33,0,0
BRDA:757,33,1,0
BRDA:777,34,0,0
BRDA:785,35,0,0
BRDA:785,35,1,0
BRF:53
BRH:0
end_of_record
TN:
SF:src/tools/schemas.ts
FNF:0
FNH:0
DA:1,1
DA:4,1
DA:13,1
DA:19,1
DA:25,1
DA:29,1
DA:34,1
DA:52,1
DA:60,1
DA:64,1
DA:69,1
DA:76,1
DA:84,1
DA:88,1
DA:93,1
DA:99,1
DA:106,1
DA:110,1
DA:115,1
DA:125,1
DA:135,1
DA:139,1
DA:144,1
DA:159,1
DA:165,1
DA:169,1
DA:174,1
DA:182,1
DA:190,1
DA:194,1
DA:199,1
DA:214,1
DA:230,1
DA:234,1
DA:239,1
DA:254,1
DA:270,1
DA:274,1
DA:279,1
DA:293,1
DA:306,1
DA:310,1
DA:315,1
DA:331,1
DA:346,1
DA:350,1
DA:355,1
DA:370,1
DA:378,1
DA:382,1
DA:387,1
DA:402,1
DA:416,1
DA:420,1
DA:425,1
DA:439,1
DA:452,1
DA:456,1
DA:461,1
DA:475,1
DA:488,1
DA:492,1
DA:497,1
DA:513,1
DA:521,1
DA:525,1
DA:530,1
DA:543,1
DA:556,1
DA:560,1
DA:565,1
DA:579,1
DA:594,1
DA:598,1
DA:603,1
DA:608,1
LF:76
LH:76
BRF:0
BRH:0
end_of_record
TN:
SF:src/tools/search-tools.ts
FN:388,buildSearchQuery
FN:399,(anonymous_1)
FN:440,(anonymous_2)
FNF:3
FNH:0
FNDA:0,buildSearchQuery
FNDA:0,(anonymous_1)
FNDA:0,(anonymous_2)
DA:1,0
DA:5,0
DA:23,0
DA:28,0
DA:33,0
DA:39,0
DA:115,0
DA:171,0
DA:217,0
DA:262,0
DA:297,0
DA:328,0
DA:375,0
DA:388,0
DA:389,0
DA:399,0
DA:400,0
DA:402,0
DA:404,0
DA:405,0
DA:407,0
DA:408,0
DA:410,0
DA:411,0
DA:413,0
DA:414,0
DA:416,0
DA:417,0
DA:419,0
DA:420,0
DA:422,0
DA:423,0
DA:425,0
DA:426,0
DA:428,0
DA:429,0
DA:431,0
DA:432,0
DA:434,0
DA:435,0
DA:440,0
DA:441,0
DA:444,0
LF:43
LH:0
BRDA:402,0,0,0
BRDA:402,0,1,0
BRDA:402,0,2,0
BRDA:402,0,3,0
BRDA:402,0,4,0
BRDA:402,0,5,0
BRDA:402,0,6,0
BRDA:402,0,7,0
BRDA:402,0,8,0
BRDA:402,0,9,0
BRDA:402,0,10,0
BRDA:441,1,0,0
BRDA:441,1,1,0
BRF:13
BRH:0
end_of_record
TN:
SF:src/types/index.ts
FNF:0
FNH:0
DA:2,0
DA:3,0
DA:4,0
DA:5,0
LF:4
LH:0
BRF:0
BRH:0
end_of_record
TN:
SF:src/types/resources.ts
FN:6,(anonymous_0)
FNF:1
FNH:0
FNDA:0,(anonymous_0)
DA:6,0
DA:7,0
DA:8,0
DA:9,0
DA:10,0
DA:11,0
DA:12,0
DA:13,0
DA:14,0
DA:15,0
DA:16,0
DA:17,0
DA:18,0
DA:19,0
DA:20,0
DA:21,0
DA:22,0
DA:23,0
DA:24,0
LF:19
LH:0
BRDA:6,0,0,0
BRDA:6,0,1,0
BRF:2
BRH:0
end_of_record
TN:
SF:src/types/tools.ts
FN:6,(anonymous_0)
FNF:1
FNH:0
FNDA:0,(anonymous_0)
DA:6,0
DA:7,0
DA:8,0
DA:9,0
DA:10,0
DA:11,0
DA:12,0
DA:13,0
DA:14,0
DA:15,0
LF:10
LH:0
BRDA:6,0,0,0
BRDA:6,0,1,0
BRF:2
BRH:0
end_of_record
TN:
SF:src/utils/broadcast.ts
FN:4,broadcastResourceUpdate
FNF:1
FNH:0
FNDA:0,broadcastResourceUpdate
DA:1,0
DA:2,0
DA:4,0
DA:11,0
DA:19,0
DA:26,0
LF:6
LH:0
BRF:0
BRH:0
end_of_record
TN:
SF:src/utils/logger.ts
FN:21,(anonymous_1)
FN:22,(anonymous_2)
FN:32,(anonymous_3)
FN:38,(anonymous_4)
FN:75,(anonymous_5)
FN:81,(anonymous_6)
FN:88,(anonymous_7)
FN:92,(anonymous_8)
FN:96,(anonymous_9)
FN:100,(anonymous_10)
FN:104,(anonymous_11)
FN:112,(anonymous_12)
FN:121,(anonymous_13)
FN:137,(anonymous_14)
FN:139,(anonymous_15)
FN:148,(anonymous_16)
FN:158,(anonymous_17)
FN:170,(anonymous_18)
FN:181,(anonymous_19)
FN:191,(anonymous_20)
FN:195,(anonymous_21)
FN:200,(anonymous_22)
FN:204,(anonymous_23)
FN:209,(anonymous_24)
FN:222,createLogger
FN:227,createRequestLogger
FN:232,createOperationLogger
FNF:27
FNH:12
FNDA:21,(anonymous_1)
FNDA:3,(anonymous_2)
FNDA:0,(anonymous_3)
FNDA:0,(anonymous_4)
FNDA:5,(anonymous_5)
FNDA:2,(anonymous_6)
FNDA:0,(anonymous_7)
FNDA:41,(anonymous_8)
FNDA:43,(anonymous_9)
FNDA:14,(anonymous_10)
FNDA:0,(anonymous_11)
FNDA:0,(anonymous_12)
FNDA:0,(anonymous_13)
FNDA:0,(anonymous_14)
FNDA:0,(anonymous_15)
FNDA:0,(anonymous_16)
FNDA:0,(anonymous_17)
FNDA:0,(anonymous_18)
FNDA:0,(anonymous_19)
FNDA:9,(anonymous_20)
FNDA:9,(anonymous_21)
FNDA:7,(anonymous_22)
FNDA:1,(anonymous_23)
FNDA:0,(anonymous_24)
FNDA:2,createLogger
FNDA:0,createRequestLogger
FNDA:0,createOperationLogger
DA:1,3
DA:2,3
DA:5,3
DA:16,3
DA:21,21
DA:22,3
DA:32,0
DA:38,0
DA:46,3
DA:61,3
DA:76,5
DA:77,5
DA:82,2
DA:83,2
DA:84,2
DA:89,0
DA:93,41
DA:97,43
DA:101,14
DA:105,0
DA:106,0
DA:108,0
DA:113,0
DA:114,0
DA:116,0
DA:122,0
DA:138,0
DA:139,0
DA:140,0
DA:141,0
DA:142,0
DA:143,0
DA:149,0
DA:159,0
DA:160,0
DA:171,0
DA:182,0
DA:192,9
DA:196,9
DA:201,7
DA:205,1
DA:210,0
DA:211,0
DA:216,3
DA:219,3
DA:222,3
DA:223,2
DA:227,3
DA:228,0
DA:232,3
DA:233,0
LF:51
LH:26
BRDA:61,0,0,0
BRDA:61,0,1,3
BRDA:75,1,0,3
BRDA:105,2,0,0
BRDA:105,2,1,0
BRDA:113,3,0,0
BRDA:113,3,1,0
BRDA:159,4,0,0
BRDA:159,4,1,0
BRDA:210,5,0,0
BRDA:210,5,1,0
BRF:11
BRH:2
end_of_record
TN:
SF:src/utils/validation.ts
FN:5,sanitizeString
FN:17,sanitizeEmail
FN:30,sanitizeId
FN:49,sanitizeUrl
FN:72,(anonymous_5)
FN:101,validateAndSanitizeInput
FN:113,(anonymous_7)
FN:121,createOptionalField
FN:125,(anonymous_9)
FN:129,validateContentLength
FN:135,validateNoSqlInjection
FN:155,sanitizeToolArguments
FN:175,(anonymous_13)
FNF:13
FNH:7
FNDA:19,sanitizeString
FNDA:4,sanitizeEmail
FNDA:5,sanitizeId
FNDA:4,sanitizeUrl
FNDA:2,(anonymous_5)
FNDA:0,validateAndSanitizeInput
FNDA:0,(anonymous_7)
FNDA:0,createOptionalField
FNDA:0,(anonymous_9)
FNDA:3,validateContentLength
FNDA:5,validateNoSqlInjection
FNDA:0,sanitizeToolArguments
FNDA:0,(anonymous_13)
DA:1,1
DA:2,1
DA:5,1
DA:6,19
DA:7,1
DA:11,18
DA:17,1
DA:18,4
DA:21,4
DA:23,4
DA:24,1
DA:27,3
DA:30,1
DA:31,5
DA:34,5
DA:36,5
DA:37,1
DA:42,4
DA:43,1
DA:46,3
DA:49,1
DA:50,4
DA:52,4
DA:53,4
DA:56,3
DA:57,1
DA:60,2
DA:62,2
DA:69,1
DA:72,2
DA:74,1
DA:76,1
DA:78,1
DA:81,1
DA:87,1
DA:101,1
DA:106,0
DA:107,0
DA:109,0
DA:110,0
DA:111,0
DA:113,0
DA:117,0
DA:121,1
DA:122,0
DA:125,0
DA:129,1
DA:130,3
DA:131,1
DA:135,1
DA:136,5
DA:142,5
DA:143,9
DA:144,4
DA:155,1
DA:159,0
DA:161,0
DA:162,0
DA:164,0
DA:167,0
DA:168,0
DA:172,0
DA:173,0
DA:175,0
DA:176,0
DA:177,0
DA:179,0
DA:180,0
DA:182,0
DA:184,0
DA:186,0
DA:188,0
DA:192,0
LF:73
LH:46
BRDA:6,0,0,1
BRDA:23,1,0,1
BRDA:36,2,0,1
BRDA:42,3,0,1
BRDA:56,4,0,1
BRDA:63,5,0,1
BRDA:63,5,1,1
BRDA:109,6,0,0
BRDA:110,7,0,0
BRDA:110,7,1,0
BRDA:125,8,0,0
BRDA:125,8,1,0
BRDA:129,9,0,1
BRDA:130,10,0,1
BRDA:143,11,0,4
BRDA:162,12,0,0
BRDA:162,12,1,0
BRDA:167,13,0,0
BRDA:167,14,0,0
BRDA:167,14,1,0
BRDA:167,14,2,0
BRDA:173,15,0,0
BRDA:173,15,1,0
BRDA:176,16,0,0
BRDA:176,17,0,0
BRDA:176,17,1,0
BRDA:179,18,0,0
BRDA:184,19,0,0
BRDA:184,19,1,0
BRDA:184,20,0,0
BRDA:184,20,1,0
BRF:31
BRH:10
end_of_record
